2024-09-01 14:19:51.321 [info] Extension host with pid 8030 started
2024-09-01 14:19:51.321 [info] Skipping acquiring lock for /home/logan/.config/Code - OSS/User/workspaceStorage/570292755569311cdede02737c33a6d4.
2024-09-01 14:19:51.629 [info] ExtensionService#_doActivateExtension vscode.emmet, startup: false, activationEvent: 'onLanguage'
2024-09-01 14:19:51.710 [info] ExtensionService#_doActivateExtension vscode.git-base, startup: true, activationEvent: '*', root cause: vscode.git
2024-09-01 14:19:51.847 [info] ExtensionService#_doActivateExtension vscode.git, startup: true, activationEvent: '*'
2024-09-01 14:19:51.942 [info] ExtensionService#_doActivateExtension vscode.github, startup: true, activationEvent: '*'
2024-09-01 14:19:52.138 [info] Eager extensions activated
2024-09-01 14:19:52.302 [info] ExtensionService#_doActivateExtension vscode.debug-auto-launch, startup: false, activationEvent: 'onStartupFinished'
2024-09-01 14:19:52.308 [info] ExtensionService#_doActivateExtension vscode.merge-conflict, startup: false, activationEvent: 'onStartupFinished'
2024-09-01 14:19:52.426 [warning] [Decorations] CAPPING events from decorations provider vscode.git 684
2024-09-01 14:19:52.945 [info] ExtensionService#_doActivateExtension vscode.github-authentication, startup: false, activationEvent: 'onAuthenticationRequest:github'
2024-09-01 14:19:53.119 [warning] [Decorations] CAPPING events from decorations provider vscode.git 685
2024-09-01 14:19:57.383 [warning] [Decorations] CAPPING events from decorations provider vscode.git 687
2024-09-01 14:20:02.441 [warning] [Decorations] CAPPING events from decorations provider vscode.git 687
2024-09-01 14:20:07.508 [warning] [Decorations] CAPPING events from decorations provider vscode.git 612
2024-09-01 14:20:12.556 [warning] [Decorations] CAPPING events from decorations provider vscode.git 612
2024-09-01 14:20:15.549 [info] ExtensionService#_doActivateExtension vscode.configuration-editing, startup: false, activationEvent: 'onLanguage:jsonc'
2024-09-01 14:20:15.563 [info] ExtensionService#_doActivateExtension vscode.json-language-features, startup: false, activationEvent: 'onLanguage:jsonc'
2024-09-01 14:20:15.610 [info] ExtensionService#_doActivateExtension vscode.typescript-language-features, startup: false, activationEvent: 'onLanguage:jsonc'
2024-09-01 14:20:17.612 [warning] [Decorations] CAPPING events from decorations provider vscode.git 614
2024-09-01 14:20:22.674 [warning] [Decorations] CAPPING events from decorations provider vscode.git 614
2024-09-01 14:20:27.752 [warning] [Decorations] CAPPING events from decorations provider vscode.git 612
2024-09-01 14:20:32.851 [warning] [Decorations] CAPPING events from decorations provider vscode.git 612
2024-09-01 14:20:37.946 [warning] [Decorations] CAPPING events from decorations provider vscode.git 613
2024-09-01 14:20:42.994 [warning] [Decorations] CAPPING events from decorations provider vscode.git 613
2024-09-01 14:20:48.038 [warning] [Decorations] CAPPING events from decorations provider vscode.git 613
2024-09-01 14:20:53.093 [warning] [Decorations] CAPPING events from decorations provider vscode.git 613
2024-09-01 14:20:58.175 [warning] [Decorations] CAPPING events from decorations provider vscode.git 613
2024-09-01 14:21:03.225 [warning] [Decorations] CAPPING events from decorations provider vscode.git 613
2024-09-01 14:21:08.285 [warning] [Decorations] CAPPING events from decorations provider vscode.git 613
2024-09-01 14:21:13.333 [warning] [Decorations] CAPPING events from decorations provider vscode.git 613
2024-09-01 14:21:20.424 [warning] [Decorations] CAPPING events from decorations provider vscode.git 613
2024-09-01 14:21:25.510 [warning] [Decorations] CAPPING events from decorations provider vscode.git 613
2024-09-01 14:21:30.564 [warning] [Decorations] CAPPING events from decorations provider vscode.git 613
2024-09-01 14:21:35.635 [warning] [Decorations] CAPPING events from decorations provider vscode.git 613
2024-09-01 14:21:40.705 [warning] [Decorations] CAPPING events from decorations provider vscode.git 613
2024-09-01 14:21:45.849 [warning] [Decorations] CAPPING events from decorations provider vscode.git 613
2024-09-01 14:21:50.992 [warning] [Decorations] CAPPING events from decorations provider vscode.git 613
