2024-08-31 17:44:06.491 [info] Added views:workbench.panel.markers.view in workbench.panel.markers
2024-08-31 17:44:06.491 [info] Added views:workbench.panel.output in workbench.panel.output
2024-08-31 17:44:06.491 [info] Added views:terminal in terminal
2024-08-31 17:44:06.491 [info] Added views:outline in workbench.view.explorer
2024-08-31 17:44:06.491 [info] Added views:workbench.scm in workbench.view.scm
2024-08-31 17:44:06.491 [info] Added views:workbench.view.search in workbench.view.search
2024-08-31 17:44:06.492 [info] Added views:timeline in workbench.view.explorer
2024-08-31 17:44:06.492 [info] Added views:workbench.explorer.emptyView in workbench.view.explorer
2024-08-31 17:44:06.820 [info] Added views:workbench.debug.welcome in workbench.view.debug
2024-08-31 17:44:09.112 [info] Added views:workbench.panel.repl.view in workbench.panel.repl
2024-08-31 17:44:10.053 [info] Added views:~remote.forwardedPorts in ~remote.forwardedPortsContainer
2024-08-31 17:44:21.560 [info] Added views:workbench.panel.markers.view in workbench.panel.markers
2024-08-31 17:44:21.560 [info] Added views:workbench.panel.output in workbench.panel.output
2024-08-31 17:44:21.560 [info] Added views:terminal in terminal
2024-08-31 17:44:21.560 [info] Added views:outline in workbench.view.explorer
2024-08-31 17:44:21.560 [info] Added views:workbench.scm in workbench.view.scm
2024-08-31 17:44:21.560 [info] Added views:workbench.view.search in workbench.view.search
2024-08-31 17:44:21.560 [info] Added views:timeline in workbench.view.explorer
2024-08-31 17:44:21.560 [info] Added views:workbench.explorer.fileView in workbench.view.explorer
2024-08-31 17:44:22.037 [info] Added views:workbench.debug.welcome in workbench.view.debug
2024-08-31 17:44:23.227 [info] Added views:workbench.panel.repl.view in workbench.panel.repl
2024-08-31 17:44:24.272 [info] Added views:~remote.forwardedPorts in ~remote.forwardedPortsContainer
2024-08-31 17:46:09.580 [info] Added views:workbench.panel.markers.view in workbench.panel.markers
2024-08-31 17:46:09.580 [info] Added views:workbench.panel.output in workbench.panel.output
2024-08-31 17:46:09.580 [info] Added views:terminal in terminal
2024-08-31 17:46:09.580 [info] Added views:outline in workbench.view.explorer
2024-08-31 17:46:09.580 [info] Added views:workbench.scm in workbench.view.scm
2024-08-31 17:46:09.580 [info] Added views:workbench.view.search in workbench.view.search
2024-08-31 17:46:09.580 [info] Added views:timeline in workbench.view.explorer
2024-08-31 17:46:09.580 [info] Added views:workbench.explorer.fileView in workbench.view.explorer
2024-08-31 17:46:10.811 [info] Added views:workbench.debug.variablesView,workbench.debug.watchExpressionsView,workbench.debug.callStackView,workbench.debug.breakPointsView in workbench.view.debug
2024-08-31 17:46:10.874 [info] Added views:workbench.panel.repl.view in workbench.panel.repl
2024-08-31 17:46:10.881 [info] Removed views:workbench.debug.breakPointsView,workbench.debug.callStackView,workbench.debug.watchExpressionsView,workbench.debug.variablesView from workbench.view.debug
2024-08-31 17:46:10.881 [info] Added views:workbench.debug.welcome in workbench.view.debug
2024-08-31 17:46:11.562 [info] Added views:~remote.forwardedPorts in ~remote.forwardedPortsContainer
2024-08-31 17:46:56.470 [info] Added views:workbench.panel.markers.view in workbench.panel.markers
2024-08-31 17:46:56.470 [info] Added views:workbench.panel.output in workbench.panel.output
2024-08-31 17:46:56.470 [info] Added views:terminal in terminal
2024-08-31 17:46:56.470 [info] Added views:outline in workbench.view.explorer
2024-08-31 17:46:56.470 [info] Added views:workbench.scm in workbench.view.scm
2024-08-31 17:46:56.470 [info] Added views:workbench.view.search in workbench.view.search
2024-08-31 17:46:56.470 [info] Added views:timeline in workbench.view.explorer
2024-08-31 17:46:56.470 [info] Added views:workbench.explorer.fileView in workbench.view.explorer
2024-08-31 17:46:56.906 [info] Added views:workbench.debug.welcome in workbench.view.debug
2024-08-31 17:46:58.538 [info] Added views:workbench.panel.repl.view in workbench.panel.repl
2024-08-31 17:47:00.590 [info] Added views:~remote.forwardedPorts in ~remote.forwardedPortsContainer
