2024-09-01 13:24:33.620 [info] Extension host with pid 4751 started
2024-09-01 13:24:33.997 [info] ExtensionService#_doActivateExtension vscode.emmet, startup: false, activationEvent: 'onLanguage'
2024-09-01 13:24:34.236 [info] ExtensionService#_doActivateExtension vscode.git-base, startup: true, activationEvent: '*', root cause: vscode.git
2024-09-01 13:24:34.298 [info] ExtensionService#_doActivateExtension vscode.git, startup: true, activationEvent: '*'
2024-09-01 13:24:34.366 [info] ExtensionService#_doActivateExtension vscode.github, startup: true, activationEvent: '*'
2024-09-01 13:24:34.565 [info] Eager extensions activated
2024-09-01 13:24:34.635 [info] ExtensionService#_doActivateExtension vscode.debug-auto-launch, startup: false, activationEvent: 'onStartupFinished'
2024-09-01 13:24:34.640 [info] ExtensionService#_doActivateExtension vscode.merge-conflict, startup: false, activationEvent: 'onStartupFinished'
2024-09-01 14:00:32.973 [info] ExtensionService#_doActivateExtension vscode.configuration-editing, startup: false, activationEvent: 'onLanguage:jsonc'
2024-09-01 14:00:32.985 [info] ExtensionService#_doActivateExtension vscode.json-language-features, startup: false, activationEvent: 'onLanguage:jsonc'
2024-09-01 14:00:33.045 [info] ExtensionService#_doActivateExtension vscode.typescript-language-features, startup: false, activationEvent: 'onLanguage:jsonc'
2024-09-01 14:01:16.599 [info] Extension host terminating: renderer closed the MessagePort
2024-09-01 14:01:16.626 [info] Extension host with pid 4751 exiting with code 0
2024-09-01 14:01:19.483 [info] Extension host with pid 5796 started
2024-09-01 14:01:19.483 [info] Skipping acquiring lock for /home/logan/.config/Code - OSS/User/workspaceStorage/36804772ba894c02bae9352e83a0a8d6.
2024-09-01 14:01:19.688 [info] ExtensionService#_doActivateExtension vscode.git-base, startup: true, activationEvent: '*', root cause: vscode.git
2024-09-01 14:01:19.867 [info] ExtensionService#_doActivateExtension vscode.git, startup: true, activationEvent: '*'
2024-09-01 14:01:19.916 [info] ExtensionService#_doActivateExtension vscode.github, startup: true, activationEvent: '*'
2024-09-01 14:01:20.072 [info] Eager extensions activated
2024-09-01 14:01:20.107 [info] ExtensionService#_doActivateExtension vscode.debug-auto-launch, startup: false, activationEvent: 'onStartupFinished'
2024-09-01 14:01:20.110 [info] ExtensionService#_doActivateExtension vscode.merge-conflict, startup: false, activationEvent: 'onStartupFinished'
2024-09-01 14:01:21.375 [info] ExtensionService#_doActivateExtension vscode.emmet, startup: false, activationEvent: 'onLanguage'
2024-09-01 14:01:27.633 [info] Extension host terminating: renderer closed the MessagePort
2024-09-01 14:01:27.644 [info] Extension host with pid 5796 exiting with code 0
2024-09-01 14:01:30.293 [info] Extension host with pid 5841 started
2024-09-01 14:01:30.293 [info] Skipping acquiring lock for /home/logan/.config/Code - OSS/User/workspaceStorage/570292755569311cdede02737c33a6d4.
2024-09-01 14:01:30.543 [info] ExtensionService#_doActivateExtension vscode.emmet, startup: false, activationEvent: 'onLanguage'
2024-09-01 14:01:30.686 [info] ExtensionService#_doActivateExtension vscode.git-base, startup: true, activationEvent: '*', root cause: vscode.git
2024-09-01 14:01:30.706 [info] ExtensionService#_doActivateExtension vscode.git, startup: true, activationEvent: '*'
2024-09-01 14:01:30.747 [info] ExtensionService#_doActivateExtension vscode.github, startup: true, activationEvent: '*'
2024-09-01 14:01:30.935 [info] Eager extensions activated
2024-09-01 14:01:31.062 [info] ExtensionService#_doActivateExtension vscode.debug-auto-launch, startup: false, activationEvent: 'onStartupFinished'
2024-09-01 14:01:31.067 [info] ExtensionService#_doActivateExtension vscode.merge-conflict, startup: false, activationEvent: 'onStartupFinished'
2024-09-01 14:01:31.277 [warning] [Decorations] CAPPING events from decorations provider vscode.git 640
2024-09-01 14:01:31.869 [warning] [Decorations] CAPPING events from decorations provider vscode.git 640
2024-09-01 14:01:32.282 [info] ExtensionService#_doActivateExtension vscode.github-authentication, startup: false, activationEvent: 'onAuthenticationRequest:github'
2024-09-01 14:01:34.168 [warning] [Decorations] CAPPING events from decorations provider vscode.git 641
2024-09-01 14:01:39.223 [warning] [Decorations] CAPPING events from decorations provider vscode.git 641
2024-09-01 14:01:44.275 [warning] [Decorations] CAPPING events from decorations provider vscode.git 644
2024-09-01 14:01:49.325 [warning] [Decorations] CAPPING events from decorations provider vscode.git 644
2024-09-01 14:01:54.377 [warning] [Decorations] CAPPING events from decorations provider vscode.git 644
2024-09-01 14:01:59.436 [warning] [Decorations] CAPPING events from decorations provider vscode.git 645
2024-09-01 14:02:04.492 [warning] [Decorations] CAPPING events from decorations provider vscode.git 646
2024-09-01 14:02:09.542 [warning] [Decorations] CAPPING events from decorations provider vscode.git 647
2024-09-01 14:02:14.590 [warning] [Decorations] CAPPING events from decorations provider vscode.git 647
2024-09-01 14:02:19.641 [warning] [Decorations] CAPPING events from decorations provider vscode.git 647
2024-09-01 14:03:03.705 [warning] [Decorations] CAPPING events from decorations provider vscode.git 647
2024-09-01 14:03:08.834 [warning] [Decorations] CAPPING events from decorations provider vscode.git 647
2024-09-01 14:03:13.894 [warning] [Decorations] CAPPING events from decorations provider vscode.git 647
2024-09-01 14:03:18.949 [warning] [Decorations] CAPPING events from decorations provider vscode.git 647
2024-09-01 14:03:24.016 [warning] [Decorations] CAPPING events from decorations provider vscode.git 647
2024-09-01 14:04:22.496 [warning] [Decorations] CAPPING events from decorations provider vscode.git 647
2024-09-01 14:04:27.545 [warning] [Decorations] CAPPING events from decorations provider vscode.git 648
2024-09-01 14:04:32.597 [warning] [Decorations] CAPPING events from decorations provider vscode.git 648
2024-09-01 14:04:37.654 [warning] [Decorations] CAPPING events from decorations provider vscode.git 648
2024-09-01 14:04:42.710 [warning] [Decorations] CAPPING events from decorations provider vscode.git 648
2024-09-01 14:04:47.761 [warning] [Decorations] CAPPING events from decorations provider vscode.git 648
2024-09-01 14:04:52.819 [warning] [Decorations] CAPPING events from decorations provider vscode.git 648
2024-09-01 14:04:57.920 [warning] [Decorations] CAPPING events from decorations provider vscode.git 648
2024-09-01 14:05:02.971 [warning] [Decorations] CAPPING events from decorations provider vscode.git 648
2024-09-01 14:05:25.434 [warning] [Decorations] CAPPING events from decorations provider vscode.git 648
2024-09-01 14:05:30.486 [warning] [Decorations] CAPPING events from decorations provider vscode.git 648
2024-09-01 14:05:35.550 [warning] [Decorations] CAPPING events from decorations provider vscode.git 648
2024-09-01 14:05:40.606 [warning] [Decorations] CAPPING events from decorations provider vscode.git 648
2024-09-01 14:05:45.661 [warning] [Decorations] CAPPING events from decorations provider vscode.git 648
2024-09-01 14:05:50.707 [warning] [Decorations] CAPPING events from decorations provider vscode.git 648
2024-09-01 14:05:55.753 [warning] [Decorations] CAPPING events from decorations provider vscode.git 648
2024-09-01 14:06:00.804 [warning] [Decorations] CAPPING events from decorations provider vscode.git 650
2024-09-01 14:06:05.853 [warning] [Decorations] CAPPING events from decorations provider vscode.git 649
2024-09-01 14:06:10.902 [warning] [Decorations] CAPPING events from decorations provider vscode.git 649
2024-09-01 14:06:16.736 [warning] [Decorations] CAPPING events from decorations provider vscode.git 649
2024-09-01 14:06:31.652 [warning] [Decorations] CAPPING events from decorations provider vscode.git 649
2024-09-01 14:06:51.021 [warning] [Decorations] CAPPING events from decorations provider vscode.git 653
2024-09-01 14:06:56.095 [warning] [Decorations] CAPPING events from decorations provider vscode.git 653
2024-09-01 14:07:01.149 [warning] [Decorations] CAPPING events from decorations provider vscode.git 653
2024-09-01 14:07:06.208 [warning] [Decorations] CAPPING events from decorations provider vscode.git 653
2024-09-01 14:07:27.214 [warning] [Decorations] CAPPING events from decorations provider vscode.git 653
2024-09-01 14:07:42.403 [warning] [Decorations] CAPPING events from decorations provider vscode.git 653
2024-09-01 14:07:47.448 [warning] [Decorations] CAPPING events from decorations provider vscode.git 7728
2024-09-01 14:07:48.865 [warning] [Decorations] CAPPING events from decorations provider vscode.git 653
2024-09-01 14:07:49.150 [warning] [Decorations] CAPPING events from decorations provider vscode.git 7728
2024-09-01 14:07:50.199 [error] Error: No such branch: master.
	at N.getBranch (/usr/lib/code/extensions/git/dist/main.js:2:936645)
	at async T.retryRun (/usr/lib/code/extensions/git/dist/main.js:2:1032124)
	at async T.run (/usr/lib/code/extensions/git/dist/main.js:2:1031728)
	at async T.getBranch (/usr/lib/code/extensions/git/dist/main.js:2:1020077)
	at async T.getBranchBase (/usr/lib/code/extensions/git/dist/main.js:2:1020363)
	at async t.GitHistoryProvider.resolveHEADMergeBase (/usr/lib/code/extensions/git/dist/main.js:2:948043)
	at async t.GitHistoryProvider.onDidRunGitStatus (/usr/lib/code/extensions/git/dist/main.js:2:941421)
2024-09-01 14:07:51.182 [error] Error: No such branch: master.
	at N.getBranch (/usr/lib/code/extensions/git/dist/main.js:2:936645)
	at async T.retryRun (/usr/lib/code/extensions/git/dist/main.js:2:1032124)
	at async T.run (/usr/lib/code/extensions/git/dist/main.js:2:1031728)
	at async T.getBranch (/usr/lib/code/extensions/git/dist/main.js:2:1020077)
	at async T.getBranchBase (/usr/lib/code/extensions/git/dist/main.js:2:1020363)
	at async t.GitHistoryProvider.resolveHEADMergeBase (/usr/lib/code/extensions/git/dist/main.js:2:948043)
	at async t.GitHistoryProvider.onDidRunGitStatus (/usr/lib/code/extensions/git/dist/main.js:2:941421)
2024-09-01 14:08:05.477 [warning] [Decorations] CAPPING events from decorations provider vscode.git 653
2024-09-01 14:08:05.812 [warning] [Decorations] CAPPING events from decorations provider vscode.git 7729
2024-09-01 14:08:07.142 [error] Error: No such branch: master.
	at N.getBranch (/usr/lib/code/extensions/git/dist/main.js:2:936645)
	at async T.retryRun (/usr/lib/code/extensions/git/dist/main.js:2:1032124)
	at async T.run (/usr/lib/code/extensions/git/dist/main.js:2:1031728)
	at async T.getBranch (/usr/lib/code/extensions/git/dist/main.js:2:1020077)
	at async T.getBranchBase (/usr/lib/code/extensions/git/dist/main.js:2:1020363)
	at async t.GitHistoryProvider.resolveHEADMergeBase (/usr/lib/code/extensions/git/dist/main.js:2:948043)
	at async t.GitHistoryProvider.onDidRunGitStatus (/usr/lib/code/extensions/git/dist/main.js:2:941421)
2024-09-01 14:08:10.551 [warning] [Decorations] CAPPING events from decorations provider vscode.git 653
2024-09-01 14:08:10.931 [warning] [Decorations] CAPPING events from decorations provider vscode.git 7728
2024-09-01 14:08:11.939 [error] Error: No such branch: master.
	at N.getBranch (/usr/lib/code/extensions/git/dist/main.js:2:936645)
	at async T.retryRun (/usr/lib/code/extensions/git/dist/main.js:2:1032124)
	at async T.run (/usr/lib/code/extensions/git/dist/main.js:2:1031728)
	at async T.getBranch (/usr/lib/code/extensions/git/dist/main.js:2:1020077)
	at async T.getBranchBase (/usr/lib/code/extensions/git/dist/main.js:2:1020363)
	at async t.GitHistoryProvider.resolveHEADMergeBase (/usr/lib/code/extensions/git/dist/main.js:2:948043)
	at async t.GitHistoryProvider.onDidRunGitStatus (/usr/lib/code/extensions/git/dist/main.js:2:941421)
2024-09-01 14:08:15.605 [warning] [Decorations] CAPPING events from decorations provider vscode.git 653
2024-09-01 14:08:16.049 [warning] [Decorations] CAPPING events from decorations provider vscode.git 7728
2024-09-01 14:08:17.055 [error] Error: No such branch: master.
	at N.getBranch (/usr/lib/code/extensions/git/dist/main.js:2:936645)
	at async T.retryRun (/usr/lib/code/extensions/git/dist/main.js:2:1032124)
	at async T.run (/usr/lib/code/extensions/git/dist/main.js:2:1031728)
	at async T.getBranch (/usr/lib/code/extensions/git/dist/main.js:2:1020077)
	at async T.getBranchBase (/usr/lib/code/extensions/git/dist/main.js:2:1020363)
	at async t.GitHistoryProvider.resolveHEADMergeBase (/usr/lib/code/extensions/git/dist/main.js:2:948043)
	at async t.GitHistoryProvider.onDidRunGitStatus (/usr/lib/code/extensions/git/dist/main.js:2:941421)
2024-09-01 14:08:20.654 [warning] [Decorations] CAPPING events from decorations provider vscode.git 653
2024-09-01 14:08:28.282 [warning] [Decorations] CAPPING events from decorations provider vscode.git 653
2024-09-01 14:08:28.401 [warning] [Decorations] CAPPING events from decorations provider vscode.git 7728
2024-09-01 14:08:29.475 [error] Error: No such branch: master.
	at N.getBranch (/usr/lib/code/extensions/git/dist/main.js:2:936645)
	at async T.retryRun (/usr/lib/code/extensions/git/dist/main.js:2:1032124)
	at async T.run (/usr/lib/code/extensions/git/dist/main.js:2:1031728)
	at async T.getBranch (/usr/lib/code/extensions/git/dist/main.js:2:1020077)
	at async T.getBranchBase (/usr/lib/code/extensions/git/dist/main.js:2:1020363)
	at async t.GitHistoryProvider.resolveHEADMergeBase (/usr/lib/code/extensions/git/dist/main.js:2:948043)
	at async t.GitHistoryProvider.onDidRunGitStatus (/usr/lib/code/extensions/git/dist/main.js:2:941421)
2024-09-01 14:08:49.516 [warning] [Decorations] CAPPING events from decorations provider vscode.git 653
2024-09-01 14:08:49.636 [warning] [Decorations] CAPPING events from decorations provider vscode.git 7728
2024-09-01 14:08:50.715 [error] Error: No such branch: master.
	at N.getBranch (/usr/lib/code/extensions/git/dist/main.js:2:936645)
	at async T.retryRun (/usr/lib/code/extensions/git/dist/main.js:2:1032124)
	at async T.run (/usr/lib/code/extensions/git/dist/main.js:2:1031728)
	at async T.getBranch (/usr/lib/code/extensions/git/dist/main.js:2:1020077)
	at async T.getBranchBase (/usr/lib/code/extensions/git/dist/main.js:2:1020363)
	at async t.GitHistoryProvider.resolveHEADMergeBase (/usr/lib/code/extensions/git/dist/main.js:2:948043)
	at async t.GitHistoryProvider.onDidRunGitStatus (/usr/lib/code/extensions/git/dist/main.js:2:941421)
2024-09-01 14:08:54.572 [warning] [Decorations] CAPPING events from decorations provider vscode.git 654
2024-09-01 14:08:54.990 [warning] [Decorations] CAPPING events from decorations provider vscode.git 7728
2024-09-01 14:08:55.998 [error] Error: No such branch: master.
	at N.getBranch (/usr/lib/code/extensions/git/dist/main.js:2:936645)
	at async T.retryRun (/usr/lib/code/extensions/git/dist/main.js:2:1032124)
	at async T.run (/usr/lib/code/extensions/git/dist/main.js:2:1031728)
	at async T.getBranch (/usr/lib/code/extensions/git/dist/main.js:2:1020077)
	at async T.getBranchBase (/usr/lib/code/extensions/git/dist/main.js:2:1020363)
	at async t.GitHistoryProvider.resolveHEADMergeBase (/usr/lib/code/extensions/git/dist/main.js:2:948043)
	at async t.GitHistoryProvider.onDidRunGitStatus (/usr/lib/code/extensions/git/dist/main.js:2:941421)
2024-09-01 14:08:59.628 [warning] [Decorations] CAPPING events from decorations provider vscode.git 654
2024-09-01 14:09:00.118 [warning] [Decorations] CAPPING events from decorations provider vscode.git 7728
2024-09-01 14:09:01.127 [error] Error: No such branch: master.
	at N.getBranch (/usr/lib/code/extensions/git/dist/main.js:2:936645)
	at async T.retryRun (/usr/lib/code/extensions/git/dist/main.js:2:1032124)
	at async T.run (/usr/lib/code/extensions/git/dist/main.js:2:1031728)
	at async T.getBranch (/usr/lib/code/extensions/git/dist/main.js:2:1020077)
	at async T.getBranchBase (/usr/lib/code/extensions/git/dist/main.js:2:1020363)
	at async t.GitHistoryProvider.resolveHEADMergeBase (/usr/lib/code/extensions/git/dist/main.js:2:948043)
	at async t.GitHistoryProvider.onDidRunGitStatus (/usr/lib/code/extensions/git/dist/main.js:2:941421)
2024-09-01 14:09:04.682 [warning] [Decorations] CAPPING events from decorations provider vscode.git 654
2024-09-01 14:09:05.232 [warning] [Decorations] CAPPING events from decorations provider vscode.git 7728
2024-09-01 14:09:06.244 [error] Error: No such branch: master.
	at N.getBranch (/usr/lib/code/extensions/git/dist/main.js:2:936645)
	at async T.retryRun (/usr/lib/code/extensions/git/dist/main.js:2:1032124)
	at async T.run (/usr/lib/code/extensions/git/dist/main.js:2:1031728)
	at async T.getBranch (/usr/lib/code/extensions/git/dist/main.js:2:1020077)
	at async T.getBranchBase (/usr/lib/code/extensions/git/dist/main.js:2:1020363)
	at async t.GitHistoryProvider.resolveHEADMergeBase (/usr/lib/code/extensions/git/dist/main.js:2:948043)
	at async t.GitHistoryProvider.onDidRunGitStatus (/usr/lib/code/extensions/git/dist/main.js:2:941421)
2024-09-01 14:09:09.730 [warning] [Decorations] CAPPING events from decorations provider vscode.git 654
2024-09-01 14:09:10.359 [warning] [Decorations] CAPPING events from decorations provider vscode.git 7728
2024-09-01 14:09:11.374 [error] Error: No such branch: master.
	at N.getBranch (/usr/lib/code/extensions/git/dist/main.js:2:936645)
	at async T.retryRun (/usr/lib/code/extensions/git/dist/main.js:2:1032124)
	at async T.run (/usr/lib/code/extensions/git/dist/main.js:2:1031728)
	at async T.getBranch (/usr/lib/code/extensions/git/dist/main.js:2:1020077)
	at async T.getBranchBase (/usr/lib/code/extensions/git/dist/main.js:2:1020363)
	at async t.GitHistoryProvider.resolveHEADMergeBase (/usr/lib/code/extensions/git/dist/main.js:2:948043)
	at async t.GitHistoryProvider.onDidRunGitStatus (/usr/lib/code/extensions/git/dist/main.js:2:941421)
2024-09-01 14:09:14.776 [warning] [Decorations] CAPPING events from decorations provider vscode.git 654
2024-09-01 14:09:15.507 [warning] [Decorations] CAPPING events from decorations provider vscode.git 7728
2024-09-01 14:09:16.521 [error] Error: No such branch: master.
	at N.getBranch (/usr/lib/code/extensions/git/dist/main.js:2:936645)
	at async T.retryRun (/usr/lib/code/extensions/git/dist/main.js:2:1032124)
	at async T.run (/usr/lib/code/extensions/git/dist/main.js:2:1031728)
	at async T.getBranch (/usr/lib/code/extensions/git/dist/main.js:2:1020077)
	at async T.getBranchBase (/usr/lib/code/extensions/git/dist/main.js:2:1020363)
	at async t.GitHistoryProvider.resolveHEADMergeBase (/usr/lib/code/extensions/git/dist/main.js:2:948043)
	at async t.GitHistoryProvider.onDidRunGitStatus (/usr/lib/code/extensions/git/dist/main.js:2:941421)
2024-09-01 14:09:19.823 [warning] [Decorations] CAPPING events from decorations provider vscode.git 654
2024-09-01 14:09:20.649 [warning] [Decorations] CAPPING events from decorations provider vscode.git 7728
2024-09-01 14:09:21.660 [error] Error: No such branch: master.
	at N.getBranch (/usr/lib/code/extensions/git/dist/main.js:2:936645)
	at async T.retryRun (/usr/lib/code/extensions/git/dist/main.js:2:1032124)
	at async T.run (/usr/lib/code/extensions/git/dist/main.js:2:1031728)
	at async T.getBranch (/usr/lib/code/extensions/git/dist/main.js:2:1020077)
	at async T.getBranchBase (/usr/lib/code/extensions/git/dist/main.js:2:1020363)
	at async t.GitHistoryProvider.resolveHEADMergeBase (/usr/lib/code/extensions/git/dist/main.js:2:948043)
	at async t.GitHistoryProvider.onDidRunGitStatus (/usr/lib/code/extensions/git/dist/main.js:2:941421)
2024-09-01 14:09:24.869 [warning] [Decorations] CAPPING events from decorations provider vscode.git 654
2024-09-01 14:09:25.772 [warning] [Decorations] CAPPING events from decorations provider vscode.git 7728
2024-09-01 14:09:26.785 [error] Error: No such branch: master.
	at N.getBranch (/usr/lib/code/extensions/git/dist/main.js:2:936645)
	at async T.retryRun (/usr/lib/code/extensions/git/dist/main.js:2:1032124)
	at async T.run (/usr/lib/code/extensions/git/dist/main.js:2:1031728)
	at async T.getBranch (/usr/lib/code/extensions/git/dist/main.js:2:1020077)
	at async T.getBranchBase (/usr/lib/code/extensions/git/dist/main.js:2:1020363)
	at async t.GitHistoryProvider.resolveHEADMergeBase (/usr/lib/code/extensions/git/dist/main.js:2:948043)
	at async t.GitHistoryProvider.onDidRunGitStatus (/usr/lib/code/extensions/git/dist/main.js:2:941421)
2024-09-01 14:09:29.917 [warning] [Decorations] CAPPING events from decorations provider vscode.git 654
2024-09-01 14:09:30.897 [warning] [Decorations] CAPPING events from decorations provider vscode.git 7728
2024-09-01 14:09:31.909 [error] Error: No such branch: master.
	at N.getBranch (/usr/lib/code/extensions/git/dist/main.js:2:936645)
	at async T.retryRun (/usr/lib/code/extensions/git/dist/main.js:2:1032124)
	at async T.run (/usr/lib/code/extensions/git/dist/main.js:2:1031728)
	at async T.getBranch (/usr/lib/code/extensions/git/dist/main.js:2:1020077)
	at async T.getBranchBase (/usr/lib/code/extensions/git/dist/main.js:2:1020363)
	at async t.GitHistoryProvider.resolveHEADMergeBase (/usr/lib/code/extensions/git/dist/main.js:2:948043)
	at async t.GitHistoryProvider.onDidRunGitStatus (/usr/lib/code/extensions/git/dist/main.js:2:941421)
2024-09-01 14:09:34.964 [warning] [Decorations] CAPPING events from decorations provider vscode.git 654
2024-09-01 14:09:36.011 [warning] [Decorations] CAPPING events from decorations provider vscode.git 7728
2024-09-01 14:09:37.022 [error] Error: No such branch: master.
	at N.getBranch (/usr/lib/code/extensions/git/dist/main.js:2:936645)
	at async T.retryRun (/usr/lib/code/extensions/git/dist/main.js:2:1032124)
	at async T.run (/usr/lib/code/extensions/git/dist/main.js:2:1031728)
	at async T.getBranch (/usr/lib/code/extensions/git/dist/main.js:2:1020077)
	at async T.getBranchBase (/usr/lib/code/extensions/git/dist/main.js:2:1020363)
	at async t.GitHistoryProvider.resolveHEADMergeBase (/usr/lib/code/extensions/git/dist/main.js:2:948043)
	at async t.GitHistoryProvider.onDidRunGitStatus (/usr/lib/code/extensions/git/dist/main.js:2:941421)
2024-09-01 14:09:40.020 [warning] [Decorations] CAPPING events from decorations provider vscode.git 654
2024-09-01 14:09:41.125 [warning] [Decorations] CAPPING events from decorations provider vscode.git 7728
2024-09-01 14:09:42.142 [error] Error: No such branch: master.
	at N.getBranch (/usr/lib/code/extensions/git/dist/main.js:2:936645)
	at async T.retryRun (/usr/lib/code/extensions/git/dist/main.js:2:1032124)
	at async T.run (/usr/lib/code/extensions/git/dist/main.js:2:1031728)
	at async T.getBranch (/usr/lib/code/extensions/git/dist/main.js:2:1020077)
	at async T.getBranchBase (/usr/lib/code/extensions/git/dist/main.js:2:1020363)
	at async t.GitHistoryProvider.resolveHEADMergeBase (/usr/lib/code/extensions/git/dist/main.js:2:948043)
	at async t.GitHistoryProvider.onDidRunGitStatus (/usr/lib/code/extensions/git/dist/main.js:2:941421)
2024-09-01 14:09:45.080 [warning] [Decorations] CAPPING events from decorations provider vscode.git 654
2024-09-01 14:09:46.359 [warning] [Decorations] CAPPING events from decorations provider vscode.git 7728
2024-09-01 14:09:47.382 [error] Error: No such branch: master.
	at N.getBranch (/usr/lib/code/extensions/git/dist/main.js:2:936645)
	at async T.retryRun (/usr/lib/code/extensions/git/dist/main.js:2:1032124)
	at async T.run (/usr/lib/code/extensions/git/dist/main.js:2:1031728)
	at async T.getBranch (/usr/lib/code/extensions/git/dist/main.js:2:1020077)
	at async T.getBranchBase (/usr/lib/code/extensions/git/dist/main.js:2:1020363)
	at async t.GitHistoryProvider.resolveHEADMergeBase (/usr/lib/code/extensions/git/dist/main.js:2:948043)
	at async t.GitHistoryProvider.onDidRunGitStatus (/usr/lib/code/extensions/git/dist/main.js:2:941421)
2024-09-01 14:09:50.162 [warning] [Decorations] CAPPING events from decorations provider vscode.git 654
2024-09-01 14:09:51.485 [warning] [Decorations] CAPPING events from decorations provider vscode.git 7728
2024-09-01 14:09:52.497 [error] Error: No such branch: master.
	at N.getBranch (/usr/lib/code/extensions/git/dist/main.js:2:936645)
	at async T.retryRun (/usr/lib/code/extensions/git/dist/main.js:2:1032124)
	at async T.run (/usr/lib/code/extensions/git/dist/main.js:2:1031728)
	at async T.getBranch (/usr/lib/code/extensions/git/dist/main.js:2:1020077)
	at async T.getBranchBase (/usr/lib/code/extensions/git/dist/main.js:2:1020363)
	at async t.GitHistoryProvider.resolveHEADMergeBase (/usr/lib/code/extensions/git/dist/main.js:2:948043)
	at async t.GitHistoryProvider.onDidRunGitStatus (/usr/lib/code/extensions/git/dist/main.js:2:941421)
2024-09-01 14:09:55.228 [warning] [Decorations] CAPPING events from decorations provider vscode.git 654
2024-09-01 14:09:56.599 [warning] [Decorations] CAPPING events from decorations provider vscode.git 7728
2024-09-01 14:09:57.615 [error] Error: No such branch: master.
	at N.getBranch (/usr/lib/code/extensions/git/dist/main.js:2:936645)
	at async T.retryRun (/usr/lib/code/extensions/git/dist/main.js:2:1032124)
	at async T.run (/usr/lib/code/extensions/git/dist/main.js:2:1031728)
	at async T.getBranch (/usr/lib/code/extensions/git/dist/main.js:2:1020077)
	at async T.getBranchBase (/usr/lib/code/extensions/git/dist/main.js:2:1020363)
	at async t.GitHistoryProvider.resolveHEADMergeBase (/usr/lib/code/extensions/git/dist/main.js:2:948043)
	at async t.GitHistoryProvider.onDidRunGitStatus (/usr/lib/code/extensions/git/dist/main.js:2:941421)
2024-09-01 14:10:00.292 [warning] [Decorations] CAPPING events from decorations provider vscode.git 654
2024-09-01 14:10:01.731 [warning] [Decorations] CAPPING events from decorations provider vscode.git 7728
2024-09-01 14:10:02.747 [error] Error: No such branch: master.
	at N.getBranch (/usr/lib/code/extensions/git/dist/main.js:2:936645)
	at async T.retryRun (/usr/lib/code/extensions/git/dist/main.js:2:1032124)
	at async T.run (/usr/lib/code/extensions/git/dist/main.js:2:1031728)
	at async T.getBranch (/usr/lib/code/extensions/git/dist/main.js:2:1020077)
	at async T.getBranchBase (/usr/lib/code/extensions/git/dist/main.js:2:1020363)
	at async t.GitHistoryProvider.resolveHEADMergeBase (/usr/lib/code/extensions/git/dist/main.js:2:948043)
	at async t.GitHistoryProvider.onDidRunGitStatus (/usr/lib/code/extensions/git/dist/main.js:2:941421)
2024-09-01 14:10:05.344 [warning] [Decorations] CAPPING events from decorations provider vscode.git 654
2024-09-01 14:10:06.861 [warning] [Decorations] CAPPING events from decorations provider vscode.git 7728
2024-09-01 14:10:07.876 [error] Error: No such branch: master.
	at N.getBranch (/usr/lib/code/extensions/git/dist/main.js:2:936645)
	at async T.retryRun (/usr/lib/code/extensions/git/dist/main.js:2:1032124)
	at async T.run (/usr/lib/code/extensions/git/dist/main.js:2:1031728)
	at async T.getBranch (/usr/lib/code/extensions/git/dist/main.js:2:1020077)
	at async T.getBranchBase (/usr/lib/code/extensions/git/dist/main.js:2:1020363)
	at async t.GitHistoryProvider.resolveHEADMergeBase (/usr/lib/code/extensions/git/dist/main.js:2:948043)
	at async t.GitHistoryProvider.onDidRunGitStatus (/usr/lib/code/extensions/git/dist/main.js:2:941421)
2024-09-01 14:10:10.392 [warning] [Decorations] CAPPING events from decorations provider vscode.git 654
2024-09-01 14:10:11.979 [warning] [Decorations] CAPPING events from decorations provider vscode.git 7728
2024-09-01 14:10:12.989 [error] Error: No such branch: master.
	at N.getBranch (/usr/lib/code/extensions/git/dist/main.js:2:936645)
	at async T.retryRun (/usr/lib/code/extensions/git/dist/main.js:2:1032124)
	at async T.run (/usr/lib/code/extensions/git/dist/main.js:2:1031728)
	at async T.getBranch (/usr/lib/code/extensions/git/dist/main.js:2:1020077)
	at async T.getBranchBase (/usr/lib/code/extensions/git/dist/main.js:2:1020363)
	at async t.GitHistoryProvider.resolveHEADMergeBase (/usr/lib/code/extensions/git/dist/main.js:2:948043)
	at async t.GitHistoryProvider.onDidRunGitStatus (/usr/lib/code/extensions/git/dist/main.js:2:941421)
2024-09-01 14:10:15.441 [warning] [Decorations] CAPPING events from decorations provider vscode.git 654
2024-09-01 14:10:17.106 [warning] [Decorations] CAPPING events from decorations provider vscode.git 7728
2024-09-01 14:10:18.118 [error] Error: No such branch: master.
	at N.getBranch (/usr/lib/code/extensions/git/dist/main.js:2:936645)
	at async T.retryRun (/usr/lib/code/extensions/git/dist/main.js:2:1032124)
	at async T.run (/usr/lib/code/extensions/git/dist/main.js:2:1031728)
	at async T.getBranch (/usr/lib/code/extensions/git/dist/main.js:2:1020077)
	at async T.getBranchBase (/usr/lib/code/extensions/git/dist/main.js:2:1020363)
	at async t.GitHistoryProvider.resolveHEADMergeBase (/usr/lib/code/extensions/git/dist/main.js:2:948043)
	at async t.GitHistoryProvider.onDidRunGitStatus (/usr/lib/code/extensions/git/dist/main.js:2:941421)
2024-09-01 14:10:20.495 [warning] [Decorations] CAPPING events from decorations provider vscode.git 655
2024-09-01 14:10:23.152 [warning] [Decorations] CAPPING events from decorations provider vscode.git 7728
2024-09-01 14:10:24.172 [error] Error: No such branch: master.
	at N.getBranch (/usr/lib/code/extensions/git/dist/main.js:2:936645)
	at async T.retryRun (/usr/lib/code/extensions/git/dist/main.js:2:1032124)
	at async T.run (/usr/lib/code/extensions/git/dist/main.js:2:1031728)
	at async T.getBranch (/usr/lib/code/extensions/git/dist/main.js:2:1020077)
	at async T.getBranchBase (/usr/lib/code/extensions/git/dist/main.js:2:1020363)
	at async t.GitHistoryProvider.resolveHEADMergeBase (/usr/lib/code/extensions/git/dist/main.js:2:948043)
	at async t.GitHistoryProvider.onDidRunGitStatus (/usr/lib/code/extensions/git/dist/main.js:2:941421)
2024-09-01 14:10:35.772 [warning] [Decorations] CAPPING events from decorations provider vscode.git 654
2024-09-01 14:10:35.890 [warning] [Decorations] CAPPING events from decorations provider vscode.git 7728
2024-09-01 14:10:36.966 [error] Error: No such branch: master.
	at N.getBranch (/usr/lib/code/extensions/git/dist/main.js:2:936645)
	at async T.retryRun (/usr/lib/code/extensions/git/dist/main.js:2:1032124)
	at async T.run (/usr/lib/code/extensions/git/dist/main.js:2:1031728)
	at async T.getBranch (/usr/lib/code/extensions/git/dist/main.js:2:1020077)
	at async T.getBranchBase (/usr/lib/code/extensions/git/dist/main.js:2:1020363)
	at async t.GitHistoryProvider.resolveHEADMergeBase (/usr/lib/code/extensions/git/dist/main.js:2:948043)
	at async t.GitHistoryProvider.onDidRunGitStatus (/usr/lib/code/extensions/git/dist/main.js:2:941421)
2024-09-01 14:10:40.822 [warning] [Decorations] CAPPING events from decorations provider vscode.git 654
2024-09-01 14:10:41.076 [warning] [Decorations] CAPPING events from decorations provider vscode.git 7728
2024-09-01 14:10:42.087 [error] Error: No such branch: master.
	at N.getBranch (/usr/lib/code/extensions/git/dist/main.js:2:936645)
	at async T.retryRun (/usr/lib/code/extensions/git/dist/main.js:2:1032124)
	at async T.run (/usr/lib/code/extensions/git/dist/main.js:2:1031728)
	at async T.getBranch (/usr/lib/code/extensions/git/dist/main.js:2:1020077)
	at async T.getBranchBase (/usr/lib/code/extensions/git/dist/main.js:2:1020363)
	at async t.GitHistoryProvider.resolveHEADMergeBase (/usr/lib/code/extensions/git/dist/main.js:2:948043)
	at async t.GitHistoryProvider.onDidRunGitStatus (/usr/lib/code/extensions/git/dist/main.js:2:941421)
2024-09-01 14:10:45.898 [warning] [Decorations] CAPPING events from decorations provider vscode.git 655
2024-09-01 14:10:46.236 [warning] [Decorations] CAPPING events from decorations provider vscode.git 7728
2024-09-01 14:10:47.254 [error] Error: No such branch: master.
	at N.getBranch (/usr/lib/code/extensions/git/dist/main.js:2:936645)
	at async T.retryRun (/usr/lib/code/extensions/git/dist/main.js:2:1032124)
	at async T.run (/usr/lib/code/extensions/git/dist/main.js:2:1031728)
	at async T.getBranch (/usr/lib/code/extensions/git/dist/main.js:2:1020077)
	at async T.getBranchBase (/usr/lib/code/extensions/git/dist/main.js:2:1020363)
	at async t.GitHistoryProvider.resolveHEADMergeBase (/usr/lib/code/extensions/git/dist/main.js:2:948043)
	at async t.GitHistoryProvider.onDidRunGitStatus (/usr/lib/code/extensions/git/dist/main.js:2:941421)
2024-09-01 14:10:50.979 [warning] [Decorations] CAPPING events from decorations provider vscode.git 655
2024-09-01 14:10:51.473 [warning] [Decorations] CAPPING events from decorations provider vscode.git 7728
2024-09-01 14:10:52.500 [error] Error: No such branch: master.
	at N.getBranch (/usr/lib/code/extensions/git/dist/main.js:2:936645)
	at async T.retryRun (/usr/lib/code/extensions/git/dist/main.js:2:1032124)
	at async T.run (/usr/lib/code/extensions/git/dist/main.js:2:1031728)
	at async T.getBranch (/usr/lib/code/extensions/git/dist/main.js:2:1020077)
	at async T.getBranchBase (/usr/lib/code/extensions/git/dist/main.js:2:1020363)
	at async t.GitHistoryProvider.resolveHEADMergeBase (/usr/lib/code/extensions/git/dist/main.js:2:948043)
	at async t.GitHistoryProvider.onDidRunGitStatus (/usr/lib/code/extensions/git/dist/main.js:2:941421)
2024-09-01 14:10:56.032 [warning] [Decorations] CAPPING events from decorations provider vscode.git 655
2024-09-01 14:10:56.601 [warning] [Decorations] CAPPING events from decorations provider vscode.git 7728
2024-09-01 14:10:57.614 [error] Error: No such branch: master.
	at N.getBranch (/usr/lib/code/extensions/git/dist/main.js:2:936645)
	at async T.retryRun (/usr/lib/code/extensions/git/dist/main.js:2:1032124)
	at async T.run (/usr/lib/code/extensions/git/dist/main.js:2:1031728)
	at async T.getBranch (/usr/lib/code/extensions/git/dist/main.js:2:1020077)
	at async T.getBranchBase (/usr/lib/code/extensions/git/dist/main.js:2:1020363)
	at async t.GitHistoryProvider.resolveHEADMergeBase (/usr/lib/code/extensions/git/dist/main.js:2:948043)
	at async t.GitHistoryProvider.onDidRunGitStatus (/usr/lib/code/extensions/git/dist/main.js:2:941421)
2024-09-01 14:11:01.081 [warning] [Decorations] CAPPING events from decorations provider vscode.git 656
2024-09-01 14:11:01.726 [warning] [Decorations] CAPPING events from decorations provider vscode.git 7728
2024-09-01 14:11:02.737 [error] Error: No such branch: master.
	at N.getBranch (/usr/lib/code/extensions/git/dist/main.js:2:936645)
	at async T.retryRun (/usr/lib/code/extensions/git/dist/main.js:2:1032124)
	at async T.run (/usr/lib/code/extensions/git/dist/main.js:2:1031728)
	at async T.getBranch (/usr/lib/code/extensions/git/dist/main.js:2:1020077)
	at async T.getBranchBase (/usr/lib/code/extensions/git/dist/main.js:2:1020363)
	at async t.GitHistoryProvider.resolveHEADMergeBase (/usr/lib/code/extensions/git/dist/main.js:2:948043)
	at async t.GitHistoryProvider.onDidRunGitStatus (/usr/lib/code/extensions/git/dist/main.js:2:941421)
2024-09-01 14:11:58.844 [warning] [Decorations] CAPPING events from decorations provider vscode.git 656
2024-09-01 14:11:59.234 [warning] [Decorations] CAPPING events from decorations provider vscode.git 7841
2024-09-01 14:12:00.343 [error] Error: No such branch: master.
	at N.getBranch (/usr/lib/code/extensions/git/dist/main.js:2:936645)
	at async T.retryRun (/usr/lib/code/extensions/git/dist/main.js:2:1032124)
	at async T.run (/usr/lib/code/extensions/git/dist/main.js:2:1031728)
	at async T.getBranch (/usr/lib/code/extensions/git/dist/main.js:2:1020077)
	at async T.getBranchBase (/usr/lib/code/extensions/git/dist/main.js:2:1020363)
	at async t.GitHistoryProvider.resolveHEADMergeBase (/usr/lib/code/extensions/git/dist/main.js:2:948043)
	at async t.GitHistoryProvider.onDidRunGitStatus (/usr/lib/code/extensions/git/dist/main.js:2:941421)
2024-09-01 14:12:03.896 [warning] [Decorations] CAPPING events from decorations provider vscode.git 656
2024-09-01 14:12:04.361 [warning] [Decorations] CAPPING events from decorations provider vscode.git 7836
2024-09-01 14:12:05.370 [error] Error: No such branch: master.
	at N.getBranch (/usr/lib/code/extensions/git/dist/main.js:2:936645)
	at async T.retryRun (/usr/lib/code/extensions/git/dist/main.js:2:1032124)
	at async T.run (/usr/lib/code/extensions/git/dist/main.js:2:1031728)
	at async T.getBranch (/usr/lib/code/extensions/git/dist/main.js:2:1020077)
	at async T.getBranchBase (/usr/lib/code/extensions/git/dist/main.js:2:1020363)
	at async t.GitHistoryProvider.resolveHEADMergeBase (/usr/lib/code/extensions/git/dist/main.js:2:948043)
	at async t.GitHistoryProvider.onDidRunGitStatus (/usr/lib/code/extensions/git/dist/main.js:2:941421)
2024-09-01 14:14:40.086 [warning] [Decorations] CAPPING events from decorations provider vscode.git 656
2024-09-01 14:14:40.449 [warning] [Decorations] CAPPING events from decorations provider vscode.git 7908
2024-09-01 14:14:41.555 [error] Error: No such branch: master.
	at N.getBranch (/usr/lib/code/extensions/git/dist/main.js:2:936645)
	at async T.retryRun (/usr/lib/code/extensions/git/dist/main.js:2:1032124)
	at async T.run (/usr/lib/code/extensions/git/dist/main.js:2:1031728)
	at async T.getBranch (/usr/lib/code/extensions/git/dist/main.js:2:1020077)
	at async T.getBranchBase (/usr/lib/code/extensions/git/dist/main.js:2:1020363)
	at async t.GitHistoryProvider.resolveHEADMergeBase (/usr/lib/code/extensions/git/dist/main.js:2:948043)
	at async t.GitHistoryProvider.onDidRunGitStatus (/usr/lib/code/extensions/git/dist/main.js:2:941421)
2024-09-01 14:14:45.136 [warning] [Decorations] CAPPING events from decorations provider vscode.git 656
2024-09-01 14:14:45.586 [warning] [Decorations] CAPPING events from decorations provider vscode.git 7909
2024-09-01 14:14:46.597 [error] Error: No such branch: master.
	at N.getBranch (/usr/lib/code/extensions/git/dist/main.js:2:936645)
	at async T.retryRun (/usr/lib/code/extensions/git/dist/main.js:2:1032124)
	at async T.run (/usr/lib/code/extensions/git/dist/main.js:2:1031728)
	at async T.getBranch (/usr/lib/code/extensions/git/dist/main.js:2:1020077)
	at async T.getBranchBase (/usr/lib/code/extensions/git/dist/main.js:2:1020363)
	at async t.GitHistoryProvider.resolveHEADMergeBase (/usr/lib/code/extensions/git/dist/main.js:2:948043)
	at async t.GitHistoryProvider.onDidRunGitStatus (/usr/lib/code/extensions/git/dist/main.js:2:941421)
2024-09-01 14:15:11.854 [warning] [Decorations] CAPPING events from decorations provider vscode.git 657
2024-09-01 14:15:12.045 [warning] [Decorations] CAPPING events from decorations provider vscode.git 7908
2024-09-01 14:15:13.126 [error] Error: No such branch: master.
	at N.getBranch (/usr/lib/code/extensions/git/dist/main.js:2:936645)
	at async T.retryRun (/usr/lib/code/extensions/git/dist/main.js:2:1032124)
	at async T.run (/usr/lib/code/extensions/git/dist/main.js:2:1031728)
	at async T.getBranch (/usr/lib/code/extensions/git/dist/main.js:2:1020077)
	at async T.getBranchBase (/usr/lib/code/extensions/git/dist/main.js:2:1020363)
	at async t.GitHistoryProvider.resolveHEADMergeBase (/usr/lib/code/extensions/git/dist/main.js:2:948043)
	at async t.GitHistoryProvider.onDidRunGitStatus (/usr/lib/code/extensions/git/dist/main.js:2:941421)
2024-09-01 14:15:44.479 [warning] [Decorations] CAPPING events from decorations provider vscode.git 658
2024-09-01 14:15:44.746 [warning] [Decorations] CAPPING events from decorations provider vscode.git 7908
2024-09-01 14:15:45.763 [error] Error: No such branch: master.
	at N.getBranch (/usr/lib/code/extensions/git/dist/main.js:2:936645)
	at async T.retryRun (/usr/lib/code/extensions/git/dist/main.js:2:1032124)
	at async T.run (/usr/lib/code/extensions/git/dist/main.js:2:1031728)
	at async T.getBranch (/usr/lib/code/extensions/git/dist/main.js:2:1020077)
	at async T.getBranchBase (/usr/lib/code/extensions/git/dist/main.js:2:1020363)
	at async t.GitHistoryProvider.resolveHEADMergeBase (/usr/lib/code/extensions/git/dist/main.js:2:948043)
	at async t.GitHistoryProvider.onDidRunGitStatus (/usr/lib/code/extensions/git/dist/main.js:2:941421)
2024-09-01 14:16:03.269 [warning] [Decorations] CAPPING events from decorations provider vscode.git 658
2024-09-01 14:16:03.548 [warning] [Decorations] CAPPING events from decorations provider vscode.git 7908
2024-09-01 14:16:04.560 [error] Error: No such branch: master.
	at N.getBranch (/usr/lib/code/extensions/git/dist/main.js:2:936645)
	at async T.retryRun (/usr/lib/code/extensions/git/dist/main.js:2:1032124)
	at async T.run (/usr/lib/code/extensions/git/dist/main.js:2:1031728)
	at async T.getBranch (/usr/lib/code/extensions/git/dist/main.js:2:1020077)
	at async T.getBranchBase (/usr/lib/code/extensions/git/dist/main.js:2:1020363)
	at async t.GitHistoryProvider.resolveHEADMergeBase (/usr/lib/code/extensions/git/dist/main.js:2:948043)
	at async t.GitHistoryProvider.onDidRunGitStatus (/usr/lib/code/extensions/git/dist/main.js:2:941421)
2024-09-01 14:16:06.230 [info] ExtensionService#_doActivateExtension vscode.css-language-features, startup: false, activationEvent: 'onLanguage:css'
2024-09-01 14:16:08.348 [warning] [Decorations] CAPPING events from decorations provider vscode.git 660
2024-09-01 14:16:08.744 [warning] [Decorations] CAPPING events from decorations provider vscode.git 7908
2024-09-01 14:16:09.755 [error] Error: No such branch: master.
	at N.getBranch (/usr/lib/code/extensions/git/dist/main.js:2:936645)
	at async T.retryRun (/usr/lib/code/extensions/git/dist/main.js:2:1032124)
	at async T.run (/usr/lib/code/extensions/git/dist/main.js:2:1031728)
	at async T.getBranch (/usr/lib/code/extensions/git/dist/main.js:2:1020077)
	at async T.getBranchBase (/usr/lib/code/extensions/git/dist/main.js:2:1020363)
	at async t.GitHistoryProvider.resolveHEADMergeBase (/usr/lib/code/extensions/git/dist/main.js:2:948043)
	at async t.GitHistoryProvider.onDidRunGitStatus (/usr/lib/code/extensions/git/dist/main.js:2:941421)
2024-09-01 14:16:13.415 [warning] [Decorations] CAPPING events from decorations provider vscode.git 660
2024-09-01 14:16:13.879 [warning] [Decorations] CAPPING events from decorations provider vscode.git 7908
2024-09-01 14:16:14.888 [error] Error: No such branch: master.
	at N.getBranch (/usr/lib/code/extensions/git/dist/main.js:2:936645)
	at async T.retryRun (/usr/lib/code/extensions/git/dist/main.js:2:1032124)
	at async T.run (/usr/lib/code/extensions/git/dist/main.js:2:1031728)
	at async T.getBranch (/usr/lib/code/extensions/git/dist/main.js:2:1020077)
	at async T.getBranchBase (/usr/lib/code/extensions/git/dist/main.js:2:1020363)
	at async t.GitHistoryProvider.resolveHEADMergeBase (/usr/lib/code/extensions/git/dist/main.js:2:948043)
	at async t.GitHistoryProvider.onDidRunGitStatus (/usr/lib/code/extensions/git/dist/main.js:2:941421)
2024-09-01 14:16:18.509 [warning] [Decorations] CAPPING events from decorations provider vscode.git 666
2024-09-01 14:16:19.067 [warning] [Decorations] CAPPING events from decorations provider vscode.git 7909
2024-09-01 14:16:20.083 [error] Error: No such branch: master.
	at N.getBranch (/usr/lib/code/extensions/git/dist/main.js:2:936645)
	at async T.retryRun (/usr/lib/code/extensions/git/dist/main.js:2:1032124)
	at async T.run (/usr/lib/code/extensions/git/dist/main.js:2:1031728)
	at async T.getBranch (/usr/lib/code/extensions/git/dist/main.js:2:1020077)
	at async T.getBranchBase (/usr/lib/code/extensions/git/dist/main.js:2:1020363)
	at async t.GitHistoryProvider.resolveHEADMergeBase (/usr/lib/code/extensions/git/dist/main.js:2:948043)
	at async t.GitHistoryProvider.onDidRunGitStatus (/usr/lib/code/extensions/git/dist/main.js:2:941421)
2024-09-01 14:16:29.701 [warning] [Decorations] CAPPING events from decorations provider vscode.git 7909
2024-09-01 14:16:29.748 [warning] [Decorations] CAPPING events from decorations provider vscode.git 663
2024-09-01 14:16:31.020 [error] Error: No such branch: master.
	at N.getBranch (/usr/lib/code/extensions/git/dist/main.js:2:936645)
	at async T.retryRun (/usr/lib/code/extensions/git/dist/main.js:2:1032124)
	at async T.run (/usr/lib/code/extensions/git/dist/main.js:2:1031728)
	at async T.getBranch (/usr/lib/code/extensions/git/dist/main.js:2:1020077)
	at async T.getBranchBase (/usr/lib/code/extensions/git/dist/main.js:2:1020363)
	at async t.GitHistoryProvider.resolveHEADMergeBase (/usr/lib/code/extensions/git/dist/main.js:2:948043)
	at async t.GitHistoryProvider.onDidRunGitStatus (/usr/lib/code/extensions/git/dist/main.js:2:941421)
2024-09-01 14:16:34.825 [warning] [Decorations] CAPPING events from decorations provider vscode.git 7909
2024-09-01 14:16:36.003 [warning] [Decorations] CAPPING events from decorations provider vscode.git 663
2024-09-01 14:16:36.006 [error] Error: No such branch: master.
	at N.getBranch (/usr/lib/code/extensions/git/dist/main.js:2:936645)
	at async T.retryRun (/usr/lib/code/extensions/git/dist/main.js:2:1032124)
	at async T.run (/usr/lib/code/extensions/git/dist/main.js:2:1031728)
	at async T.getBranch (/usr/lib/code/extensions/git/dist/main.js:2:1020077)
	at async T.getBranchBase (/usr/lib/code/extensions/git/dist/main.js:2:1020363)
	at async t.GitHistoryProvider.resolveHEADMergeBase (/usr/lib/code/extensions/git/dist/main.js:2:948043)
	at async t.GitHistoryProvider.onDidRunGitStatus (/usr/lib/code/extensions/git/dist/main.js:2:941421)
2024-09-01 14:16:39.941 [warning] [Decorations] CAPPING events from decorations provider vscode.git 7909
2024-09-01 14:16:40.949 [error] Error: No such branch: master.
	at N.getBranch (/usr/lib/code/extensions/git/dist/main.js:2:936645)
	at async T.retryRun (/usr/lib/code/extensions/git/dist/main.js:2:1032124)
	at async T.run (/usr/lib/code/extensions/git/dist/main.js:2:1031728)
	at async T.getBranch (/usr/lib/code/extensions/git/dist/main.js:2:1020077)
	at async T.getBranchBase (/usr/lib/code/extensions/git/dist/main.js:2:1020363)
	at async t.GitHistoryProvider.resolveHEADMergeBase (/usr/lib/code/extensions/git/dist/main.js:2:948043)
	at async t.GitHistoryProvider.onDidRunGitStatus (/usr/lib/code/extensions/git/dist/main.js:2:941421)
2024-09-01 14:16:41.067 [warning] [Decorations] CAPPING events from decorations provider vscode.git 669
2024-09-01 14:16:45.107 [warning] [Decorations] CAPPING events from decorations provider vscode.git 7909
2024-09-01 14:16:46.117 [warning] [Decorations] CAPPING events from decorations provider vscode.git 664
2024-09-01 14:16:46.119 [error] Error: No such branch: master.
	at N.getBranch (/usr/lib/code/extensions/git/dist/main.js:2:936645)
	at async T.retryRun (/usr/lib/code/extensions/git/dist/main.js:2:1032124)
	at async T.run (/usr/lib/code/extensions/git/dist/main.js:2:1031728)
	at async T.getBranch (/usr/lib/code/extensions/git/dist/main.js:2:1020077)
	at async T.getBranchBase (/usr/lib/code/extensions/git/dist/main.js:2:1020363)
	at async t.GitHistoryProvider.resolveHEADMergeBase (/usr/lib/code/extensions/git/dist/main.js:2:948043)
	at async t.GitHistoryProvider.onDidRunGitStatus (/usr/lib/code/extensions/git/dist/main.js:2:941421)
2024-09-01 14:17:31.122 [warning] [Decorations] CAPPING events from decorations provider vscode.git 664
2024-09-01 14:17:31.433 [warning] [Decorations] CAPPING events from decorations provider vscode.git 8228
2024-09-01 14:17:33.625 [error] Error: No such branch: master.
	at N.getBranch (/usr/lib/code/extensions/git/dist/main.js:2:936645)
	at async T.retryRun (/usr/lib/code/extensions/git/dist/main.js:2:1032124)
	at async T.run (/usr/lib/code/extensions/git/dist/main.js:2:1031728)
	at async T.getBranch (/usr/lib/code/extensions/git/dist/main.js:2:1020077)
	at async T.getBranchBase (/usr/lib/code/extensions/git/dist/main.js:2:1020363)
	at async t.GitHistoryProvider.resolveHEADMergeBase (/usr/lib/code/extensions/git/dist/main.js:2:948043)
	at async t.GitHistoryProvider.onDidRunGitStatus (/usr/lib/code/extensions/git/dist/main.js:2:941421)
2024-09-01 14:17:36.257 [warning] [Decorations] CAPPING events from decorations provider vscode.git 664
2024-09-01 14:17:36.666 [warning] [Decorations] CAPPING events from decorations provider vscode.git 8229
2024-09-01 14:17:37.678 [error] Error: No such branch: master.
	at N.getBranch (/usr/lib/code/extensions/git/dist/main.js:2:936645)
	at async T.retryRun (/usr/lib/code/extensions/git/dist/main.js:2:1032124)
	at async T.run (/usr/lib/code/extensions/git/dist/main.js:2:1031728)
	at async T.getBranch (/usr/lib/code/extensions/git/dist/main.js:2:1020077)
	at async T.getBranchBase (/usr/lib/code/extensions/git/dist/main.js:2:1020363)
	at async t.GitHistoryProvider.resolveHEADMergeBase (/usr/lib/code/extensions/git/dist/main.js:2:948043)
	at async t.GitHistoryProvider.onDidRunGitStatus (/usr/lib/code/extensions/git/dist/main.js:2:941421)
2024-09-01 14:17:41.306 [warning] [Decorations] CAPPING events from decorations provider vscode.git 664
2024-09-01 14:17:41.802 [warning] [Decorations] CAPPING events from decorations provider vscode.git 8226
2024-09-01 14:17:42.968 [error] Error: No such branch: master.
	at N.getBranch (/usr/lib/code/extensions/git/dist/main.js:2:936645)
	at async T.retryRun (/usr/lib/code/extensions/git/dist/main.js:2:1032124)
	at async T.run (/usr/lib/code/extensions/git/dist/main.js:2:1031728)
	at async T.getBranch (/usr/lib/code/extensions/git/dist/main.js:2:1020077)
	at async T.getBranchBase (/usr/lib/code/extensions/git/dist/main.js:2:1020363)
	at async t.GitHistoryProvider.resolveHEADMergeBase (/usr/lib/code/extensions/git/dist/main.js:2:948043)
	at async t.GitHistoryProvider.onDidRunGitStatus (/usr/lib/code/extensions/git/dist/main.js:2:941421)
2024-09-01 14:17:46.359 [warning] [Decorations] CAPPING events from decorations provider vscode.git 664
2024-09-01 14:17:46.925 [warning] [Decorations] CAPPING events from decorations provider vscode.git 8226
2024-09-01 14:17:47.941 [error] Error: No such branch: master.
	at N.getBranch (/usr/lib/code/extensions/git/dist/main.js:2:936645)
	at async T.retryRun (/usr/lib/code/extensions/git/dist/main.js:2:1032124)
	at async T.run (/usr/lib/code/extensions/git/dist/main.js:2:1031728)
	at async T.getBranch (/usr/lib/code/extensions/git/dist/main.js:2:1020077)
	at async T.getBranchBase (/usr/lib/code/extensions/git/dist/main.js:2:1020363)
	at async t.GitHistoryProvider.resolveHEADMergeBase (/usr/lib/code/extensions/git/dist/main.js:2:948043)
	at async t.GitHistoryProvider.onDidRunGitStatus (/usr/lib/code/extensions/git/dist/main.js:2:941421)
2024-09-01 14:17:51.407 [warning] [Decorations] CAPPING events from decorations provider vscode.git 664
2024-09-01 14:17:52.048 [warning] [Decorations] CAPPING events from decorations provider vscode.git 8226
2024-09-01 14:17:53.058 [error] Error: No such branch: master.
	at N.getBranch (/usr/lib/code/extensions/git/dist/main.js:2:936645)
	at async T.retryRun (/usr/lib/code/extensions/git/dist/main.js:2:1032124)
	at async T.run (/usr/lib/code/extensions/git/dist/main.js:2:1031728)
	at async T.getBranch (/usr/lib/code/extensions/git/dist/main.js:2:1020077)
	at async T.getBranchBase (/usr/lib/code/extensions/git/dist/main.js:2:1020363)
	at async t.GitHistoryProvider.resolveHEADMergeBase (/usr/lib/code/extensions/git/dist/main.js:2:948043)
	at async t.GitHistoryProvider.onDidRunGitStatus (/usr/lib/code/extensions/git/dist/main.js:2:941421)
2024-09-01 14:17:56.457 [warning] [Decorations] CAPPING events from decorations provider vscode.git 665
2024-09-01 14:17:57.168 [warning] [Decorations] CAPPING events from decorations provider vscode.git 8226
2024-09-01 14:17:58.178 [error] Error: No such branch: master.
	at N.getBranch (/usr/lib/code/extensions/git/dist/main.js:2:936645)
	at async T.retryRun (/usr/lib/code/extensions/git/dist/main.js:2:1032124)
	at async T.run (/usr/lib/code/extensions/git/dist/main.js:2:1031728)
	at async T.getBranch (/usr/lib/code/extensions/git/dist/main.js:2:1020077)
	at async T.getBranchBase (/usr/lib/code/extensions/git/dist/main.js:2:1020363)
	at async t.GitHistoryProvider.resolveHEADMergeBase (/usr/lib/code/extensions/git/dist/main.js:2:948043)
	at async t.GitHistoryProvider.onDidRunGitStatus (/usr/lib/code/extensions/git/dist/main.js:2:941421)
2024-09-01 14:18:01.534 [warning] [Decorations] CAPPING events from decorations provider vscode.git 665
2024-09-01 14:18:02.321 [warning] [Decorations] CAPPING events from decorations provider vscode.git 8226
2024-09-01 14:18:03.444 [error] Error: No such branch: master.
	at N.getBranch (/usr/lib/code/extensions/git/dist/main.js:2:936645)
	at async T.retryRun (/usr/lib/code/extensions/git/dist/main.js:2:1032124)
	at async T.run (/usr/lib/code/extensions/git/dist/main.js:2:1031728)
	at async T.getBranch (/usr/lib/code/extensions/git/dist/main.js:2:1020077)
	at async T.getBranchBase (/usr/lib/code/extensions/git/dist/main.js:2:1020363)
	at async t.GitHistoryProvider.resolveHEADMergeBase (/usr/lib/code/extensions/git/dist/main.js:2:948043)
	at async t.GitHistoryProvider.onDidRunGitStatus (/usr/lib/code/extensions/git/dist/main.js:2:941421)
2024-09-01 14:18:06.588 [warning] [Decorations] CAPPING events from decorations provider vscode.git 665
2024-09-01 14:18:07.439 [warning] [Decorations] CAPPING events from decorations provider vscode.git 8226
2024-09-01 14:18:08.454 [error] Error: No such branch: master.
	at N.getBranch (/usr/lib/code/extensions/git/dist/main.js:2:936645)
	at async T.retryRun (/usr/lib/code/extensions/git/dist/main.js:2:1032124)
	at async T.run (/usr/lib/code/extensions/git/dist/main.js:2:1031728)
	at async T.getBranch (/usr/lib/code/extensions/git/dist/main.js:2:1020077)
	at async T.getBranchBase (/usr/lib/code/extensions/git/dist/main.js:2:1020363)
	at async t.GitHistoryProvider.resolveHEADMergeBase (/usr/lib/code/extensions/git/dist/main.js:2:948043)
	at async t.GitHistoryProvider.onDidRunGitStatus (/usr/lib/code/extensions/git/dist/main.js:2:941421)
2024-09-01 14:18:11.636 [warning] [Decorations] CAPPING events from decorations provider vscode.git 666
2024-09-01 14:18:12.676 [warning] [Decorations] CAPPING events from decorations provider vscode.git 8226
2024-09-01 14:18:13.700 [error] Error: No such branch: master.
	at N.getBranch (/usr/lib/code/extensions/git/dist/main.js:2:936645)
	at async T.retryRun (/usr/lib/code/extensions/git/dist/main.js:2:1032124)
	at async T.run (/usr/lib/code/extensions/git/dist/main.js:2:1031728)
	at async T.getBranch (/usr/lib/code/extensions/git/dist/main.js:2:1020077)
	at async T.getBranchBase (/usr/lib/code/extensions/git/dist/main.js:2:1020363)
	at async t.GitHistoryProvider.resolveHEADMergeBase (/usr/lib/code/extensions/git/dist/main.js:2:948043)
	at async t.GitHistoryProvider.onDidRunGitStatus (/usr/lib/code/extensions/git/dist/main.js:2:941421)
2024-09-01 14:18:16.684 [warning] [Decorations] CAPPING events from decorations provider vscode.git 667
2024-09-01 14:18:17.849 [warning] [Decorations] CAPPING events from decorations provider vscode.git 8226
2024-09-01 14:18:18.882 [error] Error: No such branch: master.
	at N.getBranch (/usr/lib/code/extensions/git/dist/main.js:2:936645)
	at async T.retryRun (/usr/lib/code/extensions/git/dist/main.js:2:1032124)
	at async T.run (/usr/lib/code/extensions/git/dist/main.js:2:1031728)
	at async T.getBranch (/usr/lib/code/extensions/git/dist/main.js:2:1020077)
	at async T.getBranchBase (/usr/lib/code/extensions/git/dist/main.js:2:1020363)
	at async t.GitHistoryProvider.resolveHEADMergeBase (/usr/lib/code/extensions/git/dist/main.js:2:948043)
	at async t.GitHistoryProvider.onDidRunGitStatus (/usr/lib/code/extensions/git/dist/main.js:2:941421)
2024-09-01 14:18:21.767 [warning] [Decorations] CAPPING events from decorations provider vscode.git 666
2024-09-01 14:18:23.024 [warning] [Decorations] CAPPING events from decorations provider vscode.git 8226
2024-09-01 14:18:24.041 [error] Error: No such branch: master.
	at N.getBranch (/usr/lib/code/extensions/git/dist/main.js:2:936645)
	at async T.retryRun (/usr/lib/code/extensions/git/dist/main.js:2:1032124)
	at async T.run (/usr/lib/code/extensions/git/dist/main.js:2:1031728)
	at async T.getBranch (/usr/lib/code/extensions/git/dist/main.js:2:1020077)
	at async T.getBranchBase (/usr/lib/code/extensions/git/dist/main.js:2:1020363)
	at async t.GitHistoryProvider.resolveHEADMergeBase (/usr/lib/code/extensions/git/dist/main.js:2:948043)
	at async t.GitHistoryProvider.onDidRunGitStatus (/usr/lib/code/extensions/git/dist/main.js:2:941421)
2024-09-01 14:18:26.823 [warning] [Decorations] CAPPING events from decorations provider vscode.git 667
2024-09-01 14:18:28.167 [warning] [Decorations] CAPPING events from decorations provider vscode.git 8226
2024-09-01 14:18:29.175 [error] Error: No such branch: master.
	at N.getBranch (/usr/lib/code/extensions/git/dist/main.js:2:936645)
	at async T.retryRun (/usr/lib/code/extensions/git/dist/main.js:2:1032124)
	at async T.run (/usr/lib/code/extensions/git/dist/main.js:2:1031728)
	at async T.getBranch (/usr/lib/code/extensions/git/dist/main.js:2:1020077)
	at async T.getBranchBase (/usr/lib/code/extensions/git/dist/main.js:2:1020363)
	at async t.GitHistoryProvider.resolveHEADMergeBase (/usr/lib/code/extensions/git/dist/main.js:2:948043)
	at async t.GitHistoryProvider.onDidRunGitStatus (/usr/lib/code/extensions/git/dist/main.js:2:941421)
2024-09-01 14:18:31.871 [warning] [Decorations] CAPPING events from decorations provider vscode.git 667
2024-09-01 14:18:33.297 [warning] [Decorations] CAPPING events from decorations provider vscode.git 8226
2024-09-01 14:18:34.317 [error] Error: No such branch: master.
	at N.getBranch (/usr/lib/code/extensions/git/dist/main.js:2:936645)
	at async T.retryRun (/usr/lib/code/extensions/git/dist/main.js:2:1032124)
	at async T.run (/usr/lib/code/extensions/git/dist/main.js:2:1031728)
	at async T.getBranch (/usr/lib/code/extensions/git/dist/main.js:2:1020077)
	at async T.getBranchBase (/usr/lib/code/extensions/git/dist/main.js:2:1020363)
	at async t.GitHistoryProvider.resolveHEADMergeBase (/usr/lib/code/extensions/git/dist/main.js:2:948043)
	at async t.GitHistoryProvider.onDidRunGitStatus (/usr/lib/code/extensions/git/dist/main.js:2:941421)
2024-09-01 14:18:36.934 [warning] [Decorations] CAPPING events from decorations provider vscode.git 667
2024-09-01 14:18:38.654 [warning] [Decorations] CAPPING events from decorations provider vscode.git 8226
2024-09-01 14:18:39.665 [error] Error: No such branch: master.
	at N.getBranch (/usr/lib/code/extensions/git/dist/main.js:2:936645)
	at async T.retryRun (/usr/lib/code/extensions/git/dist/main.js:2:1032124)
	at async T.run (/usr/lib/code/extensions/git/dist/main.js:2:1031728)
	at async T.getBranch (/usr/lib/code/extensions/git/dist/main.js:2:1020077)
	at async T.getBranchBase (/usr/lib/code/extensions/git/dist/main.js:2:1020363)
	at async t.GitHistoryProvider.resolveHEADMergeBase (/usr/lib/code/extensions/git/dist/main.js:2:948043)
	at async t.GitHistoryProvider.onDidRunGitStatus (/usr/lib/code/extensions/git/dist/main.js:2:941421)
2024-09-01 14:18:42.009 [warning] [Decorations] CAPPING events from decorations provider vscode.git 667
2024-09-01 14:18:43.993 [warning] [Decorations] CAPPING events from decorations provider vscode.git 8226
2024-09-01 14:18:45.009 [error] Error: No such branch: master.
	at N.getBranch (/usr/lib/code/extensions/git/dist/main.js:2:936645)
	at async T.retryRun (/usr/lib/code/extensions/git/dist/main.js:2:1032124)
	at async T.run (/usr/lib/code/extensions/git/dist/main.js:2:1031728)
	at async T.getBranch (/usr/lib/code/extensions/git/dist/main.js:2:1020077)
	at async T.getBranchBase (/usr/lib/code/extensions/git/dist/main.js:2:1020363)
	at async t.GitHistoryProvider.resolveHEADMergeBase (/usr/lib/code/extensions/git/dist/main.js:2:948043)
	at async t.GitHistoryProvider.onDidRunGitStatus (/usr/lib/code/extensions/git/dist/main.js:2:941421)
2024-09-01 14:18:47.059 [warning] [Decorations] CAPPING events from decorations provider vscode.git 667
2024-09-01 14:18:49.127 [warning] [Decorations] CAPPING events from decorations provider vscode.git 8226
2024-09-01 14:18:50.145 [error] Error: No such branch: master.
	at N.getBranch (/usr/lib/code/extensions/git/dist/main.js:2:936645)
	at async T.retryRun (/usr/lib/code/extensions/git/dist/main.js:2:1032124)
	at async T.run (/usr/lib/code/extensions/git/dist/main.js:2:1031728)
	at async T.getBranch (/usr/lib/code/extensions/git/dist/main.js:2:1020077)
	at async T.getBranchBase (/usr/lib/code/extensions/git/dist/main.js:2:1020363)
	at async t.GitHistoryProvider.resolveHEADMergeBase (/usr/lib/code/extensions/git/dist/main.js:2:948043)
	at async t.GitHistoryProvider.onDidRunGitStatus (/usr/lib/code/extensions/git/dist/main.js:2:941421)
2024-09-01 14:18:52.109 [warning] [Decorations] CAPPING events from decorations provider vscode.git 667
2024-09-01 14:18:54.307 [warning] [Decorations] CAPPING events from decorations provider vscode.git 8226
2024-09-01 14:18:55.350 [error] Error: No such branch: master.
	at N.getBranch (/usr/lib/code/extensions/git/dist/main.js:2:936645)
	at async T.retryRun (/usr/lib/code/extensions/git/dist/main.js:2:1032124)
	at async T.run (/usr/lib/code/extensions/git/dist/main.js:2:1031728)
	at async T.getBranch (/usr/lib/code/extensions/git/dist/main.js:2:1020077)
	at async T.getBranchBase (/usr/lib/code/extensions/git/dist/main.js:2:1020363)
	at async t.GitHistoryProvider.resolveHEADMergeBase (/usr/lib/code/extensions/git/dist/main.js:2:948043)
	at async t.GitHistoryProvider.onDidRunGitStatus (/usr/lib/code/extensions/git/dist/main.js:2:941421)
2024-09-01 14:18:57.253 [warning] [Decorations] CAPPING events from decorations provider vscode.git 667
2024-09-01 14:18:59.479 [warning] [Decorations] CAPPING events from decorations provider vscode.git 8226
2024-09-01 14:19:00.728 [error] Error: No such branch: master.
	at N.getBranch (/usr/lib/code/extensions/git/dist/main.js:2:936645)
	at async T.retryRun (/usr/lib/code/extensions/git/dist/main.js:2:1032124)
	at async T.run (/usr/lib/code/extensions/git/dist/main.js:2:1031728)
	at async T.getBranch (/usr/lib/code/extensions/git/dist/main.js:2:1020077)
	at async T.getBranchBase (/usr/lib/code/extensions/git/dist/main.js:2:1020363)
	at async t.GitHistoryProvider.resolveHEADMergeBase (/usr/lib/code/extensions/git/dist/main.js:2:948043)
	at async t.GitHistoryProvider.onDidRunGitStatus (/usr/lib/code/extensions/git/dist/main.js:2:941421)
2024-09-01 14:19:02.310 [warning] [Decorations] CAPPING events from decorations provider vscode.git 667
2024-09-01 14:19:04.608 [warning] [Decorations] CAPPING events from decorations provider vscode.git 8226
2024-09-01 14:19:05.618 [error] Error: No such branch: master.
	at N.getBranch (/usr/lib/code/extensions/git/dist/main.js:2:936645)
	at async T.retryRun (/usr/lib/code/extensions/git/dist/main.js:2:1032124)
	at async T.run (/usr/lib/code/extensions/git/dist/main.js:2:1031728)
	at async T.getBranch (/usr/lib/code/extensions/git/dist/main.js:2:1020077)
	at async T.getBranchBase (/usr/lib/code/extensions/git/dist/main.js:2:1020363)
	at async t.GitHistoryProvider.resolveHEADMergeBase (/usr/lib/code/extensions/git/dist/main.js:2:948043)
	at async t.GitHistoryProvider.onDidRunGitStatus (/usr/lib/code/extensions/git/dist/main.js:2:941421)
2024-09-01 14:19:07.358 [warning] [Decorations] CAPPING events from decorations provider vscode.git 667
2024-09-01 14:19:09.734 [warning] [Decorations] CAPPING events from decorations provider vscode.git 8226
2024-09-01 14:19:10.743 [error] Error: No such branch: master.
	at N.getBranch (/usr/lib/code/extensions/git/dist/main.js:2:936645)
	at async T.retryRun (/usr/lib/code/extensions/git/dist/main.js:2:1032124)
	at async T.run (/usr/lib/code/extensions/git/dist/main.js:2:1031728)
	at async T.getBranch (/usr/lib/code/extensions/git/dist/main.js:2:1020077)
	at async T.getBranchBase (/usr/lib/code/extensions/git/dist/main.js:2:1020363)
	at async t.GitHistoryProvider.resolveHEADMergeBase (/usr/lib/code/extensions/git/dist/main.js:2:948043)
	at async t.GitHistoryProvider.onDidRunGitStatus (/usr/lib/code/extensions/git/dist/main.js:2:941421)
2024-09-01 14:19:12.410 [warning] [Decorations] CAPPING events from decorations provider vscode.git 667
2024-09-01 14:19:14.051 [info] ExtensionService#_doActivateExtension vscode.configuration-editing, startup: false, activationEvent: 'onLanguage:jsonc'
2024-09-01 14:19:14.075 [info] ExtensionService#_doActivateExtension vscode.json-language-features, startup: false, activationEvent: 'onLanguage:jsonc'
2024-09-01 14:19:14.143 [info] ExtensionService#_doActivateExtension vscode.typescript-language-features, startup: false, activationEvent: 'onLanguage:jsonc'
2024-09-01 14:19:14.913 [warning] [Decorations] CAPPING events from decorations provider vscode.git 8226
2024-09-01 14:19:16.094 [error] Error: No such branch: master.
	at N.getBranch (/usr/lib/code/extensions/git/dist/main.js:2:936645)
	at async T.retryRun (/usr/lib/code/extensions/git/dist/main.js:2:1032124)
	at async T.run (/usr/lib/code/extensions/git/dist/main.js:2:1031728)
	at async T.getBranch (/usr/lib/code/extensions/git/dist/main.js:2:1020077)
	at async T.getBranchBase (/usr/lib/code/extensions/git/dist/main.js:2:1020363)
	at async t.GitHistoryProvider.resolveHEADMergeBase (/usr/lib/code/extensions/git/dist/main.js:2:948043)
	at async t.GitHistoryProvider.onDidRunGitStatus (/usr/lib/code/extensions/git/dist/main.js:2:941421)
2024-09-01 14:19:17.462 [warning] [Decorations] CAPPING events from decorations provider vscode.git 668
2024-09-01 14:19:20.042 [warning] [Decorations] CAPPING events from decorations provider vscode.git 8226
2024-09-01 14:19:21.054 [error] Error: No such branch: master.
	at N.getBranch (/usr/lib/code/extensions/git/dist/main.js:2:936645)
	at async T.retryRun (/usr/lib/code/extensions/git/dist/main.js:2:1032124)
	at async T.run (/usr/lib/code/extensions/git/dist/main.js:2:1031728)
	at async T.getBranch (/usr/lib/code/extensions/git/dist/main.js:2:1020077)
	at async T.getBranchBase (/usr/lib/code/extensions/git/dist/main.js:2:1020363)
	at async t.GitHistoryProvider.resolveHEADMergeBase (/usr/lib/code/extensions/git/dist/main.js:2:948043)
	at async t.GitHistoryProvider.onDidRunGitStatus (/usr/lib/code/extensions/git/dist/main.js:2:941421)
2024-09-01 14:19:22.514 [warning] [Decorations] CAPPING events from decorations provider vscode.git 668
2024-09-01 14:19:25.178 [warning] [Decorations] CAPPING events from decorations provider vscode.git 8226
2024-09-01 14:19:26.187 [error] Error: No such branch: master.
	at N.getBranch (/usr/lib/code/extensions/git/dist/main.js:2:936645)
	at async T.retryRun (/usr/lib/code/extensions/git/dist/main.js:2:1032124)
	at async T.run (/usr/lib/code/extensions/git/dist/main.js:2:1031728)
	at async T.getBranch (/usr/lib/code/extensions/git/dist/main.js:2:1020077)
	at async T.getBranchBase (/usr/lib/code/extensions/git/dist/main.js:2:1020363)
	at async t.GitHistoryProvider.resolveHEADMergeBase (/usr/lib/code/extensions/git/dist/main.js:2:948043)
	at async t.GitHistoryProvider.onDidRunGitStatus (/usr/lib/code/extensions/git/dist/main.js:2:941421)
2024-09-01 14:19:27.612 [warning] [Decorations] CAPPING events from decorations provider vscode.git 668
2024-09-01 14:19:30.348 [warning] [Decorations] CAPPING events from decorations provider vscode.git 8226
2024-09-01 14:19:31.360 [error] Error: No such branch: master.
	at N.getBranch (/usr/lib/code/extensions/git/dist/main.js:2:936645)
	at async T.retryRun (/usr/lib/code/extensions/git/dist/main.js:2:1032124)
	at async T.run (/usr/lib/code/extensions/git/dist/main.js:2:1031728)
	at async T.getBranch (/usr/lib/code/extensions/git/dist/main.js:2:1020077)
	at async T.getBranchBase (/usr/lib/code/extensions/git/dist/main.js:2:1020363)
	at async t.GitHistoryProvider.resolveHEADMergeBase (/usr/lib/code/extensions/git/dist/main.js:2:948043)
	at async t.GitHistoryProvider.onDidRunGitStatus (/usr/lib/code/extensions/git/dist/main.js:2:941421)
2024-09-01 14:19:32.665 [warning] [Decorations] CAPPING events from decorations provider vscode.git 668
2024-09-01 14:19:35.482 [warning] [Decorations] CAPPING events from decorations provider vscode.git 8226
2024-09-01 14:19:36.491 [error] Error: No such branch: master.
	at N.getBranch (/usr/lib/code/extensions/git/dist/main.js:2:936645)
	at async T.retryRun (/usr/lib/code/extensions/git/dist/main.js:2:1032124)
	at async T.run (/usr/lib/code/extensions/git/dist/main.js:2:1031728)
	at async T.getBranch (/usr/lib/code/extensions/git/dist/main.js:2:1020077)
	at async T.getBranchBase (/usr/lib/code/extensions/git/dist/main.js:2:1020363)
	at async t.GitHistoryProvider.resolveHEADMergeBase (/usr/lib/code/extensions/git/dist/main.js:2:948043)
	at async t.GitHistoryProvider.onDidRunGitStatus (/usr/lib/code/extensions/git/dist/main.js:2:941421)
2024-09-01 14:19:37.750 [warning] [Decorations] CAPPING events from decorations provider vscode.git 668
2024-09-01 14:19:40.605 [warning] [Decorations] CAPPING events from decorations provider vscode.git 8226
2024-09-01 14:19:41.744 [error] Error: No such branch: master.
	at N.getBranch (/usr/lib/code/extensions/git/dist/main.js:2:936645)
	at async T.retryRun (/usr/lib/code/extensions/git/dist/main.js:2:1032124)
	at async T.run (/usr/lib/code/extensions/git/dist/main.js:2:1031728)
	at async T.getBranch (/usr/lib/code/extensions/git/dist/main.js:2:1020077)
	at async T.getBranchBase (/usr/lib/code/extensions/git/dist/main.js:2:1020363)
	at async t.GitHistoryProvider.resolveHEADMergeBase (/usr/lib/code/extensions/git/dist/main.js:2:948043)
	at async t.GitHistoryProvider.onDidRunGitStatus (/usr/lib/code/extensions/git/dist/main.js:2:941421)
2024-09-01 14:19:42.870 [warning] [Decorations] CAPPING events from decorations provider vscode.git 668
2024-09-01 14:19:43.350 [info] Extension host terminating: renderer closed the MessagePort
2024-09-01 14:19:43.376 [error] Canceled: Canceled
	at new C (/usr/lib/code/out/vs/workbench/api/node/extensionHostProcess.js:144:35204)
	at E.U (/usr/lib/code/out/vs/workbench/api/node/extensionHostProcess.js:151:6017)
	at B.<computed>.j.charCodeAt.R.CharCode.DollarSign.B.<computed> (/usr/lib/code/out/vs/workbench/api/node/extensionHostProcess.js:151:3107)
	at d.g (/usr/lib/code/out/vs/workbench/api/node/extensionHostProcess.js:154:205942)
	at d.executeCommand (/usr/lib/code/out/vs/workbench/api/node/extensionHostProcess.js:154:205380)
	at A.registerCommand.description (/usr/lib/code/out/vs/workbench/api/node/extensionHostProcess.js:154:204704)
	at d.h (/usr/lib/code/out/vs/workbench/api/node/extensionHostProcess.js:154:206481)
	at d.g (/usr/lib/code/out/vs/workbench/api/node/extensionHostProcess.js:154:205473)
	at d.executeCommand (/usr/lib/code/out/vs/workbench/api/node/extensionHostProcess.js:154:205380)
	at Object.executeCommand (/usr/lib/code/out/vs/workbench/api/node/extensionHostProcess.js:164:23060)
	at i.O [as value] (/usr/lib/code/extensions/git/dist/main.js:2:951642)
	at n.B (/usr/lib/code/out/vs/workbench/api/node/extensionHostProcess.js:83:737)
	at n.C (/usr/lib/code/out/vs/workbench/api/node/extensionHostProcess.js:83:807)
	at n.fire (/usr/lib/code/out/vs/workbench/api/node/extensionHostProcess.js:83:1023)
	at Object.p [as dispose] (/usr/lib/code/extensions/git/dist/main.js:2:972220)
	at /usr/lib/code/extensions/git/dist/main.js:2:978342
	at Array.forEach (<anonymous>)
	at f.dispose (/usr/lib/code/extensions/git/dist/main.js:2:978328)
	at a.<anonymous> (/usr/lib/code/out/vs/workbench/api/node/extensionHostProcess.js:152:4173)
	at a.dispose (/usr/lib/code/out/vs/workbench/api/node/extensionHostProcess.js:152:4270)
	at a.<anonymous> (/usr/lib/code/extensions/git/dist/main.js:2:953940)
	at a.dispose (/usr/lib/code/out/vs/workbench/api/node/extensionHostProcess.js:152:4270)
	at $ (/usr/lib/code/out/vs/workbench/api/node/extensionHostProcess.js:30:744)
	at /usr/lib/code/out/vs/workbench/api/node/extensionHostProcess.js:160:13379
	at /usr/lib/code/out/vs/workbench/api/node/extensionHostProcess.js:30:1112
	at Object.dispose (/usr/lib/code/out/vs/workbench/api/node/extensionHostProcess.js:11:11354)
	at m.eb (/usr/lib/code/out/vs/workbench/api/node/extensionHostProcess.js:160:10056)
	at /usr/lib/code/out/vs/workbench/api/node/extensionHostProcess.js:160:7927
	at Array.map (<anonymous>)
	at m.$ (/usr/lib/code/out/vs/workbench/api/node/extensionHostProcess.js:160:7914)
	at m.terminate (/usr/lib/code/out/vs/workbench/api/node/extensionHostProcess.js:160:8187)
	at $.terminate (/usr/lib/code/out/vs/workbench/api/node/extensionHostProcess.js:164:1513)
	at o (/usr/lib/code/out/vs/workbench/api/node/extensionHostProcess.js:177:10633)
	at MessagePortMain.<anonymous> (/usr/lib/code/out/vs/workbench/api/node/extensionHostProcess.js:177:6825)
	at MessagePortMain.emit (node:events:519:28)
	at MessagePortMain._internalPort.emit (node:electron/js2c/utility_init:2:2619) setContext undefined
2024-09-01 14:19:43.381 [error] Canceled: Canceled
	at new C (/usr/lib/code/out/vs/workbench/api/node/extensionHostProcess.js:144:35204)
	at E.U (/usr/lib/code/out/vs/workbench/api/node/extensionHostProcess.js:151:6017)
	at B.<computed>.j.charCodeAt.R.CharCode.DollarSign.B.<computed> (/usr/lib/code/out/vs/workbench/api/node/extensionHostProcess.js:151:3107)
	at d.g (/usr/lib/code/out/vs/workbench/api/node/extensionHostProcess.js:154:205942)
	at d.executeCommand (/usr/lib/code/out/vs/workbench/api/node/extensionHostProcess.js:154:205380)
	at A.registerCommand.description (/usr/lib/code/out/vs/workbench/api/node/extensionHostProcess.js:154:204704)
	at d.h (/usr/lib/code/out/vs/workbench/api/node/extensionHostProcess.js:154:206481)
	at d.g (/usr/lib/code/out/vs/workbench/api/node/extensionHostProcess.js:154:205473)
	at d.executeCommand (/usr/lib/code/out/vs/workbench/api/node/extensionHostProcess.js:154:205380)
	at Object.executeCommand (/usr/lib/code/out/vs/workbench/api/node/extensionHostProcess.js:164:23060)
	at set hasGitHubRepositories (/usr/lib/code/extensions/github/dist/extension.js:2:322969)
	at /usr/lib/code/extensions/github/dist/extension.js:2:323928
	at i.value (/usr/lib/code/extensions/git/dist/main.js:2:1060193)
	at n.B (/usr/lib/code/out/vs/workbench/api/node/extensionHostProcess.js:83:737)
	at n.C (/usr/lib/code/out/vs/workbench/api/node/extensionHostProcess.js:83:807)
	at n.fire (/usr/lib/code/out/vs/workbench/api/node/extensionHostProcess.js:83:1023)
	at Object.p [as dispose] (/usr/lib/code/extensions/git/dist/main.js:2:972220)
	at /usr/lib/code/extensions/git/dist/main.js:2:978342
	at Array.forEach (<anonymous>)
	at f.dispose (/usr/lib/code/extensions/git/dist/main.js:2:978328)
	at a.<anonymous> (/usr/lib/code/out/vs/workbench/api/node/extensionHostProcess.js:152:4173)
	at a.dispose (/usr/lib/code/out/vs/workbench/api/node/extensionHostProcess.js:152:4270)
	at a.<anonymous> (/usr/lib/code/extensions/git/dist/main.js:2:953940)
	at a.dispose (/usr/lib/code/out/vs/workbench/api/node/extensionHostProcess.js:152:4270)
	at $ (/usr/lib/code/out/vs/workbench/api/node/extensionHostProcess.js:30:744)
	at /usr/lib/code/out/vs/workbench/api/node/extensionHostProcess.js:160:13379
	at /usr/lib/code/out/vs/workbench/api/node/extensionHostProcess.js:30:1112
	at Object.dispose (/usr/lib/code/out/vs/workbench/api/node/extensionHostProcess.js:11:11354)
	at m.eb (/usr/lib/code/out/vs/workbench/api/node/extensionHostProcess.js:160:10056)
	at /usr/lib/code/out/vs/workbench/api/node/extensionHostProcess.js:160:7927
	at Array.map (<anonymous>)
	at m.$ (/usr/lib/code/out/vs/workbench/api/node/extensionHostProcess.js:160:7914)
	at m.terminate (/usr/lib/code/out/vs/workbench/api/node/extensionHostProcess.js:160:8187)
	at $.terminate (/usr/lib/code/out/vs/workbench/api/node/extensionHostProcess.js:164:1513)
	at o (/usr/lib/code/out/vs/workbench/api/node/extensionHostProcess.js:177:10633)
	at MessagePortMain.<anonymous> (/usr/lib/code/out/vs/workbench/api/node/extensionHostProcess.js:177:6825)
	at MessagePortMain.emit (node:events:519:28)
	at MessagePortMain._internalPort.emit (node:electron/js2c/utility_init:2:2619) setContext undefined
2024-09-01 14:19:43.381 [error] Canceled: Canceled
	at new C (/usr/lib/code/out/vs/workbench/api/node/extensionHostProcess.js:144:35204)
	at E.U (/usr/lib/code/out/vs/workbench/api/node/extensionHostProcess.js:151:6017)
	at B.<computed>.j.charCodeAt.R.CharCode.DollarSign.B.<computed> (/usr/lib/code/out/vs/workbench/api/node/extensionHostProcess.js:151:3107)
	at d.g (/usr/lib/code/out/vs/workbench/api/node/extensionHostProcess.js:154:205942)
	at d.executeCommand (/usr/lib/code/out/vs/workbench/api/node/extensionHostProcess.js:154:205380)
	at A.registerCommand.description (/usr/lib/code/out/vs/workbench/api/node/extensionHostProcess.js:154:204704)
	at d.h (/usr/lib/code/out/vs/workbench/api/node/extensionHostProcess.js:154:206481)
	at d.g (/usr/lib/code/out/vs/workbench/api/node/extensionHostProcess.js:154:205473)
	at d.executeCommand (/usr/lib/code/out/vs/workbench/api/node/extensionHostProcess.js:154:205380)
	at Object.executeCommand (/usr/lib/code/out/vs/workbench/api/node/extensionHostProcess.js:164:23060)
	at i.O [as value] (/usr/lib/code/extensions/git/dist/main.js:2:951642)
	at n.B (/usr/lib/code/out/vs/workbench/api/node/extensionHostProcess.js:83:737)
	at n.C (/usr/lib/code/out/vs/workbench/api/node/extensionHostProcess.js:83:807)
	at n.fire (/usr/lib/code/out/vs/workbench/api/node/extensionHostProcess.js:83:1023)
	at Object.p [as dispose] (/usr/lib/code/extensions/git/dist/main.js:2:972220)
	at /usr/lib/code/extensions/git/dist/main.js:2:978342
	at Array.forEach (<anonymous>)
	at f.dispose (/usr/lib/code/extensions/git/dist/main.js:2:978328)
	at a.<anonymous> (/usr/lib/code/out/vs/workbench/api/node/extensionHostProcess.js:152:4173)
	at a.dispose (/usr/lib/code/out/vs/workbench/api/node/extensionHostProcess.js:152:4270)
	at a.<anonymous> (/usr/lib/code/extensions/git/dist/main.js:2:953940)
	at a.dispose (/usr/lib/code/out/vs/workbench/api/node/extensionHostProcess.js:152:4270)
	at $ (/usr/lib/code/out/vs/workbench/api/node/extensionHostProcess.js:30:744)
	at /usr/lib/code/out/vs/workbench/api/node/extensionHostProcess.js:160:13379
	at /usr/lib/code/out/vs/workbench/api/node/extensionHostProcess.js:30:1112
	at Object.dispose (/usr/lib/code/out/vs/workbench/api/node/extensionHostProcess.js:11:11354)
	at m.eb (/usr/lib/code/out/vs/workbench/api/node/extensionHostProcess.js:160:10056)
	at /usr/lib/code/out/vs/workbench/api/node/extensionHostProcess.js:160:7927
	at Array.map (<anonymous>)
	at m.$ (/usr/lib/code/out/vs/workbench/api/node/extensionHostProcess.js:160:7914)
	at m.terminate (/usr/lib/code/out/vs/workbench/api/node/extensionHostProcess.js:160:8187)
	at $.terminate (/usr/lib/code/out/vs/workbench/api/node/extensionHostProcess.js:164:1513)
	at o (/usr/lib/code/out/vs/workbench/api/node/extensionHostProcess.js:177:10633)
	at MessagePortMain.<anonymous> (/usr/lib/code/out/vs/workbench/api/node/extensionHostProcess.js:177:6825)
	at MessagePortMain.emit (node:events:519:28)
	at MessagePortMain._internalPort.emit (node:electron/js2c/utility_init:2:2619) setContext undefined
2024-09-01 14:19:43.381 [error] Canceled: Canceled
	at new C (/usr/lib/code/out/vs/workbench/api/node/extensionHostProcess.js:144:35204)
	at E.U (/usr/lib/code/out/vs/workbench/api/node/extensionHostProcess.js:151:6017)
	at B.<computed>.j.charCodeAt.R.CharCode.DollarSign.B.<computed> (/usr/lib/code/out/vs/workbench/api/node/extensionHostProcess.js:151:3107)
	at d.g (/usr/lib/code/out/vs/workbench/api/node/extensionHostProcess.js:154:205942)
	at d.executeCommand (/usr/lib/code/out/vs/workbench/api/node/extensionHostProcess.js:154:205380)
	at A.registerCommand.description (/usr/lib/code/out/vs/workbench/api/node/extensionHostProcess.js:154:204704)
	at d.h (/usr/lib/code/out/vs/workbench/api/node/extensionHostProcess.js:154:206481)
	at d.g (/usr/lib/code/out/vs/workbench/api/node/extensionHostProcess.js:154:205473)
	at d.executeCommand (/usr/lib/code/out/vs/workbench/api/node/extensionHostProcess.js:154:205380)
	at Object.executeCommand (/usr/lib/code/out/vs/workbench/api/node/extensionHostProcess.js:164:23060)
	at set hasGitHubRepositories (/usr/lib/code/extensions/github/dist/extension.js:2:322969)
	at /usr/lib/code/extensions/github/dist/extension.js:2:323928
	at i.value (/usr/lib/code/extensions/git/dist/main.js:2:1060193)
	at n.B (/usr/lib/code/out/vs/workbench/api/node/extensionHostProcess.js:83:737)
	at n.C (/usr/lib/code/out/vs/workbench/api/node/extensionHostProcess.js:83:807)
	at n.fire (/usr/lib/code/out/vs/workbench/api/node/extensionHostProcess.js:83:1023)
	at Object.p [as dispose] (/usr/lib/code/extensions/git/dist/main.js:2:972220)
	at /usr/lib/code/extensions/git/dist/main.js:2:978342
	at Array.forEach (<anonymous>)
	at f.dispose (/usr/lib/code/extensions/git/dist/main.js:2:978328)
	at a.<anonymous> (/usr/lib/code/out/vs/workbench/api/node/extensionHostProcess.js:152:4173)
	at a.dispose (/usr/lib/code/out/vs/workbench/api/node/extensionHostProcess.js:152:4270)
	at a.<anonymous> (/usr/lib/code/extensions/git/dist/main.js:2:953940)
	at a.dispose (/usr/lib/code/out/vs/workbench/api/node/extensionHostProcess.js:152:4270)
	at $ (/usr/lib/code/out/vs/workbench/api/node/extensionHostProcess.js:30:744)
	at /usr/lib/code/out/vs/workbench/api/node/extensionHostProcess.js:160:13379
	at /usr/lib/code/out/vs/workbench/api/node/extensionHostProcess.js:30:1112
	at Object.dispose (/usr/lib/code/out/vs/workbench/api/node/extensionHostProcess.js:11:11354)
	at m.eb (/usr/lib/code/out/vs/workbench/api/node/extensionHostProcess.js:160:10056)
	at /usr/lib/code/out/vs/workbench/api/node/extensionHostProcess.js:160:7927
	at Array.map (<anonymous>)
	at m.$ (/usr/lib/code/out/vs/workbench/api/node/extensionHostProcess.js:160:7914)
	at m.terminate (/usr/lib/code/out/vs/workbench/api/node/extensionHostProcess.js:160:8187)
	at $.terminate (/usr/lib/code/out/vs/workbench/api/node/extensionHostProcess.js:164:1513)
	at o (/usr/lib/code/out/vs/workbench/api/node/extensionHostProcess.js:177:10633)
	at MessagePortMain.<anonymous> (/usr/lib/code/out/vs/workbench/api/node/extensionHostProcess.js:177:6825)
	at MessagePortMain.emit (node:events:519:28)
	at MessagePortMain._internalPort.emit (node:electron/js2c/utility_init:2:2619) setContext undefined
2024-09-01 14:19:43.391 [info] Extension host with pid 5841 exiting with code 0
