2024-09-02 11:39:34.696 [info] Extension host with pid 26256 started
2024-09-02 11:39:35.008 [info] ExtensionService#_doActivateExtension vscode.emmet, startup: false, activationEvent: 'onLanguage'
2024-09-02 11:39:35.219 [info] ExtensionService#_doActivateExtension vscode.git-base, startup: true, activationEvent: '*', root cause: vscode.git
2024-09-02 11:39:35.259 [info] ExtensionService#_doActivateExtension vscode.git, startup: true, activationEvent: '*'
2024-09-02 11:39:35.320 [info] ExtensionService#_doActivateExtension vscode.github, startup: true, activationEvent: '*'
2024-09-02 11:39:35.498 [info] Eager extensions activated
2024-09-02 11:39:35.573 [info] ExtensionService#_doActivateExtension vscode.debug-auto-launch, startup: false, activationEvent: 'onStartupFinished'
2024-09-02 11:39:35.576 [info] ExtensionService#_doActivateExtension vscode.merge-conflict, startup: false, activationEvent: 'onStartupFinished'
2024-09-02 11:39:35.587 [info] ExtensionService#_doActivateExtension Catppuccin.catppuccin-vsc, startup: false, activationEvent: 'onStartupFinished'
2024-09-02 12:04:16.701 [info] Extension host terminating: renderer closed the MessagePort
2024-09-02 12:04:16.720 [info] Extension host with pid 26256 exiting with code 0
2024-09-02 12:04:19.995 [info] Extension host with pid 26816 started
2024-09-02 12:04:19.995 [info] Skipping acquiring lock for /home/logan/.config/Code - OSS/User/workspaceStorage/570292755569311cdede02737c33a6d4.
2024-09-02 12:04:20.190 [info] ExtensionService#_doActivateExtension vscode.emmet, startup: false, activationEvent: 'onLanguage'
2024-09-02 12:04:20.212 [info] ExtensionService#_doActivateExtension codezombiech.gitignore, startup: false, activationEvent: 'onLanguage:gitignore'
2024-09-02 12:04:20.322 [info] ExtensionService#_doActivateExtension vscode.git-base, startup: true, activationEvent: '*', root cause: vscode.git
2024-09-02 12:04:20.405 [info] ExtensionService#_doActivateExtension vscode.git, startup: true, activationEvent: '*'
2024-09-02 12:04:20.467 [info] ExtensionService#_doActivateExtension vscode.github, startup: true, activationEvent: '*'
2024-09-02 12:04:20.568 [info] Eager extensions activated
2024-09-02 12:04:20.677 [info] ExtensionService#_doActivateExtension vscode.debug-auto-launch, startup: false, activationEvent: 'onStartupFinished'
2024-09-02 12:04:20.682 [info] ExtensionService#_doActivateExtension vscode.merge-conflict, startup: false, activationEvent: 'onStartupFinished'
2024-09-02 12:04:20.697 [info] ExtensionService#_doActivateExtension Catppuccin.catppuccin-vsc, startup: false, activationEvent: 'onStartupFinished'
2024-09-02 12:04:21.003 [warning] [Decorations] CAPPING events from decorations provider vscode.git 484
2024-09-02 12:04:21.523 [info] ExtensionService#_doActivateExtension vscode.github-authentication, startup: false, activationEvent: 'onAuthenticationRequest:github'
2024-09-02 12:04:21.703 [warning] [Decorations] CAPPING events from decorations provider vscode.git 484
2024-09-02 12:04:24.265 [warning] [Decorations] CAPPING events from decorations provider vscode.git 485
2024-09-02 12:04:29.352 [warning] [Decorations] CAPPING events from decorations provider vscode.git 487
2024-09-02 12:04:34.433 [warning] [Decorations] CAPPING events from decorations provider vscode.git 487
2024-09-02 12:04:39.502 [warning] [Decorations] CAPPING events from decorations provider vscode.git 487
2024-09-02 12:04:44.582 [warning] [Decorations] CAPPING events from decorations provider vscode.git 487
2024-09-02 12:04:49.651 [warning] [Decorations] CAPPING events from decorations provider vscode.git 489
2024-09-02 12:04:54.776 [warning] [Decorations] CAPPING events from decorations provider vscode.git 489
2024-09-02 12:04:59.914 [warning] [Decorations] CAPPING events from decorations provider vscode.git 489
2024-09-02 12:05:16.559 [warning] [Decorations] CAPPING events from decorations provider vscode.git 489
2024-09-02 12:05:59.293 [warning] [Decorations] CAPPING events from decorations provider vscode.git 489
2024-09-02 12:06:41.842 [warning] [Decorations] CAPPING events from decorations provider vscode.git 489
2024-09-02 12:06:46.931 [warning] [Decorations] CAPPING events from decorations provider vscode.git 490
2024-09-02 12:06:52.003 [warning] [Decorations] CAPPING events from decorations provider vscode.git 489
2024-09-02 12:06:57.075 [warning] [Decorations] CAPPING events from decorations provider vscode.git 489
2024-09-02 12:07:04.396 [warning] [Decorations] CAPPING events from decorations provider vscode.git 490
2024-09-02 12:07:09.483 [warning] [Decorations] CAPPING events from decorations provider vscode.git 490
2024-09-02 12:07:26.474 [warning] [Decorations] CAPPING events from decorations provider vscode.git 491
2024-09-02 12:07:26.717 [warning] [Decorations] CAPPING events from decorations provider vscode.git 491
2024-09-02 12:07:31.545 [warning] [Decorations] CAPPING events from decorations provider vscode.git 491
2024-09-02 12:07:36.619 [warning] [Decorations] CAPPING events from decorations provider vscode.git 492
2024-09-02 12:07:41.688 [warning] [Decorations] CAPPING events from decorations provider vscode.git 492
2024-09-02 12:07:46.766 [warning] [Decorations] CAPPING events from decorations provider vscode.git 492
2024-09-02 12:07:51.832 [warning] [Decorations] CAPPING events from decorations provider vscode.git 492
2024-09-02 12:08:03.837 [warning] [Decorations] CAPPING events from decorations provider vscode.git 492
2024-09-02 12:08:07.609 [info] ExtensionService#_doActivateExtension vscode.configuration-editing, startup: false, activationEvent: 'onLanguage:jsonc'
2024-09-02 12:08:07.632 [info] ExtensionService#_doActivateExtension vscode.json-language-features, startup: false, activationEvent: 'onLanguage:jsonc'
2024-09-02 12:08:07.743 [info] ExtensionService#_doActivateExtension vscode.typescript-language-features, startup: false, activationEvent: 'onLanguage:jsonc'
2024-09-02 12:08:09.011 [warning] [Decorations] CAPPING events from decorations provider vscode.git 493
2024-09-02 12:08:14.086 [warning] [Decorations] CAPPING events from decorations provider vscode.git 493
2024-09-02 12:08:19.152 [warning] [Decorations] CAPPING events from decorations provider vscode.git 493
2024-09-02 12:08:24.219 [warning] [Decorations] CAPPING events from decorations provider vscode.git 493
2024-09-02 12:08:29.285 [warning] [Decorations] CAPPING events from decorations provider vscode.git 493
2024-09-02 12:08:34.376 [warning] [Decorations] CAPPING events from decorations provider vscode.git 493
2024-09-02 12:08:39.451 [warning] [Decorations] CAPPING events from decorations provider vscode.git 493
2024-09-02 12:08:44.523 [warning] [Decorations] CAPPING events from decorations provider vscode.git 493
2024-09-02 12:08:49.594 [warning] [Decorations] CAPPING events from decorations provider vscode.git 493
2024-09-02 12:08:54.664 [warning] [Decorations] CAPPING events from decorations provider vscode.git 493
2024-09-02 12:08:59.734 [warning] [Decorations] CAPPING events from decorations provider vscode.git 493
2024-09-02 12:09:04.799 [warning] [Decorations] CAPPING events from decorations provider vscode.git 493
2024-09-02 12:09:09.867 [warning] [Decorations] CAPPING events from decorations provider vscode.git 493
2024-09-02 12:09:14.935 [warning] [Decorations] CAPPING events from decorations provider vscode.git 493
2024-09-02 12:09:20.009 [warning] [Decorations] CAPPING events from decorations provider vscode.git 493
2024-09-02 12:09:25.077 [warning] [Decorations] CAPPING events from decorations provider vscode.git 494
2024-09-02 12:09:30.145 [warning] [Decorations] CAPPING events from decorations provider vscode.git 494
2024-09-02 12:09:35.216 [warning] [Decorations] CAPPING events from decorations provider vscode.git 494
2024-09-02 12:09:40.281 [warning] [Decorations] CAPPING events from decorations provider vscode.git 494
2024-09-02 12:09:45.349 [warning] [Decorations] CAPPING events from decorations provider vscode.git 494
2024-09-02 12:09:54.243 [warning] [Decorations] CAPPING events from decorations provider vscode.git 494
2024-09-02 12:09:59.314 [warning] [Decorations] CAPPING events from decorations provider vscode.git 494
2024-09-02 12:10:04.384 [warning] [Decorations] CAPPING events from decorations provider vscode.git 494
2024-09-02 12:10:09.465 [warning] [Decorations] CAPPING events from decorations provider vscode.git 494
2024-09-02 12:10:14.662 [warning] [Decorations] CAPPING events from decorations provider vscode.git 494
2024-09-02 12:10:19.729 [warning] [Decorations] CAPPING events from decorations provider vscode.git 496
2024-09-02 12:10:24.798 [warning] [Decorations] CAPPING events from decorations provider vscode.git 495
2024-09-02 12:10:27.054 [warning] [Decorations] CAPPING events from decorations provider vscode.git 495
2024-09-02 12:10:29.870 [warning] [Decorations] CAPPING events from decorations provider vscode.git 495
2024-09-02 12:10:34.940 [warning] [Decorations] CAPPING events from decorations provider vscode.git 495
2024-09-02 12:10:40.009 [warning] [Decorations] CAPPING events from decorations provider vscode.git 495
2024-09-02 12:10:45.077 [warning] [Decorations] CAPPING events from decorations provider vscode.git 494
2024-09-02 12:10:50.145 [warning] [Decorations] CAPPING events from decorations provider vscode.git 495
2024-09-02 12:10:58.358 [warning] [Decorations] CAPPING events from decorations provider vscode.git 497
2024-09-02 12:11:07.414 [warning] [Decorations] CAPPING events from decorations provider vscode.git 496
2024-09-02 12:11:14.032 [warning] [Decorations] CAPPING events from decorations provider vscode.git 496
2024-09-02 12:11:19.111 [warning] [Decorations] CAPPING events from decorations provider vscode.git 496
2024-09-02 12:11:24.188 [warning] [Decorations] CAPPING events from decorations provider vscode.git 496
2024-09-02 12:11:29.262 [warning] [Decorations] CAPPING events from decorations provider vscode.git 496
2024-09-02 12:11:38.022 [warning] [Decorations] CAPPING events from decorations provider vscode.git 497
2024-09-02 12:11:43.103 [warning] [Decorations] CAPPING events from decorations provider vscode.git 497
2024-09-02 12:11:48.174 [warning] [Decorations] CAPPING events from decorations provider vscode.git 497
2024-09-02 12:11:53.244 [warning] [Decorations] CAPPING events from decorations provider vscode.git 497
2024-09-02 12:11:58.319 [warning] [Decorations] CAPPING events from decorations provider vscode.git 497
2024-09-02 12:12:03.403 [warning] [Decorations] CAPPING events from decorations provider vscode.git 497
2024-09-02 12:12:08.489 [warning] [Decorations] CAPPING events from decorations provider vscode.git 497
2024-09-02 12:12:16.203 [warning] [Decorations] CAPPING events from decorations provider vscode.git 497
2024-09-02 12:12:21.282 [warning] [Decorations] CAPPING events from decorations provider vscode.git 497
2024-09-02 12:12:26.352 [warning] [Decorations] CAPPING events from decorations provider vscode.git 497
2024-09-02 12:12:31.421 [warning] [Decorations] CAPPING events from decorations provider vscode.git 497
2024-09-02 12:12:36.498 [warning] [Decorations] CAPPING events from decorations provider vscode.git 497
2024-09-02 12:12:41.575 [warning] [Decorations] CAPPING events from decorations provider vscode.git 497
2024-09-02 12:12:46.650 [warning] [Decorations] CAPPING events from decorations provider vscode.git 497
2024-09-02 12:12:51.724 [warning] [Decorations] CAPPING events from decorations provider vscode.git 497
2024-09-02 12:12:56.794 [warning] [Decorations] CAPPING events from decorations provider vscode.git 497
2024-09-02 12:13:01.861 [warning] [Decorations] CAPPING events from decorations provider vscode.git 497
2024-09-02 12:13:06.928 [warning] [Decorations] CAPPING events from decorations provider vscode.git 497
2024-09-02 12:13:12.002 [warning] [Decorations] CAPPING events from decorations provider vscode.git 497
2024-09-02 12:13:17.077 [warning] [Decorations] CAPPING events from decorations provider vscode.git 497
2024-09-02 12:13:22.147 [warning] [Decorations] CAPPING events from decorations provider vscode.git 497
2024-09-02 12:13:27.361 [warning] [Decorations] CAPPING events from decorations provider vscode.git 497
2024-09-02 12:13:27.496 [warning] [Decorations] CAPPING events from decorations provider vscode.git 497
2024-09-02 12:13:32.570 [warning] [Decorations] CAPPING events from decorations provider vscode.git 497
2024-09-02 12:13:37.656 [warning] [Decorations] CAPPING events from decorations provider vscode.git 497
2024-09-02 12:13:42.741 [warning] [Decorations] CAPPING events from decorations provider vscode.git 497
2024-09-02 12:13:47.810 [warning] [Decorations] CAPPING events from decorations provider vscode.git 497
2024-09-02 12:13:52.877 [warning] [Decorations] CAPPING events from decorations provider vscode.git 497
2024-09-02 12:13:57.955 [warning] [Decorations] CAPPING events from decorations provider vscode.git 497
2024-09-02 12:14:03.029 [warning] [Decorations] CAPPING events from decorations provider vscode.git 497
2024-09-02 12:14:08.107 [warning] [Decorations] CAPPING events from decorations provider vscode.git 497
2024-09-02 12:14:13.180 [warning] [Decorations] CAPPING events from decorations provider vscode.git 497
2024-09-02 12:14:18.250 [warning] [Decorations] CAPPING events from decorations provider vscode.git 497
2024-09-02 12:14:23.363 [warning] [Decorations] CAPPING events from decorations provider vscode.git 497
2024-09-02 12:14:38.577 [warning] [Decorations] CAPPING events from decorations provider vscode.git 497
2024-09-02 12:14:51.810 [warning] [Decorations] CAPPING events from decorations provider vscode.git 497
2024-09-02 12:15:03.663 [warning] [Decorations] CAPPING events from decorations provider vscode.git 497
2024-09-02 12:15:08.773 [warning] [Decorations] CAPPING events from decorations provider vscode.git 497
2024-09-02 12:15:13.882 [warning] [Decorations] CAPPING events from decorations provider vscode.git 497
2024-09-02 12:15:18.971 [warning] [Decorations] CAPPING events from decorations provider vscode.git 498
2024-09-02 12:15:24.040 [warning] [Decorations] CAPPING events from decorations provider vscode.git 498
2024-09-02 12:15:31.752 [warning] [Decorations] CAPPING events from decorations provider vscode.git 498
2024-09-02 12:15:36.832 [warning] [Decorations] CAPPING events from decorations provider vscode.git 498
2024-09-02 12:15:41.928 [warning] [Decorations] CAPPING events from decorations provider vscode.git 498
2024-09-02 12:15:46.999 [warning] [Decorations] CAPPING events from decorations provider vscode.git 498
2024-09-02 12:15:52.066 [warning] [Decorations] CAPPING events from decorations provider vscode.git 498
2024-09-02 12:15:57.138 [warning] [Decorations] CAPPING events from decorations provider vscode.git 498
2024-09-02 12:16:02.210 [warning] [Decorations] CAPPING events from decorations provider vscode.git 498
2024-09-02 12:16:07.285 [warning] [Decorations] CAPPING events from decorations provider vscode.git 498
2024-09-02 12:16:12.362 [warning] [Decorations] CAPPING events from decorations provider vscode.git 498
2024-09-02 12:16:17.465 [warning] [Decorations] CAPPING events from decorations provider vscode.git 498
2024-09-02 12:16:22.986 [warning] [Decorations] CAPPING events from decorations provider vscode.git 498
2024-09-02 12:16:27.753 [warning] [Decorations] CAPPING events from decorations provider vscode.git 498
2024-09-02 12:16:28.062 [warning] [Decorations] CAPPING events from decorations provider vscode.git 498
2024-09-02 12:16:33.783 [warning] [Decorations] CAPPING events from decorations provider vscode.git 498
2024-09-02 12:16:38.870 [warning] [Decorations] CAPPING events from decorations provider vscode.git 498
2024-09-02 12:16:43.939 [warning] [Decorations] CAPPING events from decorations provider vscode.git 498
2024-09-02 12:16:49.011 [warning] [Decorations] CAPPING events from decorations provider vscode.git 498
2024-09-02 12:16:54.096 [warning] [Decorations] CAPPING events from decorations provider vscode.git 498
2024-09-02 12:16:59.187 [warning] [Decorations] CAPPING events from decorations provider vscode.git 498
2024-09-02 12:17:04.280 [warning] [Decorations] CAPPING events from decorations provider vscode.git 498
2024-09-02 12:17:09.374 [warning] [Decorations] CAPPING events from decorations provider vscode.git 498
2024-09-02 12:17:14.473 [warning] [Decorations] CAPPING events from decorations provider vscode.git 498
2024-09-02 12:17:19.575 [warning] [Decorations] CAPPING events from decorations provider vscode.git 498
2024-09-02 12:17:24.664 [warning] [Decorations] CAPPING events from decorations provider vscode.git 498
