2024-09-01 16:21:19.905 [info] [main] Log level: Info
2024-09-01 16:21:19.905 [info] [main] Validating found git in: "git"
2024-09-01 16:21:19.905 [info] [main] Using git "2.46.0" from "git"
2024-09-01 16:21:19.905 [info] [Model][doInitialScan] Initial repository scan started
2024-09-01 16:21:19.905 [info] > git rev-parse --show-toplevel [13ms]
2024-09-01 16:21:19.907 [info] > git rev-parse --git-dir --git-common-dir [6ms]
2024-09-01 16:21:19.939 [info] [Model][openRepository] Opened repository: /home/logan/.config
2024-09-01 16:21:19.978 [info] > git config --get commit.template [23ms]
2024-09-01 16:21:20.018 [info] > git for-each-ref --format=%(refname)%00%(upstream:short)%00%(objectname)%00%(upstream:track)%00%(upstream:remotename)%00%(upstream:remoteref) refs/heads/main refs/remotes/main [25ms]
2024-09-01 16:21:20.132 [info] > git rev-parse --show-toplevel [1ms]
2024-09-01 16:21:20.164 [info] > git status -z -uall [51ms]
2024-09-01 16:21:20.226 [info] > git for-each-ref --format=%(refname)%00%(upstream:short)%00%(objectname)%00%(upstream:track)%00%(upstream:remotename)%00%(upstream:remoteref) refs/heads/main refs/remotes/main [38ms]
2024-09-01 16:21:20.248 [info] > git rev-parse --show-toplevel [86ms]
2024-09-01 16:21:20.271 [info] > git config --get commit.template [47ms]
2024-09-01 16:21:20.386 [info] > git rev-parse --show-toplevel [115ms]
2024-09-01 16:21:20.386 [info] > git config --local branch.main.vscode-merge-base [138ms]
2024-09-01 16:21:20.386 [warning] [Git][config] git config failed: Failed to execute git
2024-09-01 16:21:20.491 [info] > git reflog main --grep-reflog=branch: Created from *. [87ms]
2024-09-01 16:21:20.564 [info] > git check-ignore -v -z --stdin [16ms]
2024-09-01 16:21:20.571 [info] > git symbolic-ref --short refs/remotes/origin/HEAD [58ms]
2024-09-01 16:21:20.571 [info] fatal: ref refs/remotes/origin/HEAD is not a symbolic ref
2024-09-01 16:21:20.588 [info] > git rev-parse --show-toplevel [110ms]
2024-09-01 16:21:20.588 [info] > git for-each-ref --format=%(refname)%00%(upstream:short)%00%(objectname)%00%(upstream:track)%00%(upstream:remotename)%00%(upstream:remoteref) refs/heads/main refs/remotes/main [129ms]
2024-09-01 16:21:20.620 [info] > git merge-base refs/heads/main refs/remotes/origin/main [32ms]
2024-09-01 16:21:20.652 [info] > git rev-list --count --left-right refs/heads/main...refs/remotes/origin/main [6ms]
2024-09-01 16:21:20.681 [info] > git rev-parse --show-toplevel [62ms]
2024-09-01 16:21:20.712 [info] > git diff --name-status -z --diff-filter=ADMR b16c2d3e42276852dc12012920cb9885c64fcd11...refs/remotes/origin/main [31ms]
2024-09-01 16:21:20.750 [info] > git rev-parse --show-toplevel [39ms]
2024-09-01 16:21:20.795 [info] > git rev-parse --show-toplevel [7ms]
2024-09-01 16:21:20.809 [info] > git status -z -uall [61ms]
2024-09-01 16:21:20.843 [info] > git for-each-ref --format=%(refname)%00%(upstream:short)%00%(objectname)%00%(upstream:track)%00%(upstream:remotename)%00%(upstream:remoteref) refs/heads/main refs/remotes/main [9ms]
2024-09-01 16:21:20.863 [info] > git rev-parse --show-toplevel [55ms]
2024-09-01 16:21:20.895 [info] > git config --local branch.main.vscode-merge-base [32ms]
2024-09-01 16:21:20.895 [warning] [Git][config] git config failed: Failed to execute git
2024-09-01 16:21:20.952 [info] > git reflog main --grep-reflog=branch: Created from *. [28ms]
2024-09-01 16:21:20.983 [info] > git rev-parse --show-toplevel [89ms]
2024-09-01 16:21:21.006 [info] > git symbolic-ref --short refs/remotes/origin/HEAD [23ms]
2024-09-01 16:21:21.007 [info] fatal: ref refs/remotes/origin/HEAD is not a symbolic ref
2024-09-01 16:21:21.012 [info] > git rev-parse --show-toplevel [7ms]
2024-09-01 16:21:21.042 [info] > git rev-parse --show-toplevel [1ms]
2024-09-01 16:21:21.059 [info] > git rev-parse --show-toplevel [3ms]
2024-09-01 16:21:21.085 [info] > git rev-parse --show-toplevel [3ms]
2024-09-01 16:21:21.289 [info] > git rev-parse --show-toplevel [188ms]
2024-09-01 16:21:21.290 [info] [Model][doInitialScan] Initial repository scan completed - repositories (1), closed repositories (0), parent repositories (0), unsafe repositories (0)
2024-09-01 16:21:21.290 [info] > git fetch [1352ms]
2024-09-01 16:21:21.290 [info] Missing or invalid credentials.
Skip silent fetch commands
Missing or invalid credentials.
Skip silent fetch commands
remote: Repository not found.
fatal: Authentication failed for 'https://github.com/loganjaymes/dotfiles.git/'
2024-09-01 16:21:21.341 [info] > git config --get commit.template [23ms]
2024-09-01 16:21:21.344 [info] > git for-each-ref --format=%(refname)%00%(upstream:short)%00%(objectname)%00%(upstream:track)%00%(upstream:remotename)%00%(upstream:remoteref) refs/heads/main refs/remotes/main [4ms]
2024-09-01 16:21:21.377 [info] > git status -z -uall [18ms]
2024-09-01 16:21:21.396 [info] > git for-each-ref --format=%(refname)%00%(upstream:short)%00%(objectname)%00%(upstream:track)%00%(upstream:remotename)%00%(upstream:remoteref) refs/heads/main refs/remotes/main [6ms]
2024-09-01 16:21:21.423 [info] > git config --local branch.main.vscode-merge-base [16ms]
2024-09-01 16:21:21.424 [warning] [Git][config] git config failed: Failed to execute git
2024-09-01 16:21:21.437 [info] > git reflog main --grep-reflog=branch: Created from *. [7ms]
2024-09-01 16:21:21.451 [info] > git symbolic-ref --short refs/remotes/origin/HEAD [2ms]
2024-09-01 16:21:21.451 [info] fatal: ref refs/remotes/origin/HEAD is not a symbolic ref
2024-09-01 16:21:22.925 [info] > git config --get commit.template [2ms]
2024-09-01 16:21:22.935 [info] > git for-each-ref --format=%(refname)%00%(upstream:short)%00%(objectname)%00%(upstream:track)%00%(upstream:remotename)%00%(upstream:remoteref) refs/heads/main refs/remotes/main [2ms]
2024-09-01 16:21:22.961 [info] > git status -z -uall [18ms]
2024-09-01 16:21:22.975 [info] > git for-each-ref --format=%(refname)%00%(upstream:short)%00%(objectname)%00%(upstream:track)%00%(upstream:remotename)%00%(upstream:remoteref) refs/heads/main refs/remotes/main [3ms]
2024-09-01 16:21:22.989 [info] > git config --local branch.main.vscode-merge-base [3ms]
2024-09-01 16:21:22.989 [warning] [Git][config] git config failed: Failed to execute git
2024-09-01 16:21:23.005 [info] > git reflog main --grep-reflog=branch: Created from *. [4ms]
2024-09-01 16:21:23.015 [info] > git symbolic-ref --short refs/remotes/origin/HEAD [1ms]
2024-09-01 16:21:23.015 [info] fatal: ref refs/remotes/origin/HEAD is not a symbolic ref
2024-09-01 16:21:24.317 [info] > git check-ignore -v -z --stdin [3ms]
2024-09-01 16:21:26.650 [info] > git merge-base refs/heads/main refs/remotes/origin/main [1ms]
2024-09-01 16:21:26.681 [info] > git log --format=%H%n%aN%n%aE%n%at%n%ct%n%P%n%D%n%B -z --shortstat --diff-merges=first-parent b16c2d3e42276852dc12012920cb9885c64fcd11.. --topo-order --decorate=full refs/heads/main refs/remotes/origin/main [0ms]
2024-09-01 16:21:26.783 [info] > git show -s --decorate=full --shortstat --format=%H%n%aN%n%aE%n%at%n%ct%n%P%n%D%n%B -z b16c2d3e42276852dc12012920cb9885c64fcd11 [119ms]
2024-09-01 16:21:27.023 [info] > git merge-base refs/heads/main refs/remotes/origin/main [16ms]
2024-09-01 16:21:27.115 [info] > git log --format=%H%n%aN%n%aE%n%at%n%ct%n%P%n%D%n%B -z --shortstat --diff-merges=first-parent b16c2d3e42276852dc12012920cb9885c64fcd11.. --topo-order --decorate=full refs/heads/main refs/remotes/origin/main [12ms]
2024-09-01 16:21:27.333 [info] > git show -s --decorate=full --shortstat --format=%H%n%aN%n%aE%n%at%n%ct%n%P%n%D%n%B -z b16c2d3e42276852dc12012920cb9885c64fcd11 [263ms]
2024-09-01 16:21:27.533 [info] > git check-ignore -v -z --stdin [2ms]
2024-09-01 16:21:27.996 [info] > git config --get commit.template [10ms]
2024-09-01 16:21:27.997 [info] > git for-each-ref --format=%(refname)%00%(upstream:short)%00%(objectname)%00%(upstream:track)%00%(upstream:remotename)%00%(upstream:remoteref) refs/heads/main refs/remotes/main [2ms]
2024-09-01 16:21:28.029 [info] > git status -z -uall [18ms]
2024-09-01 16:21:28.045 [info] > git for-each-ref --format=%(refname)%00%(upstream:short)%00%(objectname)%00%(upstream:track)%00%(upstream:remotename)%00%(upstream:remoteref) refs/heads/main refs/remotes/main [3ms]
2024-09-01 16:21:28.059 [info] > git config --local branch.main.vscode-merge-base [2ms]
2024-09-01 16:21:28.059 [warning] [Git][config] git config failed: Failed to execute git
2024-09-01 16:21:28.076 [info] > git reflog main --grep-reflog=branch: Created from *. [5ms]
2024-09-01 16:21:28.087 [info] > git symbolic-ref --short refs/remotes/origin/HEAD [0ms]
2024-09-01 16:21:28.087 [info] fatal: ref refs/remotes/origin/HEAD is not a symbolic ref
2024-09-01 16:21:30.668 [info] > git check-ignore -v -z --stdin [2ms]
2024-09-01 16:21:31.318 [info] > git merge-base refs/heads/main refs/remotes/origin/main [7ms]
2024-09-01 16:21:31.364 [info] > git log --format=%H%n%aN%n%aE%n%at%n%ct%n%P%n%D%n%B -z --shortstat --diff-merges=first-parent b16c2d3e42276852dc12012920cb9885c64fcd11.. --topo-order --decorate=full refs/heads/main refs/remotes/origin/main [1ms]
2024-09-01 16:21:31.468 [info] > git show -s --decorate=full --shortstat --format=%H%n%aN%n%aE%n%at%n%ct%n%P%n%D%n%B -z b16c2d3e42276852dc12012920cb9885c64fcd11 [116ms]
2024-09-01 16:21:33.062 [info] > git config --get commit.template [8ms]
2024-09-01 16:21:33.064 [info] > git for-each-ref --format=%(refname)%00%(upstream:short)%00%(objectname)%00%(upstream:track)%00%(upstream:remotename)%00%(upstream:remoteref) refs/heads/main refs/remotes/main [2ms]
2024-09-01 16:21:33.089 [info] > git status -z -uall [17ms]
2024-09-01 16:21:33.106 [info] > git for-each-ref --format=%(refname)%00%(upstream:short)%00%(objectname)%00%(upstream:track)%00%(upstream:remotename)%00%(upstream:remoteref) refs/heads/main refs/remotes/main [7ms]
2024-09-01 16:21:33.115 [info] > git config --local branch.main.vscode-merge-base [1ms]
2024-09-01 16:21:33.116 [warning] [Git][config] git config failed: Failed to execute git
2024-09-01 16:21:33.127 [info] > git reflog main --grep-reflog=branch: Created from *. [4ms]
2024-09-01 16:21:33.135 [info] > git symbolic-ref --short refs/remotes/origin/HEAD [1ms]
2024-09-01 16:21:33.135 [info] fatal: ref refs/remotes/origin/HEAD is not a symbolic ref
2024-09-01 16:21:35.562 [info] > git check-ignore -v -z --stdin [2ms]
2024-09-01 16:21:38.119 [info] > git config --get commit.template [8ms]
2024-09-01 16:21:38.120 [info] > git for-each-ref --format=%(refname)%00%(upstream:short)%00%(objectname)%00%(upstream:track)%00%(upstream:remotename)%00%(upstream:remoteref) refs/heads/main refs/remotes/main [2ms]
2024-09-01 16:21:38.145 [info] > git status -z -uall [17ms]
2024-09-01 16:21:38.158 [info] > git for-each-ref --format=%(refname)%00%(upstream:short)%00%(objectname)%00%(upstream:track)%00%(upstream:remotename)%00%(upstream:remoteref) refs/heads/main refs/remotes/main [4ms]
2024-09-01 16:21:38.168 [info] > git config --local branch.main.vscode-merge-base [2ms]
2024-09-01 16:21:38.168 [warning] [Git][config] git config failed: Failed to execute git
2024-09-01 16:21:38.179 [info] > git reflog main --grep-reflog=branch: Created from *. [4ms]
2024-09-01 16:21:38.187 [info] > git symbolic-ref --short refs/remotes/origin/HEAD [1ms]
2024-09-01 16:21:38.187 [info] fatal: ref refs/remotes/origin/HEAD is not a symbolic ref
2024-09-01 16:21:40.222 [info] > git check-ignore -v -z --stdin [2ms]
2024-09-01 16:21:43.175 [info] > git config --get commit.template [9ms]
2024-09-01 16:21:43.176 [info] > git for-each-ref --format=%(refname)%00%(upstream:short)%00%(objectname)%00%(upstream:track)%00%(upstream:remotename)%00%(upstream:remoteref) refs/heads/main refs/remotes/main [2ms]
2024-09-01 16:21:43.201 [info] > git status -z -uall [17ms]
2024-09-01 16:21:43.215 [info] > git for-each-ref --format=%(refname)%00%(upstream:short)%00%(objectname)%00%(upstream:track)%00%(upstream:remotename)%00%(upstream:remoteref) refs/heads/main refs/remotes/main [4ms]
2024-09-01 16:21:43.226 [info] > git config --local branch.main.vscode-merge-base [3ms]
2024-09-01 16:21:43.227 [warning] [Git][config] git config failed: Failed to execute git
2024-09-01 16:21:43.238 [info] > git reflog main --grep-reflog=branch: Created from *. [4ms]
2024-09-01 16:21:43.246 [info] > git symbolic-ref --short refs/remotes/origin/HEAD [1ms]
2024-09-01 16:21:43.246 [info] fatal: ref refs/remotes/origin/HEAD is not a symbolic ref
2024-09-01 16:21:48.232 [info] > git config --get commit.template [9ms]
2024-09-01 16:21:48.233 [info] > git for-each-ref --format=%(refname)%00%(upstream:short)%00%(objectname)%00%(upstream:track)%00%(upstream:remotename)%00%(upstream:remoteref) refs/heads/main refs/remotes/main [2ms]
2024-09-01 16:21:48.260 [info] > git status -z -uall [18ms]
2024-09-01 16:21:48.274 [info] > git for-each-ref --format=%(refname)%00%(upstream:short)%00%(objectname)%00%(upstream:track)%00%(upstream:remotename)%00%(upstream:remoteref) refs/heads/main refs/remotes/main [5ms]
2024-09-01 16:21:48.285 [info] > git config --local branch.main.vscode-merge-base [3ms]
2024-09-01 16:21:48.285 [warning] [Git][config] git config failed: Failed to execute git
2024-09-01 16:21:48.297 [info] > git reflog main --grep-reflog=branch: Created from *. [3ms]
2024-09-01 16:21:48.305 [info] > git symbolic-ref --short refs/remotes/origin/HEAD [1ms]
2024-09-01 16:21:48.305 [info] fatal: ref refs/remotes/origin/HEAD is not a symbolic ref
2024-09-01 16:21:53.292 [info] > git config --get commit.template [9ms]
2024-09-01 16:21:53.293 [info] > git for-each-ref --format=%(refname)%00%(upstream:short)%00%(objectname)%00%(upstream:track)%00%(upstream:remotename)%00%(upstream:remoteref) refs/heads/main refs/remotes/main [2ms]
2024-09-01 16:21:53.319 [info] > git status -z -uall [17ms]
2024-09-01 16:21:53.339 [info] > git for-each-ref --format=%(refname)%00%(upstream:short)%00%(objectname)%00%(upstream:track)%00%(upstream:remotename)%00%(upstream:remoteref) refs/heads/main refs/remotes/main [5ms]
2024-09-01 16:21:53.349 [info] > git config --local branch.main.vscode-merge-base [2ms]
2024-09-01 16:21:53.349 [warning] [Git][config] git config failed: Failed to execute git
2024-09-01 16:21:53.361 [info] > git reflog main --grep-reflog=branch: Created from *. [4ms]
2024-09-01 16:21:53.370 [info] > git symbolic-ref --short refs/remotes/origin/HEAD [2ms]
2024-09-01 16:21:53.371 [info] fatal: ref refs/remotes/origin/HEAD is not a symbolic ref
2024-09-01 16:22:18.387 [info] > git config --get commit.template [13ms]
2024-09-01 16:22:18.389 [info] > git for-each-ref --format=%(refname)%00%(upstream:short)%00%(objectname)%00%(upstream:track)%00%(upstream:remotename)%00%(upstream:remoteref) refs/heads/main refs/remotes/main [3ms]
2024-09-01 16:22:18.416 [info] > git status -z -uall [18ms]
2024-09-01 16:22:18.433 [info] > git for-each-ref --format=%(refname)%00%(upstream:short)%00%(objectname)%00%(upstream:track)%00%(upstream:remotename)%00%(upstream:remoteref) refs/heads/main refs/remotes/main [5ms]
2024-09-01 16:22:18.444 [info] > git config --local branch.main.vscode-merge-base [2ms]
2024-09-01 16:22:18.444 [warning] [Git][config] git config failed: Failed to execute git
2024-09-01 16:22:18.458 [info] > git reflog main --grep-reflog=branch: Created from *. [4ms]
2024-09-01 16:22:18.469 [info] > git symbolic-ref --short refs/remotes/origin/HEAD [2ms]
2024-09-01 16:22:18.469 [info] fatal: ref refs/remotes/origin/HEAD is not a symbolic ref
2024-09-01 16:22:32.046 [info] > git merge-base refs/heads/main refs/remotes/origin/main [2ms]
2024-09-01 16:22:32.223 [info] > git log --format=%H%n%aN%n%aE%n%at%n%ct%n%P%n%D%n%B -z --shortstat --diff-merges=first-parent b16c2d3e42276852dc12012920cb9885c64fcd11.. --topo-order --decorate=full refs/heads/main refs/remotes/origin/main [6ms]
2024-09-01 16:22:32.389 [info] > git show -s --decorate=full --shortstat --format=%H%n%aN%n%aE%n%at%n%ct%n%P%n%D%n%B -z b16c2d3e42276852dc12012920cb9885c64fcd11 [207ms]
2024-09-01 16:22:32.624 [info] > git check-ignore -v -z --stdin [3ms]
2024-09-01 16:22:33.164 [info] > git show --textconv HEAD:Code - OSS/code.lock [16ms]
2024-09-01 16:22:33.171 [info] > git ls-tree -l HEAD -- /home/logan/.config/Code - OSS/code.lock [8ms]
2024-09-01 16:22:33.407 [info] > git config --get commit.template [7ms]
2024-09-01 16:22:33.458 [info] > git for-each-ref --format=%(refname)%00%(upstream:short)%00%(objectname)%00%(upstream:track)%00%(upstream:remotename)%00%(upstream:remoteref) refs/heads/main refs/remotes/main [19ms]
2024-09-01 16:22:33.515 [info] > git status -z -uall [41ms]
2024-09-01 16:22:33.541 [info] > git for-each-ref --format=%(refname)%00%(upstream:short)%00%(objectname)%00%(upstream:track)%00%(upstream:remotename)%00%(upstream:remoteref) refs/heads/main refs/remotes/main [7ms]
2024-09-01 16:22:33.557 [info] > git config --local branch.main.vscode-merge-base [2ms]
2024-09-01 16:22:33.557 [warning] [Git][config] git config failed: Failed to execute git
2024-09-01 16:22:33.576 [info] > git reflog main --grep-reflog=branch: Created from *. [3ms]
2024-09-01 16:22:33.593 [info] > git symbolic-ref --short refs/remotes/origin/HEAD [2ms]
2024-09-01 16:22:33.593 [info] fatal: ref refs/remotes/origin/HEAD is not a symbolic ref
2024-09-01 16:22:38.071 [info] > git merge-base refs/heads/main refs/remotes/origin/main [4ms]
2024-09-01 16:22:38.132 [info] > git log --format=%H%n%aN%n%aE%n%at%n%ct%n%P%n%D%n%B -z --shortstat --diff-merges=first-parent b16c2d3e42276852dc12012920cb9885c64fcd11.. --topo-order --decorate=full refs/heads/main refs/remotes/origin/main [7ms]
2024-09-01 16:22:38.240 [info] > git show -s --decorate=full --shortstat --format=%H%n%aN%n%aE%n%at%n%ct%n%P%n%D%n%B -z b16c2d3e42276852dc12012920cb9885c64fcd11 [132ms]
2024-09-01 16:22:38.558 [info] > git config --get commit.template [5ms]
2024-09-01 16:22:38.573 [info] > git for-each-ref --format=%(refname)%00%(upstream:short)%00%(objectname)%00%(upstream:track)%00%(upstream:remotename)%00%(upstream:remoteref) refs/heads/main refs/remotes/main [0ms]
2024-09-01 16:22:38.609 [info] > git status -z -uall [24ms]
2024-09-01 16:22:38.627 [info] > git for-each-ref --format=%(refname)%00%(upstream:short)%00%(objectname)%00%(upstream:track)%00%(upstream:remotename)%00%(upstream:remoteref) refs/heads/main refs/remotes/main [4ms]
2024-09-01 16:22:38.638 [info] > git config --local branch.main.vscode-merge-base [3ms]
2024-09-01 16:22:38.638 [warning] [Git][config] git config failed: Failed to execute git
2024-09-01 16:22:38.650 [info] > git reflog main --grep-reflog=branch: Created from *. [4ms]
2024-09-01 16:22:38.662 [info] > git symbolic-ref --short refs/remotes/origin/HEAD [2ms]
2024-09-01 16:22:38.662 [info] fatal: ref refs/remotes/origin/HEAD is not a symbolic ref
2024-09-01 16:22:43.647 [info] > git config --get commit.template [9ms]
2024-09-01 16:22:43.648 [info] > git for-each-ref --format=%(refname)%00%(upstream:short)%00%(objectname)%00%(upstream:track)%00%(upstream:remotename)%00%(upstream:remoteref) refs/heads/main refs/remotes/main [2ms]
2024-09-01 16:22:43.673 [info] > git status -z -uall [17ms]
2024-09-01 16:22:43.687 [info] > git for-each-ref --format=%(refname)%00%(upstream:short)%00%(objectname)%00%(upstream:track)%00%(upstream:remotename)%00%(upstream:remoteref) refs/heads/main refs/remotes/main [4ms]
2024-09-01 16:22:43.697 [info] > git config --local branch.main.vscode-merge-base [2ms]
2024-09-01 16:22:43.697 [warning] [Git][config] git config failed: Failed to execute git
2024-09-01 16:22:43.709 [info] > git reflog main --grep-reflog=branch: Created from *. [3ms]
2024-09-01 16:22:43.719 [info] > git symbolic-ref --short refs/remotes/origin/HEAD [2ms]
2024-09-01 16:22:43.719 [info] fatal: ref refs/remotes/origin/HEAD is not a symbolic ref
2024-09-01 16:22:53.473 [info] > git check-ignore -v -z --stdin [2ms]
2024-09-01 16:22:54.565 [info] > git config --get commit.template [9ms]
2024-09-01 16:22:54.566 [info] > git for-each-ref --format=%(refname)%00%(upstream:short)%00%(objectname)%00%(upstream:track)%00%(upstream:remotename)%00%(upstream:remoteref) refs/heads/main refs/remotes/main [2ms]
2024-09-01 16:22:54.592 [info] > git status -z -uall [18ms]
2024-09-01 16:22:54.605 [info] > git for-each-ref --format=%(refname)%00%(upstream:short)%00%(objectname)%00%(upstream:track)%00%(upstream:remotename)%00%(upstream:remoteref) refs/heads/main refs/remotes/main [4ms]
2024-09-01 16:22:54.616 [info] > git config --local branch.main.vscode-merge-base [2ms]
2024-09-01 16:22:54.616 [warning] [Git][config] git config failed: Failed to execute git
2024-09-01 16:22:54.628 [info] > git reflog main --grep-reflog=branch: Created from *. [4ms]
2024-09-01 16:22:54.637 [info] > git symbolic-ref --short refs/remotes/origin/HEAD [2ms]
2024-09-01 16:22:54.637 [info] fatal: ref refs/remotes/origin/HEAD is not a symbolic ref
2024-09-01 16:22:55.225 [info] > git check-ignore -v -z --stdin [2ms]
2024-09-01 16:22:59.623 [info] > git config --get commit.template [9ms]
2024-09-01 16:22:59.624 [info] > git for-each-ref --format=%(refname)%00%(upstream:short)%00%(objectname)%00%(upstream:track)%00%(upstream:remotename)%00%(upstream:remoteref) refs/heads/main refs/remotes/main [2ms]
2024-09-01 16:22:59.650 [info] > git status -z -uall [18ms]
2024-09-01 16:22:59.663 [info] > git for-each-ref --format=%(refname)%00%(upstream:short)%00%(objectname)%00%(upstream:track)%00%(upstream:remotename)%00%(upstream:remoteref) refs/heads/main refs/remotes/main [4ms]
2024-09-01 16:22:59.673 [info] > git config --local branch.main.vscode-merge-base [2ms]
2024-09-01 16:22:59.673 [warning] [Git][config] git config failed: Failed to execute git
2024-09-01 16:22:59.685 [info] > git reflog main --grep-reflog=branch: Created from *. [4ms]
2024-09-01 16:22:59.694 [info] > git symbolic-ref --short refs/remotes/origin/HEAD [1ms]
2024-09-01 16:22:59.694 [info] fatal: ref refs/remotes/origin/HEAD is not a symbolic ref
2024-09-01 16:23:04.674 [info] > git config --get commit.template [2ms]
2024-09-01 16:23:04.683 [info] > git for-each-ref --format=%(refname)%00%(upstream:short)%00%(objectname)%00%(upstream:track)%00%(upstream:remotename)%00%(upstream:remoteref) refs/heads/main refs/remotes/main [2ms]
2024-09-01 16:23:04.707 [info] > git status -z -uall [17ms]
2024-09-01 16:23:04.720 [info] > git for-each-ref --format=%(refname)%00%(upstream:short)%00%(objectname)%00%(upstream:track)%00%(upstream:remotename)%00%(upstream:remoteref) refs/heads/main refs/remotes/main [4ms]
2024-09-01 16:23:04.732 [info] > git config --local branch.main.vscode-merge-base [2ms]
2024-09-01 16:23:04.732 [warning] [Git][config] git config failed: Failed to execute git
2024-09-01 16:23:04.744 [info] > git reflog main --grep-reflog=branch: Created from *. [3ms]
2024-09-01 16:23:04.752 [info] > git symbolic-ref --short refs/remotes/origin/HEAD [2ms]
2024-09-01 16:23:04.752 [info] fatal: ref refs/remotes/origin/HEAD is not a symbolic ref
2024-09-01 16:23:27.783 [info] > git config --get commit.template [3ms]
2024-09-01 16:23:27.798 [info] > git for-each-ref --format=%(refname)%00%(upstream:short)%00%(objectname)%00%(upstream:track)%00%(upstream:remotename)%00%(upstream:remoteref) refs/heads/main refs/remotes/main [1ms]
2024-09-01 16:23:27.824 [info] > git status -z -uall [17ms]
2024-09-01 16:23:27.847 [info] > git for-each-ref --format=%(refname)%00%(upstream:short)%00%(objectname)%00%(upstream:track)%00%(upstream:remotename)%00%(upstream:remoteref) refs/heads/main refs/remotes/main [6ms]
2024-09-01 16:23:27.860 [info] > git config --local branch.main.vscode-merge-base [2ms]
2024-09-01 16:23:27.860 [warning] [Git][config] git config failed: Failed to execute git
2024-09-01 16:23:27.872 [info] > git reflog main --grep-reflog=branch: Created from *. [4ms]
2024-09-01 16:23:27.883 [info] > git symbolic-ref --short refs/remotes/origin/HEAD [2ms]
2024-09-01 16:23:27.883 [info] fatal: ref refs/remotes/origin/HEAD is not a symbolic ref
2024-09-01 16:23:44.933 [info] > git merge-base refs/heads/main refs/remotes/origin/main [3ms]
2024-09-01 16:23:44.965 [info] > git log --format=%H%n%aN%n%aE%n%at%n%ct%n%P%n%D%n%B -z --shortstat --diff-merges=first-parent b16c2d3e42276852dc12012920cb9885c64fcd11.. --topo-order --decorate=full refs/heads/main refs/remotes/origin/main [3ms]
2024-09-01 16:23:45.087 [info] > git show -s --decorate=full --shortstat --format=%H%n%aN%n%aE%n%at%n%ct%n%P%n%D%n%B -z b16c2d3e42276852dc12012920cb9885c64fcd11 [138ms]
2024-09-01 16:23:45.233 [info] > git config --get commit.template [17ms]
2024-09-01 16:23:45.235 [info] > git for-each-ref --format=%(refname)%00%(upstream:short)%00%(objectname)%00%(upstream:track)%00%(upstream:remotename)%00%(upstream:remoteref) refs/heads/main refs/remotes/main [2ms]
2024-09-01 16:23:45.284 [info] > git status -z -uall [29ms]
2024-09-01 16:23:45.317 [info] > git for-each-ref --format=%(refname)%00%(upstream:short)%00%(objectname)%00%(upstream:track)%00%(upstream:remotename)%00%(upstream:remoteref) refs/heads/main refs/remotes/main [9ms]
2024-09-01 16:23:45.333 [info] > git config --local branch.main.vscode-merge-base [3ms]
2024-09-01 16:23:45.333 [warning] [Git][config] git config failed: Failed to execute git
2024-09-01 16:23:45.350 [info] > git reflog main --grep-reflog=branch: Created from *. [2ms]
2024-09-01 16:23:45.362 [info] > git symbolic-ref --short refs/remotes/origin/HEAD [1ms]
2024-09-01 16:23:45.362 [info] fatal: ref refs/remotes/origin/HEAD is not a symbolic ref
2024-09-01 16:23:45.951 [info] > git merge-base refs/heads/main refs/remotes/origin/main [0ms]
2024-09-01 16:23:46.055 [info] > git log --format=%H%n%aN%n%aE%n%at%n%ct%n%P%n%D%n%B -z --shortstat --diff-merges=first-parent b16c2d3e42276852dc12012920cb9885c64fcd11.. --topo-order --decorate=full refs/heads/main refs/remotes/origin/main [7ms]
2024-09-01 16:23:46.324 [info] > git show -s --decorate=full --shortstat --format=%H%n%aN%n%aE%n%at%n%ct%n%P%n%D%n%B -z b16c2d3e42276852dc12012920cb9885c64fcd11 [320ms]
2024-09-01 16:23:50.330 [info] > git config --get commit.template [2ms]
2024-09-01 16:23:50.344 [info] > git for-each-ref --format=%(refname)%00%(upstream:short)%00%(objectname)%00%(upstream:track)%00%(upstream:remotename)%00%(upstream:remoteref) refs/heads/main refs/remotes/main [1ms]
2024-09-01 16:23:50.378 [info] > git status -z -uall [25ms]
2024-09-01 16:23:50.407 [info] > git for-each-ref --format=%(refname)%00%(upstream:short)%00%(objectname)%00%(upstream:track)%00%(upstream:remotename)%00%(upstream:remoteref) refs/heads/main refs/remotes/main [8ms]
2024-09-01 16:23:50.432 [info] > git config --local branch.main.vscode-merge-base [9ms]
2024-09-01 16:23:50.432 [warning] [Git][config] git config failed: Failed to execute git
2024-09-01 16:23:50.463 [info] > git reflog main --grep-reflog=branch: Created from *. [6ms]
2024-09-01 16:23:50.492 [info] > git symbolic-ref --short refs/remotes/origin/HEAD [13ms]
2024-09-01 16:23:50.492 [info] fatal: ref refs/remotes/origin/HEAD is not a symbolic ref
2024-09-01 16:23:55.418 [info] > git config --get commit.template [2ms]
2024-09-01 16:23:55.428 [info] > git for-each-ref --format=%(refname)%00%(upstream:short)%00%(objectname)%00%(upstream:track)%00%(upstream:remotename)%00%(upstream:remoteref) refs/heads/main refs/remotes/main [3ms]
2024-09-01 16:23:55.453 [info] > git status -z -uall [18ms]
2024-09-01 16:23:55.473 [info] > git for-each-ref --format=%(refname)%00%(upstream:short)%00%(objectname)%00%(upstream:track)%00%(upstream:remotename)%00%(upstream:remoteref) refs/heads/main refs/remotes/main [5ms]
2024-09-01 16:23:55.491 [info] > git config --local branch.main.vscode-merge-base [7ms]
2024-09-01 16:23:55.491 [warning] [Git][config] git config failed: Failed to execute git
2024-09-01 16:23:55.509 [info] > git reflog main --grep-reflog=branch: Created from *. [4ms]
2024-09-01 16:23:55.518 [info] > git symbolic-ref --short refs/remotes/origin/HEAD [1ms]
2024-09-01 16:23:55.518 [info] fatal: ref refs/remotes/origin/HEAD is not a symbolic ref
2024-09-01 16:24:00.494 [info] > git config --get commit.template [8ms]
2024-09-01 16:24:00.496 [info] > git for-each-ref --format=%(refname)%00%(upstream:short)%00%(objectname)%00%(upstream:track)%00%(upstream:remotename)%00%(upstream:remoteref) refs/heads/main refs/remotes/main [2ms]
2024-09-01 16:24:00.522 [info] > git status -z -uall [18ms]
2024-09-01 16:24:00.547 [info] > git for-each-ref --format=%(refname)%00%(upstream:short)%00%(objectname)%00%(upstream:track)%00%(upstream:remotename)%00%(upstream:remoteref) refs/heads/main refs/remotes/main [12ms]
2024-09-01 16:24:00.565 [info] > git config --local branch.main.vscode-merge-base [2ms]
2024-09-01 16:24:00.565 [warning] [Git][config] git config failed: Failed to execute git
2024-09-01 16:24:00.579 [info] > git reflog main --grep-reflog=branch: Created from *. [4ms]
2024-09-01 16:24:00.589 [info] > git symbolic-ref --short refs/remotes/origin/HEAD [1ms]
2024-09-01 16:24:00.589 [info] fatal: ref refs/remotes/origin/HEAD is not a symbolic ref
2024-09-01 16:24:12.709 [info] > git config --get commit.template [11ms]
2024-09-01 16:24:12.711 [info] > git for-each-ref --format=%(refname)%00%(upstream:short)%00%(objectname)%00%(upstream:track)%00%(upstream:remotename)%00%(upstream:remoteref) refs/heads/main refs/remotes/main [2ms]
2024-09-01 16:24:12.739 [info] > git status -z -uall [19ms]
2024-09-01 16:24:12.754 [info] > git for-each-ref --format=%(refname)%00%(upstream:short)%00%(objectname)%00%(upstream:track)%00%(upstream:remotename)%00%(upstream:remoteref) refs/heads/main refs/remotes/main [5ms]
2024-09-01 16:24:12.765 [info] > git config --local branch.main.vscode-merge-base [1ms]
2024-09-01 16:24:12.765 [warning] [Git][config] git config failed: Failed to execute git
2024-09-01 16:24:12.781 [info] > git reflog main --grep-reflog=branch: Created from *. [4ms]
2024-09-01 16:24:12.793 [info] > git symbolic-ref --short refs/remotes/origin/HEAD [2ms]
2024-09-01 16:24:12.794 [info] fatal: ref refs/remotes/origin/HEAD is not a symbolic ref
2024-09-01 16:25:18.584 [info] > git config --get commit.template [2ms]
2024-09-01 16:25:18.600 [info] > git for-each-ref --format=%(refname)%00%(upstream:short)%00%(objectname)%00%(upstream:track)%00%(upstream:remotename)%00%(upstream:remoteref) refs/heads/main refs/remotes/main [5ms]
2024-09-01 16:25:18.668 [info] > git status -z -uall [49ms]
2024-09-01 16:25:18.709 [info] > git for-each-ref --format=%(refname)%00%(upstream:short)%00%(objectname)%00%(upstream:track)%00%(upstream:remotename)%00%(upstream:remoteref) refs/heads/main refs/remotes/main [9ms]
2024-09-01 16:25:18.742 [info] > git config --local branch.main.vscode-merge-base [13ms]
2024-09-01 16:25:18.742 [warning] [Git][config] git config failed: Failed to execute git
2024-09-01 16:25:18.803 [info] > git reflog main --grep-reflog=branch: Created from *. [26ms]
2024-09-01 16:25:18.814 [info] > git symbolic-ref --short refs/remotes/origin/HEAD [1ms]
2024-09-01 16:25:18.814 [info] fatal: ref refs/remotes/origin/HEAD is not a symbolic ref
2024-09-01 16:25:23.723 [info] > git config --get commit.template [8ms]
2024-09-01 16:25:23.724 [info] > git for-each-ref --format=%(refname)%00%(upstream:short)%00%(objectname)%00%(upstream:track)%00%(upstream:remotename)%00%(upstream:remoteref) refs/heads/main refs/remotes/main [1ms]
2024-09-01 16:25:23.749 [info] > git status -z -uall [17ms]
2024-09-01 16:25:23.762 [info] > git for-each-ref --format=%(refname)%00%(upstream:short)%00%(objectname)%00%(upstream:track)%00%(upstream:remotename)%00%(upstream:remoteref) refs/heads/main refs/remotes/main [4ms]
2024-09-01 16:25:23.771 [info] > git config --local branch.main.vscode-merge-base [1ms]
2024-09-01 16:25:23.772 [warning] [Git][config] git config failed: Failed to execute git
2024-09-01 16:25:23.783 [info] > git reflog main --grep-reflog=branch: Created from *. [4ms]
2024-09-01 16:25:23.792 [info] > git symbolic-ref --short refs/remotes/origin/HEAD [1ms]
2024-09-01 16:25:23.792 [info] fatal: ref refs/remotes/origin/HEAD is not a symbolic ref
2024-09-01 16:25:47.219 [info] > git check-ignore -v -z --stdin [1ms]
2024-09-01 16:25:50.022 [info] > git config --get commit.template [2ms]
2024-09-01 16:25:50.052 [info] > git for-each-ref --format=%(refname)%00%(upstream:short)%00%(objectname)%00%(upstream:track)%00%(upstream:remotename)%00%(upstream:remoteref) refs/heads/main refs/remotes/main [2ms]
2024-09-01 16:25:50.111 [info] > git status -z -uall [27ms]
2024-09-01 16:25:50.127 [info] > git for-each-ref --format=%(refname)%00%(upstream:short)%00%(objectname)%00%(upstream:track)%00%(upstream:remotename)%00%(upstream:remoteref) refs/heads/main refs/remotes/main [3ms]
2024-09-01 16:25:50.139 [info] > git config --local branch.main.vscode-merge-base [2ms]
2024-09-01 16:25:50.139 [warning] [Git][config] git config failed: Failed to execute git
2024-09-01 16:25:50.164 [info] > git reflog main --grep-reflog=branch: Created from *. [16ms]
2024-09-01 16:25:50.175 [info] > git symbolic-ref --short refs/remotes/origin/HEAD [1ms]
2024-09-01 16:25:50.175 [info] fatal: ref refs/remotes/origin/HEAD is not a symbolic ref
2024-09-01 16:25:50.499 [info] > git show --textconv :gitignore [10ms]
2024-09-01 16:25:50.500 [info] > git ls-files --stage -- /home/logan/.config/gitignore [2ms]
2024-09-01 16:25:55.143 [info] > git config --get commit.template [8ms]
2024-09-01 16:25:55.145 [info] > git for-each-ref --format=%(refname)%00%(upstream:short)%00%(objectname)%00%(upstream:track)%00%(upstream:remotename)%00%(upstream:remoteref) refs/heads/main refs/remotes/main [1ms]
2024-09-01 16:25:55.169 [info] > git status -z -uall [17ms]
2024-09-01 16:25:55.182 [info] > git for-each-ref --format=%(refname)%00%(upstream:short)%00%(objectname)%00%(upstream:track)%00%(upstream:remotename)%00%(upstream:remoteref) refs/heads/main refs/remotes/main [3ms]
2024-09-01 16:25:55.192 [info] > git config --local branch.main.vscode-merge-base [1ms]
2024-09-01 16:25:55.192 [warning] [Git][config] git config failed: Failed to execute git
2024-09-01 16:25:55.204 [info] > git reflog main --grep-reflog=branch: Created from *. [4ms]
2024-09-01 16:25:55.213 [info] > git symbolic-ref --short refs/remotes/origin/HEAD [2ms]
2024-09-01 16:25:55.213 [info] fatal: ref refs/remotes/origin/HEAD is not a symbolic ref
2024-09-01 16:26:00.202 [info] > git config --get commit.template [9ms]
2024-09-01 16:26:00.203 [info] > git for-each-ref --format=%(refname)%00%(upstream:short)%00%(objectname)%00%(upstream:track)%00%(upstream:remotename)%00%(upstream:remoteref) refs/heads/main refs/remotes/main [2ms]
2024-09-01 16:26:00.232 [info] > git status -z -uall [21ms]
2024-09-01 16:26:00.263 [info] > git for-each-ref --format=%(refname)%00%(upstream:short)%00%(objectname)%00%(upstream:track)%00%(upstream:remotename)%00%(upstream:remoteref) refs/heads/main refs/remotes/main [10ms]
2024-09-01 16:26:00.281 [info] > git config --local branch.main.vscode-merge-base [2ms]
2024-09-01 16:26:00.281 [warning] [Git][config] git config failed: Failed to execute git
2024-09-01 16:26:00.293 [info] > git reflog main --grep-reflog=branch: Created from *. [4ms]
2024-09-01 16:26:00.302 [info] > git symbolic-ref --short refs/remotes/origin/HEAD [2ms]
2024-09-01 16:26:00.302 [info] fatal: ref refs/remotes/origin/HEAD is not a symbolic ref
2024-09-01 16:26:05.298 [info] > git config --get commit.template [1ms]
2024-09-01 16:26:05.321 [info] > git for-each-ref --format=%(refname)%00%(upstream:short)%00%(objectname)%00%(upstream:track)%00%(upstream:remotename)%00%(upstream:remoteref) refs/heads/main refs/remotes/main [3ms]
2024-09-01 16:26:05.354 [info] > git status -z -uall [21ms]
2024-09-01 16:26:05.374 [info] > git for-each-ref --format=%(refname)%00%(upstream:short)%00%(objectname)%00%(upstream:track)%00%(upstream:remotename)%00%(upstream:remoteref) refs/heads/main refs/remotes/main [6ms]
2024-09-01 16:26:05.392 [info] > git config --local branch.main.vscode-merge-base [4ms]
2024-09-01 16:26:05.392 [warning] [Git][config] git config failed: Failed to execute git
2024-09-01 16:26:05.410 [info] > git reflog main --grep-reflog=branch: Created from *. [2ms]
2024-09-01 16:26:05.424 [info] > git symbolic-ref --short refs/remotes/origin/HEAD [3ms]
2024-09-01 16:26:05.424 [info] fatal: ref refs/remotes/origin/HEAD is not a symbolic ref
2024-09-01 16:26:05.987 [info] > git check-ignore -v -z --stdin [2ms]
2024-09-01 16:26:10.389 [info] > git config --get commit.template [9ms]
2024-09-01 16:26:10.390 [info] > git for-each-ref --format=%(refname)%00%(upstream:short)%00%(objectname)%00%(upstream:track)%00%(upstream:remotename)%00%(upstream:remoteref) refs/heads/main refs/remotes/main [2ms]
2024-09-01 16:26:10.415 [info] > git status -z -uall [17ms]
2024-09-01 16:26:10.428 [info] > git for-each-ref --format=%(refname)%00%(upstream:short)%00%(objectname)%00%(upstream:track)%00%(upstream:remotename)%00%(upstream:remoteref) refs/heads/main refs/remotes/main [3ms]
2024-09-01 16:26:10.438 [info] > git config --local branch.main.vscode-merge-base [2ms]
2024-09-01 16:26:10.438 [warning] [Git][config] git config failed: Failed to execute git
2024-09-01 16:26:10.449 [info] > git reflog main --grep-reflog=branch: Created from *. [4ms]
2024-09-01 16:26:10.458 [info] > git symbolic-ref --short refs/remotes/origin/HEAD [2ms]
2024-09-01 16:26:10.458 [info] fatal: ref refs/remotes/origin/HEAD is not a symbolic ref
2024-09-01 16:26:15.440 [info] > git config --get commit.template [1ms]
2024-09-01 16:26:15.452 [info] > git for-each-ref --format=%(refname)%00%(upstream:short)%00%(objectname)%00%(upstream:track)%00%(upstream:remotename)%00%(upstream:remoteref) refs/heads/main refs/remotes/main [1ms]
2024-09-01 16:26:15.488 [info] > git status -z -uall [24ms]
2024-09-01 16:26:15.527 [info] > git for-each-ref --format=%(refname)%00%(upstream:short)%00%(objectname)%00%(upstream:track)%00%(upstream:remotename)%00%(upstream:remoteref) refs/heads/main refs/remotes/main [4ms]
2024-09-01 16:26:15.544 [info] > git config --local branch.main.vscode-merge-base [5ms]
2024-09-01 16:26:15.544 [warning] [Git][config] git config failed: Failed to execute git
2024-09-01 16:26:15.556 [info] > git reflog main --grep-reflog=branch: Created from *. [2ms]
2024-09-01 16:26:15.566 [info] > git symbolic-ref --short refs/remotes/origin/HEAD [2ms]
2024-09-01 16:26:15.566 [info] fatal: ref refs/remotes/origin/HEAD is not a symbolic ref
2024-09-01 16:26:20.545 [info] > git config --get commit.template [8ms]
2024-09-01 16:26:20.547 [info] > git for-each-ref --format=%(refname)%00%(upstream:short)%00%(objectname)%00%(upstream:track)%00%(upstream:remotename)%00%(upstream:remoteref) refs/heads/main refs/remotes/main [3ms]
2024-09-01 16:26:20.572 [info] > git status -z -uall [18ms]
2024-09-01 16:26:20.585 [info] > git for-each-ref --format=%(refname)%00%(upstream:short)%00%(objectname)%00%(upstream:track)%00%(upstream:remotename)%00%(upstream:remoteref) refs/heads/main refs/remotes/main [4ms]
2024-09-01 16:26:20.596 [info] > git config --local branch.main.vscode-merge-base [2ms]
2024-09-01 16:26:20.596 [warning] [Git][config] git config failed: Failed to execute git
2024-09-01 16:26:20.607 [info] > git reflog main --grep-reflog=branch: Created from *. [4ms]
2024-09-01 16:26:20.616 [info] > git symbolic-ref --short refs/remotes/origin/HEAD [2ms]
2024-09-01 16:26:20.616 [info] fatal: ref refs/remotes/origin/HEAD is not a symbolic ref
2024-09-01 16:26:25.599 [info] > git config --get commit.template [3ms]
2024-09-01 16:26:25.608 [info] > git for-each-ref --format=%(refname)%00%(upstream:short)%00%(objectname)%00%(upstream:track)%00%(upstream:remotename)%00%(upstream:remoteref) refs/heads/main refs/remotes/main [2ms]
2024-09-01 16:26:25.635 [info] > git status -z -uall [18ms]
2024-09-01 16:26:25.650 [info] > git for-each-ref --format=%(refname)%00%(upstream:short)%00%(objectname)%00%(upstream:track)%00%(upstream:remotename)%00%(upstream:remoteref) refs/heads/main refs/remotes/main [3ms]
2024-09-01 16:26:25.666 [info] > git config --local branch.main.vscode-merge-base [4ms]
2024-09-01 16:26:25.667 [warning] [Git][config] git config failed: Failed to execute git
2024-09-01 16:26:25.681 [info] > git reflog main --grep-reflog=branch: Created from *. [4ms]
2024-09-01 16:26:25.692 [info] > git symbolic-ref --short refs/remotes/origin/HEAD [2ms]
2024-09-01 16:26:25.692 [info] fatal: ref refs/remotes/origin/HEAD is not a symbolic ref
2024-09-01 16:26:29.449 [info] > git show --textconv :.gitignore [10ms]
2024-09-01 16:26:29.451 [info] > git ls-files --stage -- /home/logan/.config/.gitignore [3ms]
2024-09-01 16:26:29.680 [info] > git check-ignore -v -z --stdin [2ms]
2024-09-01 16:26:32.299 [info] > git config --get commit.template [1ms]
2024-09-01 16:26:32.313 [info] > git for-each-ref --format=%(refname)%00%(upstream:short)%00%(objectname)%00%(upstream:track)%00%(upstream:remotename)%00%(upstream:remoteref) refs/heads/main refs/remotes/main [2ms]
2024-09-01 16:26:32.352 [info] > git status -z -uall [25ms]
2024-09-01 16:26:32.369 [info] > git for-each-ref --format=%(refname)%00%(upstream:short)%00%(objectname)%00%(upstream:track)%00%(upstream:remotename)%00%(upstream:remoteref) refs/heads/main refs/remotes/main [5ms]
2024-09-01 16:26:32.387 [info] > git config --local branch.main.vscode-merge-base [0ms]
2024-09-01 16:26:32.387 [warning] [Git][config] git config failed: Failed to execute git
2024-09-01 16:26:32.405 [info] > git reflog main --grep-reflog=branch: Created from *. [7ms]
2024-09-01 16:26:32.417 [info] > git symbolic-ref --short refs/remotes/origin/HEAD [1ms]
2024-09-01 16:26:32.417 [info] fatal: ref refs/remotes/origin/HEAD is not a symbolic ref
2024-09-01 16:26:33.546 [info] > git check-ignore -v -z --stdin [2ms]
2024-09-01 16:26:37.388 [info] > git config --get commit.template [8ms]
2024-09-01 16:26:37.390 [info] > git for-each-ref --format=%(refname)%00%(upstream:short)%00%(objectname)%00%(upstream:track)%00%(upstream:remotename)%00%(upstream:remoteref) refs/heads/main refs/remotes/main [1ms]
2024-09-01 16:26:37.414 [info] > git status -z -uall [17ms]
2024-09-01 16:26:37.428 [info] > git for-each-ref --format=%(refname)%00%(upstream:short)%00%(objectname)%00%(upstream:track)%00%(upstream:remotename)%00%(upstream:remoteref) refs/heads/main refs/remotes/main [3ms]
2024-09-01 16:26:37.439 [info] > git config --local branch.main.vscode-merge-base [3ms]
2024-09-01 16:26:37.439 [warning] [Git][config] git config failed: Failed to execute git
2024-09-01 16:26:37.451 [info] > git reflog main --grep-reflog=branch: Created from *. [4ms]
2024-09-01 16:26:37.459 [info] > git symbolic-ref --short refs/remotes/origin/HEAD [1ms]
2024-09-01 16:26:37.459 [info] fatal: ref refs/remotes/origin/HEAD is not a symbolic ref
2024-09-01 16:26:42.451 [info] > git for-each-ref --format=%(refname)%00%(upstream:short)%00%(objectname)%00%(upstream:track)%00%(upstream:remotename)%00%(upstream:remoteref) refs/heads/main refs/remotes/main [1ms]
2024-09-01 16:26:42.451 [info] > git config --get commit.template [14ms]
2024-09-01 16:26:42.482 [info] > git status -z -uall [18ms]
2024-09-01 16:26:42.496 [info] > git for-each-ref --format=%(refname)%00%(upstream:short)%00%(objectname)%00%(upstream:track)%00%(upstream:remotename)%00%(upstream:remoteref) refs/heads/main refs/remotes/main [4ms]
2024-09-01 16:26:42.510 [info] > git config --local branch.main.vscode-merge-base [5ms]
2024-09-01 16:26:42.510 [warning] [Git][config] git config failed: Failed to execute git
2024-09-01 16:26:42.522 [info] > git reflog main --grep-reflog=branch: Created from *. [3ms]
2024-09-01 16:26:42.531 [info] > git symbolic-ref --short refs/remotes/origin/HEAD [2ms]
2024-09-01 16:26:42.531 [info] fatal: ref refs/remotes/origin/HEAD is not a symbolic ref
2024-09-01 16:26:44.564 [info] > git check-ignore -v -z --stdin [4ms]
2024-09-01 16:26:47.512 [info] > git config --get commit.template [8ms]
2024-09-01 16:26:47.514 [info] > git for-each-ref --format=%(refname)%00%(upstream:short)%00%(objectname)%00%(upstream:track)%00%(upstream:remotename)%00%(upstream:remoteref) refs/heads/main refs/remotes/main [1ms]
2024-09-01 16:26:47.535 [info] > git status -z -uall [14ms]
2024-09-01 16:26:47.549 [info] > git for-each-ref --format=%(refname)%00%(upstream:short)%00%(objectname)%00%(upstream:track)%00%(upstream:remotename)%00%(upstream:remoteref) refs/heads/main refs/remotes/main [4ms]
2024-09-01 16:26:47.561 [info] > git config --local branch.main.vscode-merge-base [1ms]
2024-09-01 16:26:47.561 [warning] [Git][config] git config failed: Failed to execute git
2024-09-01 16:26:47.573 [info] > git reflog main --grep-reflog=branch: Created from *. [4ms]
2024-09-01 16:26:47.582 [info] > git symbolic-ref --short refs/remotes/origin/HEAD [1ms]
2024-09-01 16:26:47.582 [info] fatal: ref refs/remotes/origin/HEAD is not a symbolic ref
2024-09-01 16:26:59.275 [info] > git config --get commit.template [3ms]
2024-09-01 16:26:59.289 [info] > git for-each-ref --format=%(refname)%00%(upstream:short)%00%(objectname)%00%(upstream:track)%00%(upstream:remotename)%00%(upstream:remoteref) refs/heads/main refs/remotes/main [2ms]
2024-09-01 16:26:59.321 [info] > git status -z -uall [17ms]
2024-09-01 16:26:59.339 [info] > git for-each-ref --format=%(refname)%00%(upstream:short)%00%(objectname)%00%(upstream:track)%00%(upstream:remotename)%00%(upstream:remoteref) refs/heads/main refs/remotes/main [2ms]
2024-09-01 16:26:59.358 [info] > git config --local branch.main.vscode-merge-base [4ms]
2024-09-01 16:26:59.358 [warning] [Git][config] git config failed: Failed to execute git
2024-09-01 16:26:59.375 [info] > git reflog main --grep-reflog=branch: Created from *. [7ms]
2024-09-01 16:26:59.389 [info] > git symbolic-ref --short refs/remotes/origin/HEAD [1ms]
2024-09-01 16:26:59.389 [info] fatal: ref refs/remotes/origin/HEAD is not a symbolic ref
2024-09-01 16:27:02.541 [info] > git check-ignore -v -z --stdin [2ms]
2024-09-01 16:27:04.351 [info] > git config --get commit.template [2ms]
2024-09-01 16:27:04.360 [info] > git for-each-ref --format=%(refname)%00%(upstream:short)%00%(objectname)%00%(upstream:track)%00%(upstream:remotename)%00%(upstream:remoteref) refs/heads/main refs/remotes/main [2ms]
2024-09-01 16:27:04.382 [info] > git status -z -uall [15ms]
2024-09-01 16:27:04.398 [info] > git for-each-ref --format=%(refname)%00%(upstream:short)%00%(objectname)%00%(upstream:track)%00%(upstream:remotename)%00%(upstream:remoteref) refs/heads/main refs/remotes/main [5ms]
2024-09-01 16:27:04.407 [info] > git config --local branch.main.vscode-merge-base [1ms]
2024-09-01 16:27:04.407 [warning] [Git][config] git config failed: Failed to execute git
2024-09-01 16:27:04.419 [info] > git reflog main --grep-reflog=branch: Created from *. [4ms]
2024-09-01 16:27:04.427 [info] > git symbolic-ref --short refs/remotes/origin/HEAD [1ms]
2024-09-01 16:27:04.427 [info] fatal: ref refs/remotes/origin/HEAD is not a symbolic ref
2024-09-01 16:27:13.499 [info] > git merge-base refs/heads/main refs/remotes/origin/main [5ms]
2024-09-01 16:27:13.535 [info] > git log --format=%H%n%aN%n%aE%n%at%n%ct%n%P%n%D%n%B -z --shortstat --diff-merges=first-parent b16c2d3e42276852dc12012920cb9885c64fcd11.. --topo-order --decorate=full refs/heads/main refs/remotes/origin/main [4ms]
2024-09-01 16:27:13.639 [info] > git show -s --decorate=full --shortstat --format=%H%n%aN%n%aE%n%at%n%ct%n%P%n%D%n%B -z b16c2d3e42276852dc12012920cb9885c64fcd11 [124ms]
2024-09-01 16:27:14.217 [info] > git check-ignore -v -z --stdin [3ms]
2024-09-01 16:27:17.032 [info] > git add -A -- . [47ms]
2024-09-01 16:27:17.079 [info] > git -c user.useConfigOnly=true commit --quiet --allow-empty-message --file - [29ms]
2024-09-01 16:27:17.093 [info] > git config --get commit.template [1ms]
2024-09-01 16:27:17.118 [info] > git config --get commit.template [5ms]
2024-09-01 16:27:17.153 [info] > git for-each-ref --format=%(refname)%00%(upstream:short)%00%(objectname)%00%(upstream:track)%00%(upstream:remotename)%00%(upstream:remoteref) refs/heads/main refs/remotes/main [14ms]
2024-09-01 16:27:17.179 [info] > git status -z -uall [8ms]
2024-09-01 16:27:17.214 [info] > git for-each-ref --format=%(refname)%00%(upstream:short)%00%(objectname)%00%(upstream:track)%00%(upstream:remotename)%00%(upstream:remoteref) refs/heads/main refs/remotes/main [11ms]
2024-09-01 16:27:17.233 [info] > git config --local branch.main.vscode-merge-base [4ms]
2024-09-01 16:27:17.234 [warning] [Git][config] git config failed: Failed to execute git
2024-09-01 16:27:17.251 [info] > git reflog main --grep-reflog=branch: Created from *. [4ms]
2024-09-01 16:27:17.273 [info] > git symbolic-ref --short refs/remotes/origin/HEAD [5ms]
2024-09-01 16:27:17.273 [info] fatal: ref refs/remotes/origin/HEAD is not a symbolic ref
2024-09-01 16:27:17.290 [info] > git merge-base refs/heads/main refs/remotes/origin/main [3ms]
2024-09-01 16:27:17.307 [info] > git rev-list --count --left-right refs/heads/main...refs/remotes/origin/main [2ms]
2024-09-01 16:27:17.322 [info] > git diff --name-status -z --diff-filter=ADMR b16c2d3e42276852dc12012920cb9885c64fcd11...refs/remotes/origin/main [3ms]
2024-09-01 16:27:17.824 [info] > git merge-base refs/heads/main refs/remotes/origin/main [9ms]
2024-09-01 16:27:17.827 [info] > git config --get commit.template [32ms]
2024-09-01 16:27:17.855 [info] > git for-each-ref --format=%(refname)%00%(upstream:short)%00%(objectname)%00%(upstream:track)%00%(upstream:remotename)%00%(upstream:remoteref) refs/heads/main refs/remotes/main [6ms]
2024-09-01 16:27:17.899 [info] > git status -z -uall [7ms]
2024-09-01 16:27:17.933 [info] > git for-each-ref --format=%(refname)%00%(upstream:short)%00%(objectname)%00%(upstream:track)%00%(upstream:remotename)%00%(upstream:remoteref) refs/heads/main refs/remotes/main [9ms]
2024-09-01 16:27:17.964 [info] > git config --local branch.main.vscode-merge-base [7ms]
2024-09-01 16:27:17.964 [warning] [Git][config] git config failed: Failed to execute git
2024-09-01 16:27:18.052 [info] > git reflog main --grep-reflog=branch: Created from *. [66ms]
2024-09-01 16:27:18.096 [info] > git symbolic-ref --short refs/remotes/origin/HEAD [11ms]
2024-09-01 16:27:18.096 [info] fatal: ref refs/remotes/origin/HEAD is not a symbolic ref
2024-09-01 16:27:18.096 [info] > git log --format=%H%n%aN%n%aE%n%at%n%ct%n%P%n%D%n%B -z --shortstat --diff-merges=first-parent b16c2d3e42276852dc12012920cb9885c64fcd11.. --topo-order --decorate=full refs/heads/main refs/remotes/origin/main [45ms]
2024-09-01 16:27:18.227 [info] > git show -s --decorate=full --shortstat --format=%H%n%aN%n%aE%n%at%n%ct%n%P%n%D%n%B -z b16c2d3e42276852dc12012920cb9885c64fcd11 [216ms]
2024-09-01 16:27:19.763 [info] > git add -A -- . [12ms]
2024-09-01 16:27:20.699 [info] > git show --textconv :.git/COMMIT_EDITMSG [27ms]
2024-09-01 16:27:20.705 [info] > git ls-files --stage -- /home/logan/.config/.git/COMMIT_EDITMSG [7ms]
2024-09-01 16:27:21.023 [info] > git check-ignore -v -z --stdin [3ms]
2024-09-01 16:27:46.628 [info] > git show --textconv :.gitignore [15ms]
2024-09-01 16:27:46.635 [info] > git ls-files --stage -- /home/logan/.config/.gitignore [8ms]
2024-09-01 16:27:46.646 [info] > git cat-file -s 240d9f1faaa7d192554fdb3c72b34681ad952147 [0ms]
2024-09-01 16:27:48.804 [info] > git show --textconv :.git/COMMIT_EDITMSG [16ms]
2024-09-01 16:27:48.805 [info] > git ls-files --stage -- /home/logan/.config/.git/COMMIT_EDITMSG [2ms]
2024-09-01 16:27:49.113 [info] > git check-ignore -v -z --stdin [3ms]
2024-09-01 16:27:52.639 [info] > git -c user.useConfigOnly=true commit --quiet [32865ms]
2024-09-01 16:27:52.639 [info] Aborting commit due to empty commit message.
2024-09-01 16:27:52.675 [info] > git config --get commit.template [7ms]
2024-09-01 16:27:52.705 [info] > git for-each-ref --format=%(refname)%00%(upstream:short)%00%(objectname)%00%(upstream:track)%00%(upstream:remotename)%00%(upstream:remoteref) refs/heads/main refs/remotes/main [8ms]
2024-09-01 16:27:52.761 [info] > git status -z -uall [30ms]
2024-09-01 16:27:52.797 [info] > git for-each-ref --format=%(refname)%00%(upstream:short)%00%(objectname)%00%(upstream:track)%00%(upstream:remotename)%00%(upstream:remoteref) refs/heads/main refs/remotes/main [9ms]
2024-09-01 16:27:52.822 [info] > git config --local branch.main.vscode-merge-base [2ms]
2024-09-01 16:27:52.822 [warning] [Git][config] git config failed: Failed to execute git
2024-09-01 16:27:52.836 [info] > git reflog main --grep-reflog=branch: Created from *. [3ms]
2024-09-01 16:27:52.855 [info] > git symbolic-ref --short refs/remotes/origin/HEAD [5ms]
2024-09-01 16:27:52.855 [info] fatal: ref refs/remotes/origin/HEAD is not a symbolic ref
2024-09-01 16:27:53.499 [info] > git show --textconv :.gitignore [30ms]
2024-09-01 16:27:53.506 [info] > git ls-files --stage -- /home/logan/.config/.gitignore [7ms]
2024-09-01 16:27:53.535 [info] > git cat-file -s 240d9f1faaa7d192554fdb3c72b34681ad952147 [4ms]
2024-09-01 16:27:53.628 [info] > git check-ignore -v -z --stdin [12ms]
2024-09-01 16:27:56.208 [info] > git -c user.useConfigOnly=true commit --quiet --allow-empty-message --file - [19ms]
2024-09-01 16:27:56.218 [info] > git config --get commit.template [2ms]
2024-09-01 16:27:56.236 [info] > git config --get commit.template [2ms]
2024-09-01 16:27:56.257 [info] > git for-each-ref --format=%(refname)%00%(upstream:short)%00%(objectname)%00%(upstream:track)%00%(upstream:remotename)%00%(upstream:remoteref) refs/heads/main refs/remotes/main [2ms]
2024-09-01 16:27:56.288 [info] > git status -z -uall [15ms]
2024-09-01 16:27:56.312 [info] > git for-each-ref --format=%(refname)%00%(upstream:short)%00%(objectname)%00%(upstream:track)%00%(upstream:remotename)%00%(upstream:remoteref) refs/heads/main refs/remotes/main [15ms]
2024-09-01 16:27:56.325 [info] > git config --local branch.main.vscode-merge-base [3ms]
2024-09-01 16:27:56.325 [warning] [Git][config] git config failed: Failed to execute git
2024-09-01 16:27:56.342 [info] > git reflog main --grep-reflog=branch: Created from *. [4ms]
2024-09-01 16:27:56.357 [info] > git symbolic-ref --short refs/remotes/origin/HEAD [4ms]
2024-09-01 16:27:56.357 [info] fatal: ref refs/remotes/origin/HEAD is not a symbolic ref
2024-09-01 16:27:56.373 [info] > git merge-base refs/heads/main refs/remotes/origin/main [6ms]
2024-09-01 16:27:56.405 [info] > git rev-list --count --left-right refs/heads/main...refs/remotes/origin/main [7ms]
2024-09-01 16:27:56.424 [info] > git diff --name-status -z --diff-filter=ADMR b16c2d3e42276852dc12012920cb9885c64fcd11...refs/remotes/origin/main [2ms]
2024-09-01 16:27:56.748 [info] > git config --get commit.template [34ms]
2024-09-01 16:27:56.753 [info] > git merge-base refs/heads/main refs/remotes/origin/main [18ms]
2024-09-01 16:27:56.814 [info] > git for-each-ref --format=%(refname)%00%(upstream:short)%00%(objectname)%00%(upstream:track)%00%(upstream:remotename)%00%(upstream:remoteref) refs/heads/main refs/remotes/main [35ms]
2024-09-01 16:27:56.842 [info] > git log --format=%H%n%aN%n%aE%n%at%n%ct%n%P%n%D%n%B -z --shortstat --diff-merges=first-parent b16c2d3e42276852dc12012920cb9885c64fcd11.. --topo-order --decorate=full refs/heads/main refs/remotes/origin/main [29ms]
2024-09-01 16:27:56.853 [info] > git status -z -uall [13ms]
2024-09-01 16:27:56.892 [info] > git for-each-ref --format=%(refname)%00%(upstream:short)%00%(objectname)%00%(upstream:track)%00%(upstream:remotename)%00%(upstream:remoteref) refs/heads/main refs/remotes/main [7ms]
2024-09-01 16:27:56.919 [info] > git config --local branch.main.vscode-merge-base [12ms]
2024-09-01 16:27:56.919 [warning] [Git][config] git config failed: Failed to execute git
2024-09-01 16:27:56.938 [info] > git reflog main --grep-reflog=branch: Created from *. [7ms]
2024-09-01 16:27:56.979 [info] > git symbolic-ref --short refs/remotes/origin/HEAD [16ms]
2024-09-01 16:27:56.980 [info] fatal: ref refs/remotes/origin/HEAD is not a symbolic ref
2024-09-01 16:27:57.017 [info] > git show -s --decorate=full --shortstat --format=%H%n%aN%n%aE%n%at%n%ct%n%P%n%D%n%B -z b16c2d3e42276852dc12012920cb9885c64fcd11 [222ms]
2024-09-01 16:27:57.636 [info] > git check-ignore -v -z --stdin [4ms]
2024-09-01 16:28:02.800 [info] > git check-ignore -v -z --stdin [4ms]
2024-09-01 16:28:03.021 [info] > git merge-base refs/heads/main refs/remotes/origin/main [4ms]
2024-09-01 16:28:03.101 [info] > git log --format=%H%n%aN%n%aE%n%at%n%ct%n%P%n%D%n%B -z --shortstat --diff-merges=first-parent b16c2d3e42276852dc12012920cb9885c64fcd11.. --topo-order --decorate=full refs/heads/main refs/remotes/origin/main [27ms]
2024-09-01 16:28:03.220 [info] > git show -s --decorate=full --shortstat --format=%H%n%aN%n%aE%n%at%n%ct%n%P%n%D%n%B -z b16c2d3e42276852dc12012920cb9885c64fcd11 [169ms]
2024-09-01 16:28:03.544 [info] > git check-ignore -v -z --stdin [3ms]
2024-09-01 16:28:05.137 [info] > git show --textconv :.gitignore [10ms]
2024-09-01 16:28:05.139 [info] > git ls-files --stage -- /home/logan/.config/.gitignore [2ms]
2024-09-01 16:28:05.148 [info] > git cat-file -s 240d9f1faaa7d192554fdb3c72b34681ad952147 [2ms]
2024-09-01 16:28:06.179 [info] > git check-ignore -v -z --stdin [3ms]
2024-09-01 16:28:07.239 [info] > git merge-base refs/heads/main refs/remotes/origin/main [1ms]
2024-09-01 16:28:07.300 [info] > git log --format=%H%n%aN%n%aE%n%at%n%ct%n%P%n%D%n%B -z --shortstat --diff-merges=first-parent b16c2d3e42276852dc12012920cb9885c64fcd11.. --topo-order --decorate=full refs/heads/main refs/remotes/origin/main [23ms]
2024-09-01 16:28:07.477 [info] > git show -s --decorate=full --shortstat --format=%H%n%aN%n%aE%n%at%n%ct%n%P%n%D%n%B -z b16c2d3e42276852dc12012920cb9885c64fcd11 [223ms]
2024-09-01 16:28:07.753 [info] > git check-ignore -v -z --stdin [2ms]
