2024-08-31 17:24:45.430 [info] [main] Log level: Info
2024-08-31 17:24:45.430 [info] [main] Validating found git in: "git"
2024-08-31 17:24:45.506 [info] [main] Using git "2.46.0" from "git"
2024-08-31 17:24:45.506 [info] [Model][doInitialScan] Initial repository scan started
2024-08-31 17:24:45.557 [info] > git rev-parse --show-toplevel [18ms]
2024-08-31 17:24:45.558 [info] fatal: not a git repository (or any of the parent directories): .git
2024-08-31 17:24:45.589 [info] > git rev-parse --show-toplevel [5ms]
2024-08-31 17:24:45.589 [info] fatal: not a git repository (or any of the parent directories): .git
2024-08-31 17:24:45.603 [info] > git rev-parse --show-toplevel [6ms]
2024-08-31 17:24:45.604 [info] fatal: not a git repository (or any of the parent directories): .git
2024-08-31 17:24:45.636 [info] > git rev-parse --show-toplevel [8ms]
2024-08-31 17:24:45.636 [info] fatal: not a git repository (or any of the parent directories): .git
2024-08-31 17:24:45.659 [info] > git rev-parse --show-toplevel [3ms]
2024-08-31 17:24:45.664 [info] fatal: not a git repository (or any of the parent directories): .git
2024-08-31 17:24:45.699 [info] > git rev-parse --show-toplevel [4ms]
2024-08-31 17:24:45.699 [info] fatal: not a git repository (or any of the parent directories): .git
2024-08-31 17:24:45.731 [info] > git rev-parse --show-toplevel [22ms]
2024-08-31 17:24:45.734 [info] fatal: not a git repository (or any of the parent directories): .git
2024-08-31 17:24:45.746 [info] > git rev-parse --show-toplevel [1ms]
2024-08-31 17:24:45.746 [info] fatal: not a git repository (or any of the parent directories): .git
2024-08-31 17:24:45.758 [info] > git rev-parse --show-toplevel [4ms]
2024-08-31 17:24:45.759 [info] fatal: not a git repository (or any of the parent directories): .git
2024-08-31 17:24:45.770 [info] > git rev-parse --show-toplevel [3ms]
2024-08-31 17:24:45.770 [info] fatal: not a git repository (or any of the parent directories): .git
2024-08-31 17:24:45.780 [info] > git rev-parse --show-toplevel [1ms]
2024-08-31 17:24:45.780 [info] fatal: not a git repository (or any of the parent directories): .git
2024-08-31 17:24:45.791 [info] > git rev-parse --show-toplevel [2ms]
2024-08-31 17:24:45.793 [info] fatal: not a git repository (or any of the parent directories): .git
2024-08-31 17:24:45.809 [info] > git rev-parse --show-toplevel [1ms]
2024-08-31 17:24:45.814 [info] fatal: not a git repository (or any of the parent directories): .git
2024-08-31 17:24:45.814 [info] [Model][doInitialScan] Initial repository scan completed - repositories (0), closed repositories (0), parent repositories (0), unsafe repositories (0)
2024-08-31 17:24:50.911 [info] > git rev-parse --show-toplevel [4ms]
2024-08-31 17:24:50.911 [info] fatal: not a git repository (or any of the parent directories): .git
2024-08-31 17:24:56.268 [info] > git rev-parse --show-toplevel [2ms]
2024-08-31 17:24:56.268 [info] fatal: not a git repository (or any of the parent directories): .git
2024-08-31 17:24:58.236 [info] > git rev-parse --show-toplevel [2ms]
2024-08-31 17:24:58.236 [info] fatal: not a git repository (or any of the parent directories): .git
2024-08-31 17:25:04.035 [info] > git rev-parse --show-toplevel [0ms]
2024-08-31 17:25:04.035 [info] fatal: not a git repository (or any of the parent directories): .git
