2024-09-01 16:15:54.417 [info] Added views:workbench.panel.markers.view in workbench.panel.markers
2024-09-01 16:15:54.417 [info] Added views:workbench.panel.output in workbench.panel.output
2024-09-01 16:15:54.417 [info] Added views:terminal in terminal
2024-09-01 16:15:54.417 [info] Added views:outline in workbench.view.explorer
2024-09-01 16:15:54.417 [info] Added views:workbench.scm in workbench.view.scm
2024-09-01 16:15:54.417 [info] Added views:workbench.view.search in workbench.view.search
2024-09-01 16:15:54.417 [info] Added views:timeline in workbench.view.explorer
2024-09-01 16:15:54.417 [info] Added views:workbench.explorer.emptyView in workbench.view.explorer
2024-09-01 16:15:54.785 [info] Added views:workbench.debug.welcome in workbench.view.debug
2024-09-01 16:15:56.704 [info] Added views:workbench.panel.repl.view in workbench.panel.repl
2024-09-01 16:15:57.454 [info] Added views:~remote.forwardedPorts in ~remote.forwardedPortsContainer
2024-09-01 16:16:02.898 [info] Added views:workbench.panel.markers.view in workbench.panel.markers
2024-09-01 16:16:02.898 [info] Added views:workbench.panel.output in workbench.panel.output
2024-09-01 16:16:02.898 [info] Added views:terminal in terminal
2024-09-01 16:16:02.898 [info] Added views:outline in workbench.view.explorer
2024-09-01 16:16:02.898 [info] Added views:workbench.scm in workbench.view.scm
2024-09-01 16:16:02.898 [info] Added views:workbench.view.search in workbench.view.search
2024-09-01 16:16:02.898 [info] Added views:timeline in workbench.view.explorer
2024-09-01 16:16:02.898 [info] Added views:workbench.explorer.fileView in workbench.view.explorer
2024-09-01 16:16:03.955 [info] Added views:workbench.debug.variablesView,workbench.debug.watchExpressionsView,workbench.debug.callStackView,workbench.debug.breakPointsView in workbench.view.debug
2024-09-01 16:16:04.561 [info] Added views:workbench.panel.repl.view in workbench.panel.repl
2024-09-01 16:16:04.561 [info] Removed views:workbench.debug.breakPointsView,workbench.debug.callStackView,workbench.debug.watchExpressionsView,workbench.debug.variablesView from workbench.view.debug
2024-09-01 16:16:04.565 [info] Added views:workbench.debug.welcome in workbench.view.debug
2024-09-01 16:16:04.684 [info] Added views:~remote.forwardedPorts in ~remote.forwardedPortsContainer
2024-09-01 16:16:13.118 [info] Added views:workbench.panel.markers.view in workbench.panel.markers
2024-09-01 16:16:13.119 [info] Added views:workbench.panel.output in workbench.panel.output
2024-09-01 16:16:13.119 [info] Added views:terminal in terminal
2024-09-01 16:16:13.119 [info] Added views:outline in workbench.view.explorer
2024-09-01 16:16:13.119 [info] Added views:workbench.scm in workbench.view.scm
2024-09-01 16:16:13.119 [info] Added views:workbench.view.search in workbench.view.search
2024-09-01 16:16:13.119 [info] Added views:timeline in workbench.view.explorer
2024-09-01 16:16:13.119 [info] Added views:workbench.explorer.fileView in workbench.view.explorer
2024-09-01 16:16:13.438 [info] Added views:workbench.debug.welcome in workbench.view.debug
2024-09-01 16:16:15.222 [info] Added views:workbench.panel.repl.view in workbench.panel.repl
2024-09-01 16:16:17.165 [info] Added views:~remote.forwardedPorts in ~remote.forwardedPortsContainer
