2024-09-01 14:19:52.273 [info] [main] Log level: Info
2024-09-01 14:19:52.273 [info] [main] Validating found git in: "git"
2024-09-01 14:19:52.273 [info] [main] Using git "2.46.0" from "git"
2024-09-01 14:19:52.273 [info] [Model][doInitialScan] Initial repository scan started
2024-09-01 14:19:52.273 [info] > git rev-parse --show-toplevel [15ms]
2024-09-01 14:19:52.273 [info] > git rev-parse --git-dir --git-common-dir [4ms]
2024-09-01 14:19:52.273 [info] [Model][openRepository] Opened repository: /home/logan/.config
2024-09-01 14:19:52.318 [info] > git rev-parse --show-toplevel [20ms]
2024-09-01 14:19:52.319 [info] > git config --get commit.template [31ms]
2024-09-01 14:19:52.337 [info] > git for-each-ref --format=%(refname)%00%(upstream:short)%00%(objectname)%00%(upstream:track)%00%(upstream:remotename)%00%(upstream:remoteref) refs/heads/main refs/remotes/main [5ms]
2024-09-01 14:19:52.369 [info] > git status -z -uall [19ms]
2024-09-01 14:19:52.454 [info] > git for-each-ref --format=%(refname)%00%(upstream:short)%00%(objectname)%00%(upstream:track)%00%(upstream:remotename)%00%(upstream:remoteref) refs/heads/main refs/remotes/main [64ms]
2024-09-01 14:19:52.466 [info] > git rev-parse --show-toplevel [102ms]
2024-09-01 14:19:52.478 [info] > git config --local branch.main.vscode-merge-base [11ms]
2024-09-01 14:19:52.478 [warning] [Git][config] git config failed: Failed to execute git
2024-09-01 14:19:52.488 [info] > git config --get commit.template [38ms]
2024-09-01 14:19:52.736 [info] > git reflog main --grep-reflog=branch: Created from *. [248ms]
2024-09-01 14:19:52.763 [info] > git rev-parse --show-toplevel [287ms]
2024-09-01 14:19:52.888 [info] > git check-ignore -v -z --stdin [6ms]
2024-09-01 14:19:52.892 [info] > git rev-parse --show-toplevel [59ms]
2024-09-01 14:19:52.893 [info] > git for-each-ref --format=%(refname)%00%(upstream:short)%00%(objectname)%00%(upstream:track)%00%(upstream:remotename)%00%(upstream:remoteref) refs/heads/main refs/remotes/main [86ms]
2024-09-01 14:19:52.895 [info] > git symbolic-ref --short refs/remotes/origin/HEAD [131ms]
2024-09-01 14:19:52.895 [info] fatal: ref refs/remotes/origin/HEAD is not a symbolic ref
2024-09-01 14:19:53.007 [info] > git merge-base refs/heads/main refs/remotes/origin/main [89ms]
2024-09-01 14:19:53.023 [info] > git rev-parse --show-toplevel [18ms]
2024-09-01 14:19:53.036 [info] > git rev-list --count --left-right refs/heads/main...refs/remotes/origin/main [15ms]
2024-09-01 14:19:53.066 [info] > git rev-parse --show-toplevel [31ms]
2024-09-01 14:19:53.080 [info] > git diff --name-status -z --diff-filter=ADMR 0ef04b9f4c75ebf5e38266f4676beb9d9e331b3e...refs/remotes/origin/main [24ms]
2024-09-01 14:19:53.084 [info] > git status -z -uall [19ms]
2024-09-01 14:19:53.084 [info] > git rev-parse --show-toplevel [5ms]
2024-09-01 14:19:53.143 [info] > git for-each-ref --format=%(refname)%00%(upstream:short)%00%(objectname)%00%(upstream:track)%00%(upstream:remotename)%00%(upstream:remoteref) refs/heads/main refs/remotes/main [40ms]
2024-09-01 14:19:53.175 [info] > git rev-parse --show-toplevel [32ms]
2024-09-01 14:19:53.194 [info] > git config --local branch.main.vscode-merge-base [31ms]
2024-09-01 14:19:53.194 [warning] [Git][config] git config failed: Failed to execute git
2024-09-01 14:19:53.430 [info] > git reflog main --grep-reflog=branch: Created from *. [217ms]
2024-09-01 14:19:53.439 [info] > git rev-parse --show-toplevel [252ms]
2024-09-01 14:19:53.451 [info] > git symbolic-ref --short refs/remotes/origin/HEAD [13ms]
2024-09-01 14:19:53.451 [info] fatal: ref refs/remotes/origin/HEAD is not a symbolic ref
2024-09-01 14:19:53.454 [info] > git rev-parse --show-toplevel [4ms]
2024-09-01 14:19:53.483 [info] > git rev-parse --show-toplevel [11ms]
2024-09-01 14:19:53.520 [info] > git rev-parse --show-toplevel [4ms]
2024-09-01 14:19:53.531 [info] > git rev-parse --show-toplevel [2ms]
2024-09-01 14:19:53.545 [info] > git rev-parse --show-toplevel [1ms]
2024-09-01 14:19:53.545 [info] [Model][doInitialScan] Initial repository scan completed - repositories (1), closed repositories (0), parent repositories (0), unsafe repositories (0)
2024-09-01 14:19:53.879 [info] > git show --textconv :rofi/catppuccin-mocha.rasi [16ms]
2024-09-01 14:19:53.880 [info] > git ls-files --stage -- /home/logan/.config/rofi/catppuccin-mocha.rasi [0ms]
2024-09-01 14:19:57.335 [info] > git for-each-ref --format=%(refname)%00%(upstream:short)%00%(objectname)%00%(upstream:track)%00%(upstream:remotename)%00%(upstream:remoteref) refs/heads/main refs/remotes/main [3ms]
2024-09-01 14:19:57.335 [info] > git config --get commit.template [19ms]
2024-09-01 14:19:57.358 [info] > git status -z -uall [12ms]
2024-09-01 14:19:57.390 [info] > git for-each-ref --format=%(refname)%00%(upstream:short)%00%(objectname)%00%(upstream:track)%00%(upstream:remotename)%00%(upstream:remoteref) refs/heads/main refs/remotes/main [17ms]
2024-09-01 14:19:57.409 [info] > git config --local branch.main.vscode-merge-base [8ms]
2024-09-01 14:19:57.410 [warning] [Git][config] git config failed: Failed to execute git
2024-09-01 14:19:57.424 [info] > git reflog main --grep-reflog=branch: Created from *. [4ms]
2024-09-01 14:19:57.435 [info] > git symbolic-ref --short refs/remotes/origin/HEAD [1ms]
2024-09-01 14:19:57.435 [info] fatal: ref refs/remotes/origin/HEAD is not a symbolic ref
2024-09-01 14:20:02.401 [info] > git config --get commit.template [3ms]
2024-09-01 14:20:02.408 [info] > git for-each-ref --format=%(refname)%00%(upstream:short)%00%(objectname)%00%(upstream:track)%00%(upstream:remotename)%00%(upstream:remoteref) refs/heads/main refs/remotes/main [2ms]
2024-09-01 14:20:02.421 [info] > git status -z -uall [5ms]
2024-09-01 14:20:02.451 [info] > git for-each-ref --format=%(refname)%00%(upstream:short)%00%(objectname)%00%(upstream:track)%00%(upstream:remotename)%00%(upstream:remoteref) refs/heads/main refs/remotes/main [17ms]
2024-09-01 14:20:02.464 [info] > git config --local branch.main.vscode-merge-base [3ms]
2024-09-01 14:20:02.464 [warning] [Git][config] git config failed: Failed to execute git
2024-09-01 14:20:02.474 [info] > git reflog main --grep-reflog=branch: Created from *. [4ms]
2024-09-01 14:20:02.483 [info] > git symbolic-ref --short refs/remotes/origin/HEAD [1ms]
2024-09-01 14:20:02.483 [info] fatal: ref refs/remotes/origin/HEAD is not a symbolic ref
2024-09-01 14:20:07.464 [info] > git config --get commit.template [9ms]
2024-09-01 14:20:07.464 [info] > git for-each-ref --format=%(refname)%00%(upstream:short)%00%(objectname)%00%(upstream:track)%00%(upstream:remotename)%00%(upstream:remoteref) refs/heads/main refs/remotes/main [1ms]
2024-09-01 14:20:07.479 [info] > git status -z -uall [5ms]
2024-09-01 14:20:07.511 [info] > git for-each-ref --format=%(refname)%00%(upstream:short)%00%(objectname)%00%(upstream:track)%00%(upstream:remotename)%00%(upstream:remoteref) refs/heads/main refs/remotes/main [14ms]
2024-09-01 14:20:07.523 [info] > git config --local branch.main.vscode-merge-base [0ms]
2024-09-01 14:20:07.524 [warning] [Git][config] git config failed: Failed to execute git
2024-09-01 14:20:07.540 [info] > git reflog main --grep-reflog=branch: Created from *. [8ms]
2024-09-01 14:20:07.549 [info] > git symbolic-ref --short refs/remotes/origin/HEAD [2ms]
2024-09-01 14:20:07.549 [info] fatal: ref refs/remotes/origin/HEAD is not a symbolic ref
2024-09-01 14:20:12.527 [info] > git config --get commit.template [7ms]
2024-09-01 14:20:12.528 [info] > git for-each-ref --format=%(refname)%00%(upstream:short)%00%(objectname)%00%(upstream:track)%00%(upstream:remotename)%00%(upstream:remoteref) refs/heads/main refs/remotes/main [2ms]
2024-09-01 14:20:12.540 [info] > git status -z -uall [6ms]
2024-09-01 14:20:12.560 [info] > git for-each-ref --format=%(refname)%00%(upstream:short)%00%(objectname)%00%(upstream:track)%00%(upstream:remotename)%00%(upstream:remoteref) refs/heads/main refs/remotes/main [9ms]
2024-09-01 14:20:12.572 [info] > git config --local branch.main.vscode-merge-base [4ms]
2024-09-01 14:20:12.572 [warning] [Git][config] git config failed: Failed to execute git
2024-09-01 14:20:12.582 [info] > git reflog main --grep-reflog=branch: Created from *. [4ms]
2024-09-01 14:20:12.589 [info] > git symbolic-ref --short refs/remotes/origin/HEAD [1ms]
2024-09-01 14:20:12.589 [info] fatal: ref refs/remotes/origin/HEAD is not a symbolic ref
2024-09-01 14:20:17.575 [info] > git config --get commit.template [9ms]
2024-09-01 14:20:17.576 [info] > git for-each-ref --format=%(refname)%00%(upstream:short)%00%(objectname)%00%(upstream:track)%00%(upstream:remotename)%00%(upstream:remoteref) refs/heads/main refs/remotes/main [1ms]
2024-09-01 14:20:17.591 [info] > git status -z -uall [7ms]
2024-09-01 14:20:17.614 [info] > git for-each-ref --format=%(refname)%00%(upstream:short)%00%(objectname)%00%(upstream:track)%00%(upstream:remotename)%00%(upstream:remoteref) refs/heads/main refs/remotes/main [11ms]
2024-09-01 14:20:17.642 [info] > git config --local branch.main.vscode-merge-base [19ms]
2024-09-01 14:20:17.642 [warning] [Git][config] git config failed: Failed to execute git
2024-09-01 14:20:17.684 [info] > git reflog main --grep-reflog=branch: Created from *. [19ms]
2024-09-01 14:20:17.792 [info] > git symbolic-ref --short refs/remotes/origin/HEAD [92ms]
2024-09-01 14:20:17.792 [info] fatal: ref refs/remotes/origin/HEAD is not a symbolic ref
2024-09-01 14:20:21.236 [info] > git show --textconv :rofi/catppuccin-mocha.rasi [10ms]
2024-09-01 14:20:21.238 [info] > git ls-files --stage -- /home/logan/.config/rofi/catppuccin-mocha.rasi [3ms]
2024-09-01 14:20:22.635 [info] > git config --get commit.template [11ms]
2024-09-01 14:20:22.635 [info] > git for-each-ref --format=%(refname)%00%(upstream:short)%00%(objectname)%00%(upstream:track)%00%(upstream:remotename)%00%(upstream:remoteref) refs/heads/main refs/remotes/main [2ms]
2024-09-01 14:20:22.653 [info] > git status -z -uall [8ms]
2024-09-01 14:20:22.678 [info] > git for-each-ref --format=%(refname)%00%(upstream:short)%00%(objectname)%00%(upstream:track)%00%(upstream:remotename)%00%(upstream:remoteref) refs/heads/main refs/remotes/main [12ms]
2024-09-01 14:20:22.689 [info] > git config --local branch.main.vscode-merge-base [2ms]
2024-09-01 14:20:22.690 [warning] [Git][config] git config failed: Failed to execute git
2024-09-01 14:20:22.708 [info] > git reflog main --grep-reflog=branch: Created from *. [7ms]
2024-09-01 14:20:22.717 [info] > git symbolic-ref --short refs/remotes/origin/HEAD [2ms]
2024-09-01 14:20:22.717 [info] fatal: ref refs/remotes/origin/HEAD is not a symbolic ref
2024-09-01 14:20:27.711 [info] > git for-each-ref --format=%(refname)%00%(upstream:short)%00%(objectname)%00%(upstream:track)%00%(upstream:remotename)%00%(upstream:remoteref) refs/heads/main refs/remotes/main [2ms]
2024-09-01 14:20:27.712 [info] > git config --get commit.template [15ms]
2024-09-01 14:20:27.731 [info] > git status -z -uall [4ms]
2024-09-01 14:20:27.754 [info] > git for-each-ref --format=%(refname)%00%(upstream:short)%00%(objectname)%00%(upstream:track)%00%(upstream:remotename)%00%(upstream:remoteref) refs/heads/main refs/remotes/main [8ms]
2024-09-01 14:20:27.771 [info] > git config --local branch.main.vscode-merge-base [8ms]
2024-09-01 14:20:27.771 [warning] [Git][config] git config failed: Failed to execute git
2024-09-01 14:20:27.790 [info] > git reflog main --grep-reflog=branch: Created from *. [8ms]
2024-09-01 14:20:27.802 [info] > git symbolic-ref --short refs/remotes/origin/HEAD [3ms]
2024-09-01 14:20:27.802 [info] fatal: ref refs/remotes/origin/HEAD is not a symbolic ref
2024-09-01 14:20:32.773 [info] > git config --get commit.template [3ms]
2024-09-01 14:20:32.798 [info] > git for-each-ref --format=%(refname)%00%(upstream:short)%00%(objectname)%00%(upstream:track)%00%(upstream:remotename)%00%(upstream:remoteref) refs/heads/main refs/remotes/main [7ms]
2024-09-01 14:20:32.824 [info] > git status -z -uall [14ms]
2024-09-01 14:20:32.858 [info] > git for-each-ref --format=%(refname)%00%(upstream:short)%00%(objectname)%00%(upstream:track)%00%(upstream:remotename)%00%(upstream:remoteref) refs/heads/main refs/remotes/main [13ms]
2024-09-01 14:20:32.880 [info] > git config --local branch.main.vscode-merge-base [1ms]
2024-09-01 14:20:32.881 [warning] [Git][config] git config failed: Failed to execute git
2024-09-01 14:20:32.907 [info] > git reflog main --grep-reflog=branch: Created from *. [6ms]
2024-09-01 14:20:33.002 [info] > git symbolic-ref --short refs/remotes/origin/HEAD [75ms]
2024-09-01 14:20:33.002 [info] fatal: ref refs/remotes/origin/HEAD is not a symbolic ref
2024-09-01 14:20:33.026 [info] > git show --textconv :rofi/catppuccin-mocha.rasi [10ms]
2024-09-01 14:20:33.027 [info] > git ls-files --stage -- /home/logan/.config/rofi/catppuccin-mocha.rasi [2ms]
2024-09-01 14:20:37.876 [info] > git config --get commit.template [4ms]
2024-09-01 14:20:37.895 [info] > git for-each-ref --format=%(refname)%00%(upstream:short)%00%(objectname)%00%(upstream:track)%00%(upstream:remotename)%00%(upstream:remoteref) refs/heads/main refs/remotes/main [4ms]
2024-09-01 14:20:37.921 [info] > git status -z -uall [14ms]
2024-09-01 14:20:37.950 [info] > git for-each-ref --format=%(refname)%00%(upstream:short)%00%(objectname)%00%(upstream:track)%00%(upstream:remotename)%00%(upstream:remoteref) refs/heads/main refs/remotes/main [16ms]
2024-09-01 14:20:37.974 [info] > git config --local branch.main.vscode-merge-base [10ms]
2024-09-01 14:20:37.974 [warning] [Git][config] git config failed: Failed to execute git
2024-09-01 14:20:37.994 [info] > git reflog main --grep-reflog=branch: Created from *. [9ms]
2024-09-01 14:20:38.007 [info] > git symbolic-ref --short refs/remotes/origin/HEAD [2ms]
2024-09-01 14:20:38.007 [info] fatal: ref refs/remotes/origin/HEAD is not a symbolic ref
2024-09-01 14:20:42.966 [info] > git config --get commit.template [7ms]
2024-09-01 14:20:42.968 [info] > git for-each-ref --format=%(refname)%00%(upstream:short)%00%(objectname)%00%(upstream:track)%00%(upstream:remotename)%00%(upstream:remoteref) refs/heads/main refs/remotes/main [3ms]
2024-09-01 14:20:42.979 [info] > git status -z -uall [5ms]
2024-09-01 14:20:42.996 [info] > git for-each-ref --format=%(refname)%00%(upstream:short)%00%(objectname)%00%(upstream:track)%00%(upstream:remotename)%00%(upstream:remoteref) refs/heads/main refs/remotes/main [8ms]
2024-09-01 14:20:43.017 [info] > git config --local branch.main.vscode-merge-base [4ms]
2024-09-01 14:20:43.017 [warning] [Git][config] git config failed: Failed to execute git
2024-09-01 14:20:43.050 [info] > git reflog main --grep-reflog=branch: Created from *. [3ms]
2024-09-01 14:20:43.077 [info] > git symbolic-ref --short refs/remotes/origin/HEAD [7ms]
2024-09-01 14:20:43.077 [info] fatal: ref refs/remotes/origin/HEAD is not a symbolic ref
2024-09-01 14:20:45.028 [info] > git show --textconv :rofi/catppuccin-mocha.rasi [8ms]
2024-09-01 14:20:45.030 [info] > git ls-files --stage -- /home/logan/.config/rofi/catppuccin-mocha.rasi [3ms]
2024-09-01 14:20:48.011 [info] > git config --get commit.template [7ms]
2024-09-01 14:20:48.012 [info] > git for-each-ref --format=%(refname)%00%(upstream:short)%00%(objectname)%00%(upstream:track)%00%(upstream:remotename)%00%(upstream:remoteref) refs/heads/main refs/remotes/main [2ms]
2024-09-01 14:20:48.024 [info] > git status -z -uall [6ms]
2024-09-01 14:20:48.040 [info] > git for-each-ref --format=%(refname)%00%(upstream:short)%00%(objectname)%00%(upstream:track)%00%(upstream:remotename)%00%(upstream:remoteref) refs/heads/main refs/remotes/main [7ms]
2024-09-01 14:20:48.050 [info] > git config --local branch.main.vscode-merge-base [4ms]
2024-09-01 14:20:48.050 [warning] [Git][config] git config failed: Failed to execute git
2024-09-01 14:20:48.060 [info] > git reflog main --grep-reflog=branch: Created from *. [3ms]
2024-09-01 14:20:48.068 [info] > git symbolic-ref --short refs/remotes/origin/HEAD [2ms]
2024-09-01 14:20:48.068 [info] fatal: ref refs/remotes/origin/HEAD is not a symbolic ref
2024-09-01 14:20:50.099 [info] > git show --textconv :rofi/config.rasi [0ms]
2024-09-01 14:20:50.110 [info] > git ls-files --stage -- /home/logan/.config/rofi/config.rasi [1ms]
2024-09-01 14:20:50.444 [info] > git show --textconv :rofi/catppuccin-mocha.rasi [7ms]
2024-09-01 14:20:50.446 [info] > git ls-files --stage -- /home/logan/.config/rofi/catppuccin-mocha.rasi [2ms]
2024-09-01 14:20:53.058 [info] > git config --get commit.template [9ms]
2024-09-01 14:20:53.059 [info] > git for-each-ref --format=%(refname)%00%(upstream:short)%00%(objectname)%00%(upstream:track)%00%(upstream:remotename)%00%(upstream:remoteref) refs/heads/main refs/remotes/main [2ms]
2024-09-01 14:20:53.075 [info] > git status -z -uall [6ms]
2024-09-01 14:20:53.099 [info] > git for-each-ref --format=%(refname)%00%(upstream:short)%00%(objectname)%00%(upstream:track)%00%(upstream:remotename)%00%(upstream:remoteref) refs/heads/main refs/remotes/main [13ms]
2024-09-01 14:20:53.112 [info] > git config --local branch.main.vscode-merge-base [3ms]
2024-09-01 14:20:53.113 [warning] [Git][config] git config failed: Failed to execute git
2024-09-01 14:20:53.123 [info] > git reflog main --grep-reflog=branch: Created from *. [4ms]
2024-09-01 14:20:53.131 [info] > git symbolic-ref --short refs/remotes/origin/HEAD [1ms]
2024-09-01 14:20:53.131 [info] fatal: ref refs/remotes/origin/HEAD is not a symbolic ref
2024-09-01 14:20:58.112 [info] > git config --get commit.template [1ms]
2024-09-01 14:20:58.123 [info] > git for-each-ref --format=%(refname)%00%(upstream:short)%00%(objectname)%00%(upstream:track)%00%(upstream:remotename)%00%(upstream:remoteref) refs/heads/main refs/remotes/main [2ms]
2024-09-01 14:20:58.151 [info] > git status -z -uall [13ms]
2024-09-01 14:20:58.178 [info] > git for-each-ref --format=%(refname)%00%(upstream:short)%00%(objectname)%00%(upstream:track)%00%(upstream:remotename)%00%(upstream:remoteref) refs/heads/main refs/remotes/main [12ms]
2024-09-01 14:20:58.193 [info] > git config --local branch.main.vscode-merge-base [4ms]
2024-09-01 14:20:58.194 [warning] [Git][config] git config failed: Failed to execute git
2024-09-01 14:20:58.220 [info] > git reflog main --grep-reflog=branch: Created from *. [10ms]
2024-09-01 14:20:58.231 [info] > git symbolic-ref --short refs/remotes/origin/HEAD [1ms]
2024-09-01 14:20:58.231 [info] fatal: ref refs/remotes/origin/HEAD is not a symbolic ref
2024-09-01 14:21:03.190 [info] > git config --get commit.template [1ms]
2024-09-01 14:21:03.198 [info] > git for-each-ref --format=%(refname)%00%(upstream:short)%00%(objectname)%00%(upstream:track)%00%(upstream:remotename)%00%(upstream:remoteref) refs/heads/main refs/remotes/main [2ms]
2024-09-01 14:21:03.210 [info] > git status -z -uall [6ms]
2024-09-01 14:21:03.227 [info] > git for-each-ref --format=%(refname)%00%(upstream:short)%00%(objectname)%00%(upstream:track)%00%(upstream:remotename)%00%(upstream:remoteref) refs/heads/main refs/remotes/main [7ms]
2024-09-01 14:21:03.249 [info] > git config --local branch.main.vscode-merge-base [3ms]
2024-09-01 14:21:03.249 [warning] [Git][config] git config failed: Failed to execute git
2024-09-01 14:21:03.260 [info] > git reflog main --grep-reflog=branch: Created from *. [3ms]
2024-09-01 14:21:03.267 [info] > git symbolic-ref --short refs/remotes/origin/HEAD [2ms]
2024-09-01 14:21:03.267 [info] fatal: ref refs/remotes/origin/HEAD is not a symbolic ref
2024-09-01 14:21:08.243 [info] > git config --get commit.template [8ms]
2024-09-01 14:21:08.244 [info] > git for-each-ref --format=%(refname)%00%(upstream:short)%00%(objectname)%00%(upstream:track)%00%(upstream:remotename)%00%(upstream:remoteref) refs/heads/main refs/remotes/main [2ms]
2024-09-01 14:21:08.264 [info] > git status -z -uall [6ms]
2024-09-01 14:21:08.288 [info] > git for-each-ref --format=%(refname)%00%(upstream:short)%00%(objectname)%00%(upstream:track)%00%(upstream:remotename)%00%(upstream:remoteref) refs/heads/main refs/remotes/main [11ms]
2024-09-01 14:21:08.298 [info] > git config --local branch.main.vscode-merge-base [3ms]
2024-09-01 14:21:08.299 [warning] [Git][config] git config failed: Failed to execute git
2024-09-01 14:21:08.309 [info] > git reflog main --grep-reflog=branch: Created from *. [4ms]
2024-09-01 14:21:08.316 [info] > git symbolic-ref --short refs/remotes/origin/HEAD [1ms]
2024-09-01 14:21:08.316 [info] fatal: ref refs/remotes/origin/HEAD is not a symbolic ref
2024-09-01 14:21:13.303 [info] > git config --get commit.template [9ms]
2024-09-01 14:21:13.304 [info] > git for-each-ref --format=%(refname)%00%(upstream:short)%00%(objectname)%00%(upstream:track)%00%(upstream:remotename)%00%(upstream:remoteref) refs/heads/main refs/remotes/main [2ms]
2024-09-01 14:21:13.317 [info] > git status -z -uall [6ms]
2024-09-01 14:21:13.338 [info] > git for-each-ref --format=%(refname)%00%(upstream:short)%00%(objectname)%00%(upstream:track)%00%(upstream:remotename)%00%(upstream:remoteref) refs/heads/main refs/remotes/main [11ms]
2024-09-01 14:21:13.350 [info] > git config --local branch.main.vscode-merge-base [3ms]
2024-09-01 14:21:13.351 [warning] [Git][config] git config failed: Failed to execute git
2024-09-01 14:21:13.362 [info] > git reflog main --grep-reflog=branch: Created from *. [2ms]
2024-09-01 14:21:13.370 [info] > git symbolic-ref --short refs/remotes/origin/HEAD [2ms]
2024-09-01 14:21:13.370 [info] fatal: ref refs/remotes/origin/HEAD is not a symbolic ref
2024-09-01 14:21:20.254 [info] > git config --get commit.template [2ms]
2024-09-01 14:21:20.301 [info] > git for-each-ref --format=%(refname)%00%(upstream:short)%00%(objectname)%00%(upstream:track)%00%(upstream:remotename)%00%(upstream:remoteref) refs/heads/main refs/remotes/main [12ms]
2024-09-01 14:21:20.385 [info] > git status -z -uall [24ms]
2024-09-01 14:21:20.435 [info] > git for-each-ref --format=%(refname)%00%(upstream:short)%00%(objectname)%00%(upstream:track)%00%(upstream:remotename)%00%(upstream:remoteref) refs/heads/main refs/remotes/main [20ms]
2024-09-01 14:21:20.457 [info] > git config --local branch.main.vscode-merge-base [1ms]
2024-09-01 14:21:20.458 [warning] [Git][config] git config failed: Failed to execute git
2024-09-01 14:21:20.499 [info] > git reflog main --grep-reflog=branch: Created from *. [24ms]
2024-09-01 14:21:20.742 [info] > git symbolic-ref --short refs/remotes/origin/HEAD [213ms]
2024-09-01 14:21:20.742 [info] fatal: ref refs/remotes/origin/HEAD is not a symbolic ref
2024-09-01 14:21:25.458 [info] > git config --get commit.template [11ms]
2024-09-01 14:21:25.462 [info] > git for-each-ref --format=%(refname)%00%(upstream:short)%00%(objectname)%00%(upstream:track)%00%(upstream:remotename)%00%(upstream:remoteref) refs/heads/main refs/remotes/main [5ms]
2024-09-01 14:21:25.486 [info] > git status -z -uall [16ms]
2024-09-01 14:21:25.518 [info] > git for-each-ref --format=%(refname)%00%(upstream:short)%00%(objectname)%00%(upstream:track)%00%(upstream:remotename)%00%(upstream:remoteref) refs/heads/main refs/remotes/main [20ms]
2024-09-01 14:21:25.539 [info] > git config --local branch.main.vscode-merge-base [3ms]
2024-09-01 14:21:25.539 [warning] [Git][config] git config failed: Failed to execute git
2024-09-01 14:21:25.552 [info] > git reflog main --grep-reflog=branch: Created from *. [5ms]
2024-09-01 14:21:25.564 [info] > git symbolic-ref --short refs/remotes/origin/HEAD [5ms]
2024-09-01 14:21:25.564 [info] fatal: ref refs/remotes/origin/HEAD is not a symbolic ref
2024-09-01 14:21:25.947 [info] > git show --textconv :polybar/config.ini [0ms]
2024-09-01 14:21:25.963 [info] > git ls-files --stage -- /home/logan/.config/polybar/config.ini [3ms]
2024-09-01 14:21:30.534 [info] > git config --get commit.template [7ms]
2024-09-01 14:21:30.536 [info] > git for-each-ref --format=%(refname)%00%(upstream:short)%00%(objectname)%00%(upstream:track)%00%(upstream:remotename)%00%(upstream:remoteref) refs/heads/main refs/remotes/main [2ms]
2024-09-01 14:21:30.547 [info] > git status -z -uall [5ms]
2024-09-01 14:21:30.567 [info] > git for-each-ref --format=%(refname)%00%(upstream:short)%00%(objectname)%00%(upstream:track)%00%(upstream:remotename)%00%(upstream:remoteref) refs/heads/main refs/remotes/main [9ms]
2024-09-01 14:21:30.579 [info] > git config --local branch.main.vscode-merge-base [5ms]
2024-09-01 14:21:30.580 [warning] [Git][config] git config failed: Failed to execute git
2024-09-01 14:21:30.593 [info] > git reflog main --grep-reflog=branch: Created from *. [4ms]
2024-09-01 14:21:30.600 [info] > git symbolic-ref --short refs/remotes/origin/HEAD [2ms]
2024-09-01 14:21:30.600 [info] fatal: ref refs/remotes/origin/HEAD is not a symbolic ref
2024-09-01 14:21:31.991 [info] > git show --textconv :rofi/config.rasi [9ms]
2024-09-01 14:21:31.992 [info] > git ls-files --stage -- /home/logan/.config/rofi/config.rasi [2ms]
2024-09-01 14:21:35.592 [info] > git config --get commit.template [11ms]
2024-09-01 14:21:35.595 [info] > git for-each-ref --format=%(refname)%00%(upstream:short)%00%(objectname)%00%(upstream:track)%00%(upstream:remotename)%00%(upstream:remoteref) refs/heads/main refs/remotes/main [3ms]
2024-09-01 14:21:35.615 [info] > git status -z -uall [9ms]
2024-09-01 14:21:35.637 [info] > git for-each-ref --format=%(refname)%00%(upstream:short)%00%(objectname)%00%(upstream:track)%00%(upstream:remotename)%00%(upstream:remoteref) refs/heads/main refs/remotes/main [8ms]
2024-09-01 14:21:35.650 [info] > git config --local branch.main.vscode-merge-base [6ms]
2024-09-01 14:21:35.650 [warning] [Git][config] git config failed: Failed to execute git
2024-09-01 14:21:35.660 [info] > git reflog main --grep-reflog=branch: Created from *. [3ms]
2024-09-01 14:21:35.668 [info] > git symbolic-ref --short refs/remotes/origin/HEAD [1ms]
2024-09-01 14:21:35.668 [info] fatal: ref refs/remotes/origin/HEAD is not a symbolic ref
2024-09-01 14:21:35.786 [info] > git show --textconv :polybar/config.ini [66ms]
2024-09-01 14:21:35.790 [info] > git ls-files --stage -- /home/logan/.config/polybar/config.ini [5ms]
2024-09-01 14:21:40.653 [info] > git config --get commit.template [3ms]
2024-09-01 14:21:40.665 [info] > git for-each-ref --format=%(refname)%00%(upstream:short)%00%(objectname)%00%(upstream:track)%00%(upstream:remotename)%00%(upstream:remoteref) refs/heads/main refs/remotes/main [3ms]
2024-09-01 14:21:40.681 [info] > git status -z -uall [8ms]
2024-09-01 14:21:40.710 [info] > git for-each-ref --format=%(refname)%00%(upstream:short)%00%(objectname)%00%(upstream:track)%00%(upstream:remotename)%00%(upstream:remoteref) refs/heads/main refs/remotes/main [13ms]
2024-09-01 14:21:40.730 [info] > git config --local branch.main.vscode-merge-base [9ms]
2024-09-01 14:21:40.730 [warning] [Git][config] git config failed: Failed to execute git
2024-09-01 14:21:40.749 [info] > git reflog main --grep-reflog=branch: Created from *. [6ms]
2024-09-01 14:21:40.762 [info] > git symbolic-ref --short refs/remotes/origin/HEAD [4ms]
2024-09-01 14:21:40.762 [info] fatal: ref refs/remotes/origin/HEAD is not a symbolic ref
2024-09-01 14:21:42.252 [info] > git merge-base refs/heads/main refs/remotes/origin/main [4ms]
2024-09-01 14:21:42.286 [info] > git log --format=%H%n%aN%n%aE%n%at%n%ct%n%P%n%D%n%B -z --shortstat --diff-merges=first-parent 0ef04b9f4c75ebf5e38266f4676beb9d9e331b3e.. --topo-order --decorate=full refs/heads/main refs/remotes/origin/main [5ms]
2024-09-01 14:21:42.523 [info] > git show -s --decorate=full --shortstat --format=%H%n%aN%n%aE%n%at%n%ct%n%P%n%D%n%B -z 0ef04b9f4c75ebf5e38266f4676beb9d9e331b3e [257ms]
2024-09-01 14:21:42.848 [info] > git merge-base refs/heads/main refs/remotes/origin/main [8ms]
2024-09-01 14:21:43.145 [info] > git log --format=%H%n%aN%n%aE%n%at%n%ct%n%P%n%D%n%B -z --shortstat --diff-merges=first-parent 0ef04b9f4c75ebf5e38266f4676beb9d9e331b3e.. --topo-order --decorate=full refs/heads/main refs/remotes/origin/main [8ms]
2024-09-01 14:21:43.442 [info] > git check-ignore -v -z --stdin [3ms]
2024-09-01 14:21:43.460 [info] > git show -s --decorate=full --shortstat --format=%H%n%aN%n%aE%n%at%n%ct%n%P%n%D%n%B -z 0ef04b9f4c75ebf5e38266f4676beb9d9e331b3e [337ms]
2024-09-01 14:21:44.248 [info] > git check-ignore -v -z --stdin [2ms]
2024-09-01 14:21:45.738 [info] > git config --get commit.template [5ms]
2024-09-01 14:21:45.755 [info] > git for-each-ref --format=%(refname)%00%(upstream:short)%00%(objectname)%00%(upstream:track)%00%(upstream:remotename)%00%(upstream:remoteref) refs/heads/main refs/remotes/main [2ms]
2024-09-01 14:21:45.788 [info] > git status -z -uall [25ms]
2024-09-01 14:21:45.858 [info] > git for-each-ref --format=%(refname)%00%(upstream:short)%00%(objectname)%00%(upstream:track)%00%(upstream:remotename)%00%(upstream:remoteref) refs/heads/main refs/remotes/main [31ms]
2024-09-01 14:21:45.884 [info] > git config --local branch.main.vscode-merge-base [7ms]
2024-09-01 14:21:45.885 [warning] [Git][config] git config failed: Failed to execute git
2024-09-01 14:21:46.016 [info] > git reflog main --grep-reflog=branch: Created from *. [113ms]
2024-09-01 14:21:46.028 [info] > git symbolic-ref --short refs/remotes/origin/HEAD [5ms]
2024-09-01 14:21:46.029 [info] fatal: ref refs/remotes/origin/HEAD is not a symbolic ref
2024-09-01 14:21:47.005 [info] > git check-ignore -v -z --stdin [2ms]
2024-09-01 14:21:48.305 [info] > git check-ignore -v -z --stdin [3ms]
2024-09-01 14:21:50.917 [info] > git config --get commit.template [30ms]
2024-09-01 14:21:50.931 [info] > git for-each-ref --format=%(refname)%00%(upstream:short)%00%(objectname)%00%(upstream:track)%00%(upstream:remotename)%00%(upstream:remoteref) refs/heads/main refs/remotes/main [17ms]
2024-09-01 14:21:50.966 [info] > git status -z -uall [19ms]
2024-09-01 14:21:50.999 [info] > git for-each-ref --format=%(refname)%00%(upstream:short)%00%(objectname)%00%(upstream:track)%00%(upstream:remotename)%00%(upstream:remoteref) refs/heads/main refs/remotes/main [19ms]
2024-09-01 14:21:51.018 [info] > git config --local branch.main.vscode-merge-base [2ms]
2024-09-01 14:21:51.018 [warning] [Git][config] git config failed: Failed to execute git
2024-09-01 14:21:51.040 [info] > git reflog main --grep-reflog=branch: Created from *. [11ms]
2024-09-01 14:21:51.051 [info] > git symbolic-ref --short refs/remotes/origin/HEAD [1ms]
2024-09-01 14:21:51.052 [info] fatal: ref refs/remotes/origin/HEAD is not a symbolic ref
