2024-08-31 17:18:47.180 [info] Added views:workbench.panel.markers.view in workbench.panel.markers
2024-08-31 17:18:47.180 [info] Added views:workbench.panel.output in workbench.panel.output
2024-08-31 17:18:47.180 [info] Added views:terminal in terminal
2024-08-31 17:18:47.180 [info] Added views:outline in workbench.view.explorer
2024-08-31 17:18:47.180 [info] Added views:workbench.scm in workbench.view.scm
2024-08-31 17:18:47.180 [info] Added views:workbench.view.search in workbench.view.search
2024-08-31 17:18:47.180 [info] Added views:timeline in workbench.view.explorer
2024-08-31 17:18:47.180 [info] Added views:workbench.explorer.emptyView in workbench.view.explorer
2024-08-31 17:18:47.463 [info] Added views:workbench.debug.variablesView,workbench.debug.watchExpressionsView,workbench.debug.callStackView,workbench.debug.breakPointsView in workbench.view.debug
2024-08-31 17:18:49.864 [info] Added views:workbench.panel.repl.view in workbench.panel.repl
2024-08-31 17:18:49.864 [info] Removed views:workbench.debug.breakPointsView,workbench.debug.callStackView,workbench.debug.watchExpressionsView,workbench.debug.variablesView from workbench.view.debug
2024-08-31 17:18:49.868 [info] Added views:workbench.debug.welcome in workbench.view.debug
2024-08-31 17:18:51.192 [info] Added views:~remote.forwardedPorts in ~remote.forwardedPortsContainer
2024-08-31 17:24:39.826 [info] Added views:workbench.panel.markers.view in workbench.panel.markers
2024-08-31 17:24:39.826 [info] Added views:workbench.panel.output in workbench.panel.output
2024-08-31 17:24:39.826 [info] Added views:terminal in terminal
2024-08-31 17:24:39.826 [info] Added views:outline in workbench.view.explorer
2024-08-31 17:24:39.826 [info] Added views:workbench.scm in workbench.view.scm
2024-08-31 17:24:39.826 [info] Added views:workbench.view.search in workbench.view.search
2024-08-31 17:24:39.826 [info] Added views:timeline in workbench.view.explorer
2024-08-31 17:24:39.826 [info] Added views:workbench.explorer.fileView in workbench.view.explorer
2024-08-31 17:24:41.463 [info] Added views:workbench.debug.variablesView,workbench.debug.watchExpressionsView,workbench.debug.callStackView,workbench.debug.breakPointsView in workbench.view.debug
2024-08-31 17:24:41.541 [info] Added views:workbench.panel.repl.view in workbench.panel.repl
2024-08-31 17:24:41.544 [info] Removed views:workbench.debug.breakPointsView,workbench.debug.callStackView,workbench.debug.watchExpressionsView,workbench.debug.variablesView from workbench.view.debug
2024-08-31 17:24:41.551 [info] Added views:workbench.debug.welcome in workbench.view.debug
2024-08-31 17:24:42.335 [info] Added views:~remote.forwardedPorts in ~remote.forwardedPortsContainer
